[2025-02-19T16:31:27.185+0000] {local_task_job_runner.py:123} INFO - ::group::Pre task execution logs
[2025-02-19T16:31:27.197+0000] {taskinstance.py:2614} INFO - Dependencies all met for dep_context=non-requeueable deps ti=<TaskInstance: covid_dag.import_file manual__2025-02-19T16:31:24.096045+00:00 [queued]>
[2025-02-19T16:31:27.203+0000] {taskinstance.py:2614} INFO - Dependencies all met for dep_context=requeueable deps ti=<TaskInstance: covid_dag.import_file manual__2025-02-19T16:31:24.096045+00:00 [queued]>
[2025-02-19T16:31:27.203+0000] {taskinstance.py:2867} INFO - Starting attempt 1 of 1
[2025-02-19T16:31:27.214+0000] {taskinstance.py:2890} INFO - Executing <Task(PythonOperator): import_file> on 2025-02-19 16:31:24.096045+00:00
[2025-02-19T16:31:27.221+0000] {warnings.py:112} WARNING - /home/***/.local/lib/python3.12/site-packages/***/task/task_runner/standard_task_runner.py:70: DeprecationWarning: This process (pid=75) is multi-threaded, use of fork() may lead to deadlocks in the child.
  pid = os.fork()

[2025-02-19T16:31:27.223+0000] {standard_task_runner.py:72} INFO - Started process 79 to run task
[2025-02-19T16:31:27.222+0000] {standard_task_runner.py:104} INFO - Running: ['***', 'tasks', 'run', 'covid_dag', 'import_file', 'manual__2025-02-19T16:31:24.096045+00:00', '--job-id', '37', '--raw', '--subdir', 'DAGS_FOLDER/covid_dag.py', '--cfg-path', '/tmp/tmpoti0xwut']
[2025-02-19T16:31:27.224+0000] {standard_task_runner.py:105} INFO - Job 37: Subtask import_file
[2025-02-19T16:31:27.261+0000] {task_command.py:467} INFO - Running <TaskInstance: covid_dag.import_file manual__2025-02-19T16:31:24.096045+00:00 [running]> on host d85c5b720775
[2025-02-19T16:31:27.324+0000] {taskinstance.py:3134} INFO - Exporting env vars: AIRFLOW_CTX_DAG_OWNER='***' AIRFLOW_CTX_DAG_ID='covid_dag' AIRFLOW_CTX_TASK_ID='import_file' AIRFLOW_CTX_EXECUTION_DATE='2025-02-19T16:31:24.096045+00:00' AIRFLOW_CTX_TRY_NUMBER='1' AIRFLOW_CTX_DAG_RUN_ID='manual__2025-02-19T16:31:24.096045+00:00'
[2025-02-19T16:31:27.325+0000] {taskinstance.py:732} INFO - ::endgroup::
[2025-02-19T16:31:28.003+0000] {warnings.py:112} WARNING - /opt/***/dags/covid_dag.py:11: DtypeWarning: Columns (0) have mixed types. Specify dtype option on import or set low_memory=False.
  df = pd.read_csv("https://www.data.gouv.fr/fr/datasets/r/5c4e1452-3850-4b59-b11c-3dd51d7fb8b5")

[2025-02-19T16:31:30.704+0000] {python.py:240} INFO - Done. Returned value was: None
[2025-02-19T16:31:30.712+0000] {taskinstance.py:341} INFO - ::group::Post task execution logs
[2025-02-19T16:31:30.712+0000] {taskinstance.py:353} INFO - Marking task as SUCCESS. dag_id=covid_dag, task_id=import_file, run_id=manual__2025-02-19T16:31:24.096045+00:00, execution_date=20250219T163124, start_date=20250219T163127, end_date=20250219T163130
[2025-02-19T16:31:30.767+0000] {local_task_job_runner.py:266} INFO - Task exited with return code 0
[2025-02-19T16:31:30.786+0000] {taskinstance.py:3901} INFO - 1 downstream tasks scheduled from follow-on schedule check
[2025-02-19T16:31:30.789+0000] {local_task_job_runner.py:245} INFO - ::endgroup::
