[2025-02-19T16:25:24.006+0000] {local_task_job_runner.py:123} INFO - ::group::Pre task execution logs
[2025-02-19T16:25:24.023+0000] {taskinstance.py:2614} INFO - Dependencies all met for dep_context=non-requeueable deps ti=<TaskInstance: covid_dag.transform_file manual__2025-02-19T16:25:16.700201+00:00 [queued]>
[2025-02-19T16:25:24.030+0000] {taskinstance.py:2614} INFO - Dependencies all met for dep_context=requeueable deps ti=<TaskInstance: covid_dag.transform_file manual__2025-02-19T16:25:16.700201+00:00 [queued]>
[2025-02-19T16:25:24.030+0000] {taskinstance.py:2867} INFO - Starting attempt 1 of 1
[2025-02-19T16:25:24.042+0000] {taskinstance.py:2890} INFO - Executing <Task(PythonOperator): transform_file> on 2025-02-19 16:25:16.700201+00:00
[2025-02-19T16:25:24.051+0000] {warnings.py:112} WARNING - /home/***/.local/lib/python3.12/site-packages/***/task/task_runner/standard_task_runner.py:70: DeprecationWarning: This process (pid=1305) is multi-threaded, use of fork() may lead to deadlocks in the child.
  pid = os.fork()

[2025-02-19T16:25:24.052+0000] {standard_task_runner.py:72} INFO - Started process 1307 to run task
[2025-02-19T16:25:24.052+0000] {standard_task_runner.py:104} INFO - Running: ['***', 'tasks', 'run', 'covid_dag', 'transform_file', 'manual__2025-02-19T16:25:16.700201+00:00', '--job-id', '32', '--raw', '--subdir', 'DAGS_FOLDER/covid_dag.py', '--cfg-path', '/tmp/tmpp1_7dars']
[2025-02-19T16:25:24.054+0000] {standard_task_runner.py:105} INFO - Job 32: Subtask transform_file
[2025-02-19T16:25:24.089+0000] {task_command.py:467} INFO - Running <TaskInstance: covid_dag.transform_file manual__2025-02-19T16:25:16.700201+00:00 [running]> on host 539a2c5d6322
[2025-02-19T16:25:24.158+0000] {taskinstance.py:3134} INFO - Exporting env vars: AIRFLOW_CTX_DAG_OWNER='***' AIRFLOW_CTX_DAG_ID='covid_dag' AIRFLOW_CTX_TASK_ID='transform_file' AIRFLOW_CTX_EXECUTION_DATE='2025-02-19T16:25:16.700201+00:00' AIRFLOW_CTX_TRY_NUMBER='1' AIRFLOW_CTX_DAG_RUN_ID='manual__2025-02-19T16:25:16.700201+00:00'
[2025-02-19T16:25:24.159+0000] {taskinstance.py:732} INFO - ::endgroup::
[2025-02-19T16:25:26.333+0000] {covid_dag.py:22} INFO - Data saved in hospitalisation.csv 🥳
[2025-02-19T16:25:26.803+0000] {python.py:240} INFO - Done. Returned value was: None
[2025-02-19T16:25:26.812+0000] {taskinstance.py:341} INFO - ::group::Post task execution logs
[2025-02-19T16:25:26.812+0000] {taskinstance.py:353} INFO - Marking task as SUCCESS. dag_id=covid_dag, task_id=transform_file, run_id=manual__2025-02-19T16:25:16.700201+00:00, execution_date=20250219T162516, start_date=20250219T162524, end_date=20250219T162526
[2025-02-19T16:25:26.874+0000] {local_task_job_runner.py:266} INFO - Task exited with return code 0
[2025-02-19T16:25:26.887+0000] {taskinstance.py:3901} INFO - 0 downstream tasks scheduled from follow-on schedule check
[2025-02-19T16:25:26.890+0000] {local_task_job_runner.py:245} INFO - ::endgroup::
