[2025-02-19T16:25:18.412+0000] {local_task_job_runner.py:123} INFO - ::group::Pre task execution logs
[2025-02-19T16:25:18.424+0000] {taskinstance.py:2614} INFO - Dependencies all met for dep_context=non-requeueable deps ti=<TaskInstance: covid_dag.import_file manual__2025-02-19T16:25:16.700201+00:00 [queued]>
[2025-02-19T16:25:18.430+0000] {taskinstance.py:2614} INFO - Dependencies all met for dep_context=requeueable deps ti=<TaskInstance: covid_dag.import_file manual__2025-02-19T16:25:16.700201+00:00 [queued]>
[2025-02-19T16:25:18.431+0000] {taskinstance.py:2867} INFO - Starting attempt 1 of 1
[2025-02-19T16:25:18.442+0000] {taskinstance.py:2890} INFO - Executing <Task(PythonOperator): import_file> on 2025-02-19 16:25:16.700201+00:00
[2025-02-19T16:25:18.450+0000] {warnings.py:112} WARNING - /home/***/.local/lib/python3.12/site-packages/***/task/task_runner/standard_task_runner.py:70: DeprecationWarning: This process (pid=1294) is multi-threaded, use of fork() may lead to deadlocks in the child.
  pid = os.fork()

[2025-02-19T16:25:18.451+0000] {standard_task_runner.py:72} INFO - Started process 1296 to run task
[2025-02-19T16:25:18.451+0000] {standard_task_runner.py:104} INFO - Running: ['***', 'tasks', 'run', 'covid_dag', 'import_file', 'manual__2025-02-19T16:25:16.700201+00:00', '--job-id', '31', '--raw', '--subdir', 'DAGS_FOLDER/covid_dag.py', '--cfg-path', '/tmp/tmp_wg1s64n']
[2025-02-19T16:25:18.453+0000] {standard_task_runner.py:105} INFO - Job 31: Subtask import_file
[2025-02-19T16:25:18.488+0000] {task_command.py:467} INFO - Running <TaskInstance: covid_dag.import_file manual__2025-02-19T16:25:16.700201+00:00 [running]> on host 539a2c5d6322
[2025-02-19T16:25:18.552+0000] {taskinstance.py:3134} INFO - Exporting env vars: AIRFLOW_CTX_DAG_OWNER='***' AIRFLOW_CTX_DAG_ID='covid_dag' AIRFLOW_CTX_TASK_ID='import_file' AIRFLOW_CTX_EXECUTION_DATE='2025-02-19T16:25:16.700201+00:00' AIRFLOW_CTX_TRY_NUMBER='1' AIRFLOW_CTX_DAG_RUN_ID='manual__2025-02-19T16:25:16.700201+00:00'
[2025-02-19T16:25:18.553+0000] {taskinstance.py:732} INFO - ::endgroup::
[2025-02-19T16:25:19.221+0000] {warnings.py:112} WARNING - /opt/***/dags/covid_dag.py:10: DtypeWarning: Columns (0) have mixed types. Specify dtype option on import or set low_memory=False.
  df = pd.read_csv("https://www.data.gouv.fr/fr/datasets/r/5c4e1452-3850-4b59-b11c-3dd51d7fb8b5")

[2025-02-19T16:25:21.999+0000] {python.py:240} INFO - Done. Returned value was: None
[2025-02-19T16:25:22.008+0000] {taskinstance.py:341} INFO - ::group::Post task execution logs
[2025-02-19T16:25:22.009+0000] {taskinstance.py:353} INFO - Marking task as SUCCESS. dag_id=covid_dag, task_id=import_file, run_id=manual__2025-02-19T16:25:16.700201+00:00, execution_date=20250219T162516, start_date=20250219T162518, end_date=20250219T162522
[2025-02-19T16:25:22.075+0000] {local_task_job_runner.py:266} INFO - Task exited with return code 0
[2025-02-19T16:25:22.094+0000] {taskinstance.py:3901} INFO - 1 downstream tasks scheduled from follow-on schedule check
[2025-02-19T16:25:22.099+0000] {local_task_job_runner.py:245} INFO - ::endgroup::
