[2025-02-19T13:17:38.677+0000] {processor.py:186} INFO - Started process (PID=86) to work on /home/airflow/.local/lib/python3.12/site-packages/airflow/example_dags/example_short_circuit_decorator.py
[2025-02-19T13:17:38.678+0000] {processor.py:914} INFO - Processing file /home/airflow/.local/lib/python3.12/site-packages/airflow/example_dags/example_short_circuit_decorator.py for tasks to queue
[2025-02-19T13:17:38.679+0000] {logging_mixin.py:190} INFO - [2025-02-19T13:17:38.679+0000] {dagbag.py:588} INFO - Filling up the DagBag from /home/airflow/.local/lib/python3.12/site-packages/airflow/example_dags/example_short_circuit_decorator.py
[2025-02-19T13:17:38.687+0000] {processor.py:925} INFO - DAG(s) 'example_short_circuit_decorator' retrieved from /home/airflow/.local/lib/python3.12/site-packages/airflow/example_dags/example_short_circuit_decorator.py
[2025-02-19T13:17:38.780+0000] {logging_mixin.py:190} INFO - [2025-02-19T13:17:38.779+0000] {override.py:1912} INFO - Created Permission View: can read on DAG:example_short_circuit_decorator
[2025-02-19T13:17:38.792+0000] {logging_mixin.py:190} INFO - [2025-02-19T13:17:38.791+0000] {override.py:1912} INFO - Created Permission View: can edit on DAG:example_short_circuit_decorator
[2025-02-19T13:17:38.799+0000] {logging_mixin.py:190} INFO - [2025-02-19T13:17:38.799+0000] {override.py:1912} INFO - Created Permission View: can delete on DAG:example_short_circuit_decorator
[2025-02-19T13:17:38.808+0000] {logging_mixin.py:190} INFO - [2025-02-19T13:17:38.808+0000] {override.py:1912} INFO - Created Permission View: can read on DAG Run:example_short_circuit_decorator
[2025-02-19T13:17:38.817+0000] {logging_mixin.py:190} INFO - [2025-02-19T13:17:38.816+0000] {override.py:1912} INFO - Created Permission View: can create on DAG Run:example_short_circuit_decorator
[2025-02-19T13:17:38.826+0000] {logging_mixin.py:190} INFO - [2025-02-19T13:17:38.825+0000] {override.py:1912} INFO - Created Permission View: menu access on DAG Run:example_short_circuit_decorator
[2025-02-19T13:17:38.834+0000] {logging_mixin.py:190} INFO - [2025-02-19T13:17:38.834+0000] {override.py:1912} INFO - Created Permission View: can delete on DAG Run:example_short_circuit_decorator
[2025-02-19T13:17:38.835+0000] {logging_mixin.py:190} INFO - [2025-02-19T13:17:38.834+0000] {dag.py:3239} INFO - Sync 1 DAGs
[2025-02-19T13:17:38.849+0000] {logging_mixin.py:190} INFO - [2025-02-19T13:17:38.848+0000] {dag.py:3262} INFO - Creating ORM DAG for example_short_circuit_decorator
[2025-02-19T13:17:38.849+0000] {logging_mixin.py:190} INFO - [2025-02-19T13:17:38.849+0000] {dag.py:4180} INFO - Setting next_dagrun for example_short_circuit_decorator to None, run_after=None
[2025-02-19T13:17:38.870+0000] {processor.py:208} INFO - Processing /home/airflow/.local/lib/python3.12/site-packages/airflow/example_dags/example_short_circuit_decorator.py took 0.197 seconds
[2025-02-19T13:18:09.742+0000] {processor.py:186} INFO - Started process (PID=149) to work on /home/airflow/.local/lib/python3.12/site-packages/airflow/example_dags/example_short_circuit_decorator.py
[2025-02-19T13:18:09.743+0000] {processor.py:914} INFO - Processing file /home/airflow/.local/lib/python3.12/site-packages/airflow/example_dags/example_short_circuit_decorator.py for tasks to queue
[2025-02-19T13:18:09.745+0000] {logging_mixin.py:190} INFO - [2025-02-19T13:18:09.744+0000] {dagbag.py:588} INFO - Filling up the DagBag from /home/airflow/.local/lib/python3.12/site-packages/airflow/example_dags/example_short_circuit_decorator.py
[2025-02-19T13:18:09.751+0000] {processor.py:925} INFO - DAG(s) 'example_short_circuit_decorator' retrieved from /home/airflow/.local/lib/python3.12/site-packages/airflow/example_dags/example_short_circuit_decorator.py
[2025-02-19T13:18:09.769+0000] {logging_mixin.py:190} INFO - [2025-02-19T13:18:09.769+0000] {dag.py:3239} INFO - Sync 1 DAGs
[2025-02-19T13:18:09.780+0000] {logging_mixin.py:190} INFO - [2025-02-19T13:18:09.779+0000] {dag.py:4180} INFO - Setting next_dagrun for example_short_circuit_decorator to None, run_after=None
[2025-02-19T13:18:09.795+0000] {processor.py:208} INFO - Processing /home/airflow/.local/lib/python3.12/site-packages/airflow/example_dags/example_short_circuit_decorator.py took 0.057 seconds
