[2025-02-19T13:17:41.400+0000] {processor.py:186} INFO - Started process (PID=105) to work on /home/airflow/.local/lib/python3.12/site-packages/airflow/example_dags/example_params_trigger_ui.py
[2025-02-19T13:17:41.401+0000] {processor.py:914} INFO - Processing file /home/airflow/.local/lib/python3.12/site-packages/airflow/example_dags/example_params_trigger_ui.py for tasks to queue
[2025-02-19T13:17:41.402+0000] {logging_mixin.py:190} INFO - [2025-02-19T13:17:41.402+0000] {dagbag.py:588} INFO - Filling up the DagBag from /home/airflow/.local/lib/python3.12/site-packages/airflow/example_dags/example_params_trigger_ui.py
[2025-02-19T13:17:41.414+0000] {processor.py:925} INFO - DAG(s) 'example_params_trigger_ui' retrieved from /home/airflow/.local/lib/python3.12/site-packages/airflow/example_dags/example_params_trigger_ui.py
[2025-02-19T13:17:41.522+0000] {logging_mixin.py:190} INFO - [2025-02-19T13:17:41.521+0000] {override.py:1912} INFO - Created Permission View: can read on DAG:example_params_trigger_ui
[2025-02-19T13:17:41.530+0000] {logging_mixin.py:190} INFO - [2025-02-19T13:17:41.530+0000] {override.py:1912} INFO - Created Permission View: can edit on DAG:example_params_trigger_ui
[2025-02-19T13:17:41.536+0000] {logging_mixin.py:190} INFO - [2025-02-19T13:17:41.536+0000] {override.py:1912} INFO - Created Permission View: can delete on DAG:example_params_trigger_ui
[2025-02-19T13:17:41.544+0000] {logging_mixin.py:190} INFO - [2025-02-19T13:17:41.544+0000] {override.py:1912} INFO - Created Permission View: can read on DAG Run:example_params_trigger_ui
[2025-02-19T13:17:41.550+0000] {logging_mixin.py:190} INFO - [2025-02-19T13:17:41.550+0000] {override.py:1912} INFO - Created Permission View: can create on DAG Run:example_params_trigger_ui
[2025-02-19T13:17:41.556+0000] {logging_mixin.py:190} INFO - [2025-02-19T13:17:41.556+0000] {override.py:1912} INFO - Created Permission View: menu access on DAG Run:example_params_trigger_ui
[2025-02-19T13:17:41.563+0000] {logging_mixin.py:190} INFO - [2025-02-19T13:17:41.563+0000] {override.py:1912} INFO - Created Permission View: can delete on DAG Run:example_params_trigger_ui
[2025-02-19T13:17:41.564+0000] {logging_mixin.py:190} INFO - [2025-02-19T13:17:41.564+0000] {dag.py:3239} INFO - Sync 1 DAGs
[2025-02-19T13:17:41.573+0000] {logging_mixin.py:190} INFO - [2025-02-19T13:17:41.573+0000] {dag.py:3262} INFO - Creating ORM DAG for example_params_trigger_ui
[2025-02-19T13:17:41.574+0000] {logging_mixin.py:190} INFO - [2025-02-19T13:17:41.574+0000] {dag.py:4180} INFO - Setting next_dagrun for example_params_trigger_ui to None, run_after=None
[2025-02-19T13:17:41.588+0000] {processor.py:208} INFO - Processing /home/airflow/.local/lib/python3.12/site-packages/airflow/example_dags/example_params_trigger_ui.py took 0.192 seconds
[2025-02-19T13:18:12.449+0000] {processor.py:186} INFO - Started process (PID=168) to work on /home/airflow/.local/lib/python3.12/site-packages/airflow/example_dags/example_params_trigger_ui.py
[2025-02-19T13:18:12.450+0000] {processor.py:914} INFO - Processing file /home/airflow/.local/lib/python3.12/site-packages/airflow/example_dags/example_params_trigger_ui.py for tasks to queue
[2025-02-19T13:18:12.451+0000] {logging_mixin.py:190} INFO - [2025-02-19T13:18:12.451+0000] {dagbag.py:588} INFO - Filling up the DagBag from /home/airflow/.local/lib/python3.12/site-packages/airflow/example_dags/example_params_trigger_ui.py
[2025-02-19T13:18:12.459+0000] {processor.py:925} INFO - DAG(s) 'example_params_trigger_ui' retrieved from /home/airflow/.local/lib/python3.12/site-packages/airflow/example_dags/example_params_trigger_ui.py
[2025-02-19T13:18:12.493+0000] {logging_mixin.py:190} INFO - [2025-02-19T13:18:12.492+0000] {dag.py:3239} INFO - Sync 1 DAGs
[2025-02-19T13:18:12.502+0000] {logging_mixin.py:190} INFO - [2025-02-19T13:18:12.502+0000] {dag.py:4180} INFO - Setting next_dagrun for example_params_trigger_ui to None, run_after=None
[2025-02-19T13:18:12.517+0000] {processor.py:208} INFO - Processing /home/airflow/.local/lib/python3.12/site-packages/airflow/example_dags/example_params_trigger_ui.py took 0.072 seconds
