[2025-02-19T13:17:42.052+0000] {processor.py:186} INFO - Started process (PID=110) to work on /home/airflow/.local/lib/python3.12/site-packages/airflow/example_dags/example_dynamic_task_mapping_with_no_taskflow_operators.py
[2025-02-19T13:17:42.053+0000] {processor.py:914} INFO - Processing file /home/airflow/.local/lib/python3.12/site-packages/airflow/example_dags/example_dynamic_task_mapping_with_no_taskflow_operators.py for tasks to queue
[2025-02-19T13:17:42.054+0000] {logging_mixin.py:190} INFO - [2025-02-19T13:17:42.054+0000] {dagbag.py:588} INFO - Filling up the DagBag from /home/airflow/.local/lib/python3.12/site-packages/airflow/example_dags/example_dynamic_task_mapping_with_no_taskflow_operators.py
[2025-02-19T13:17:42.062+0000] {processor.py:925} INFO - DAG(s) 'example_dynamic_task_mapping_with_no_taskflow_operators' retrieved from /home/airflow/.local/lib/python3.12/site-packages/airflow/example_dags/example_dynamic_task_mapping_with_no_taskflow_operators.py
[2025-02-19T13:17:42.142+0000] {logging_mixin.py:190} INFO - [2025-02-19T13:17:42.142+0000] {override.py:1912} INFO - Created Permission View: can read on DAG:example_dynamic_task_mapping_with_no_taskflow_operators
[2025-02-19T13:17:42.151+0000] {logging_mixin.py:190} INFO - [2025-02-19T13:17:42.150+0000] {override.py:1912} INFO - Created Permission View: can edit on DAG:example_dynamic_task_mapping_with_no_taskflow_operators
[2025-02-19T13:17:42.156+0000] {logging_mixin.py:190} INFO - [2025-02-19T13:17:42.156+0000] {override.py:1912} INFO - Created Permission View: can delete on DAG:example_dynamic_task_mapping_with_no_taskflow_operators
[2025-02-19T13:17:42.165+0000] {logging_mixin.py:190} INFO - [2025-02-19T13:17:42.165+0000] {override.py:1912} INFO - Created Permission View: can read on DAG Run:example_dynamic_task_mapping_with_no_taskflow_operators
[2025-02-19T13:17:42.171+0000] {logging_mixin.py:190} INFO - [2025-02-19T13:17:42.171+0000] {override.py:1912} INFO - Created Permission View: can create on DAG Run:example_dynamic_task_mapping_with_no_taskflow_operators
[2025-02-19T13:17:42.177+0000] {logging_mixin.py:190} INFO - [2025-02-19T13:17:42.177+0000] {override.py:1912} INFO - Created Permission View: menu access on DAG Run:example_dynamic_task_mapping_with_no_taskflow_operators
[2025-02-19T13:17:42.183+0000] {logging_mixin.py:190} INFO - [2025-02-19T13:17:42.183+0000] {override.py:1912} INFO - Created Permission View: can delete on DAG Run:example_dynamic_task_mapping_with_no_taskflow_operators
[2025-02-19T13:17:42.184+0000] {logging_mixin.py:190} INFO - [2025-02-19T13:17:42.184+0000] {dag.py:3239} INFO - Sync 1 DAGs
[2025-02-19T13:17:42.193+0000] {logging_mixin.py:190} INFO - [2025-02-19T13:17:42.193+0000] {dag.py:3262} INFO - Creating ORM DAG for example_dynamic_task_mapping_with_no_taskflow_operators
[2025-02-19T13:17:42.193+0000] {logging_mixin.py:190} INFO - [2025-02-19T13:17:42.193+0000] {dag.py:4180} INFO - Setting next_dagrun for example_dynamic_task_mapping_with_no_taskflow_operators to None, run_after=None
[2025-02-19T13:17:42.205+0000] {processor.py:208} INFO - Processing /home/airflow/.local/lib/python3.12/site-packages/airflow/example_dags/example_dynamic_task_mapping_with_no_taskflow_operators.py took 0.158 seconds
[2025-02-19T13:18:12.700+0000] {processor.py:186} INFO - Started process (PID=173) to work on /home/airflow/.local/lib/python3.12/site-packages/airflow/example_dags/example_dynamic_task_mapping_with_no_taskflow_operators.py
[2025-02-19T13:18:12.701+0000] {processor.py:914} INFO - Processing file /home/airflow/.local/lib/python3.12/site-packages/airflow/example_dags/example_dynamic_task_mapping_with_no_taskflow_operators.py for tasks to queue
[2025-02-19T13:18:12.703+0000] {logging_mixin.py:190} INFO - [2025-02-19T13:18:12.702+0000] {dagbag.py:588} INFO - Filling up the DagBag from /home/airflow/.local/lib/python3.12/site-packages/airflow/example_dags/example_dynamic_task_mapping_with_no_taskflow_operators.py
[2025-02-19T13:18:12.709+0000] {processor.py:925} INFO - DAG(s) 'example_dynamic_task_mapping_with_no_taskflow_operators' retrieved from /home/airflow/.local/lib/python3.12/site-packages/airflow/example_dags/example_dynamic_task_mapping_with_no_taskflow_operators.py
[2025-02-19T13:18:12.725+0000] {logging_mixin.py:190} INFO - [2025-02-19T13:18:12.725+0000] {dag.py:3239} INFO - Sync 1 DAGs
[2025-02-19T13:18:12.736+0000] {logging_mixin.py:190} INFO - [2025-02-19T13:18:12.736+0000] {dag.py:4180} INFO - Setting next_dagrun for example_dynamic_task_mapping_with_no_taskflow_operators to None, run_after=None
[2025-02-19T13:18:12.751+0000] {processor.py:208} INFO - Processing /home/airflow/.local/lib/python3.12/site-packages/airflow/example_dags/example_dynamic_task_mapping_with_no_taskflow_operators.py took 0.056 seconds
