[2025-02-19T13:17:40.934+0000] {processor.py:186} INFO - Started process (PID=102) to work on /home/airflow/.local/lib/python3.12/site-packages/airflow/example_dags/example_xcomargs.py
[2025-02-19T13:17:40.934+0000] {processor.py:914} INFO - Processing file /home/airflow/.local/lib/python3.12/site-packages/airflow/example_dags/example_xcomargs.py for tasks to queue
[2025-02-19T13:17:40.936+0000] {logging_mixin.py:190} INFO - [2025-02-19T13:17:40.936+0000] {dagbag.py:588} INFO - Filling up the DagBag from /home/airflow/.local/lib/python3.12/site-packages/airflow/example_dags/example_xcomargs.py
[2025-02-19T13:17:40.944+0000] {processor.py:925} INFO - DAG(s) 'example_xcom_args_with_operators', 'example_xcom_args' retrieved from /home/airflow/.local/lib/python3.12/site-packages/airflow/example_dags/example_xcomargs.py
[2025-02-19T13:17:41.036+0000] {logging_mixin.py:190} INFO - [2025-02-19T13:17:41.035+0000] {override.py:1912} INFO - Created Permission View: can read on DAG:example_xcom_args_with_operators
[2025-02-19T13:17:41.044+0000] {logging_mixin.py:190} INFO - [2025-02-19T13:17:41.044+0000] {override.py:1912} INFO - Created Permission View: can edit on DAG:example_xcom_args_with_operators
[2025-02-19T13:17:41.050+0000] {logging_mixin.py:190} INFO - [2025-02-19T13:17:41.050+0000] {override.py:1912} INFO - Created Permission View: can delete on DAG:example_xcom_args_with_operators
[2025-02-19T13:17:41.059+0000] {logging_mixin.py:190} INFO - [2025-02-19T13:17:41.059+0000] {override.py:1912} INFO - Created Permission View: can read on DAG Run:example_xcom_args_with_operators
[2025-02-19T13:17:41.065+0000] {logging_mixin.py:190} INFO - [2025-02-19T13:17:41.065+0000] {override.py:1912} INFO - Created Permission View: can create on DAG Run:example_xcom_args_with_operators
[2025-02-19T13:17:41.071+0000] {logging_mixin.py:190} INFO - [2025-02-19T13:17:41.071+0000] {override.py:1912} INFO - Created Permission View: menu access on DAG Run:example_xcom_args_with_operators
[2025-02-19T13:17:41.076+0000] {logging_mixin.py:190} INFO - [2025-02-19T13:17:41.076+0000] {override.py:1912} INFO - Created Permission View: can delete on DAG Run:example_xcom_args_with_operators
[2025-02-19T13:17:41.089+0000] {logging_mixin.py:190} INFO - [2025-02-19T13:17:41.088+0000] {override.py:1912} INFO - Created Permission View: can read on DAG:example_xcom_args
[2025-02-19T13:17:41.095+0000] {logging_mixin.py:190} INFO - [2025-02-19T13:17:41.094+0000] {override.py:1912} INFO - Created Permission View: can edit on DAG:example_xcom_args
[2025-02-19T13:17:41.100+0000] {logging_mixin.py:190} INFO - [2025-02-19T13:17:41.100+0000] {override.py:1912} INFO - Created Permission View: can delete on DAG:example_xcom_args
[2025-02-19T13:17:41.108+0000] {logging_mixin.py:190} INFO - [2025-02-19T13:17:41.108+0000] {override.py:1912} INFO - Created Permission View: can read on DAG Run:example_xcom_args
[2025-02-19T13:17:41.114+0000] {logging_mixin.py:190} INFO - [2025-02-19T13:17:41.114+0000] {override.py:1912} INFO - Created Permission View: can create on DAG Run:example_xcom_args
[2025-02-19T13:17:41.120+0000] {logging_mixin.py:190} INFO - [2025-02-19T13:17:41.120+0000] {override.py:1912} INFO - Created Permission View: menu access on DAG Run:example_xcom_args
[2025-02-19T13:17:41.126+0000] {logging_mixin.py:190} INFO - [2025-02-19T13:17:41.126+0000] {override.py:1912} INFO - Created Permission View: can delete on DAG Run:example_xcom_args
[2025-02-19T13:17:41.126+0000] {logging_mixin.py:190} INFO - [2025-02-19T13:17:41.126+0000] {dag.py:3239} INFO - Sync 2 DAGs
[2025-02-19T13:17:41.136+0000] {logging_mixin.py:190} INFO - [2025-02-19T13:17:41.135+0000] {dag.py:3262} INFO - Creating ORM DAG for example_xcom_args
[2025-02-19T13:17:41.136+0000] {logging_mixin.py:190} INFO - [2025-02-19T13:17:41.136+0000] {dag.py:3262} INFO - Creating ORM DAG for example_xcom_args_with_operators
[2025-02-19T13:17:41.137+0000] {logging_mixin.py:190} INFO - [2025-02-19T13:17:41.137+0000] {dag.py:4180} INFO - Setting next_dagrun for example_xcom_args to None, run_after=None
[2025-02-19T13:17:41.137+0000] {logging_mixin.py:190} INFO - [2025-02-19T13:17:41.137+0000] {dag.py:4180} INFO - Setting next_dagrun for example_xcom_args_with_operators to None, run_after=None
[2025-02-19T13:17:41.150+0000] {processor.py:208} INFO - Processing /home/airflow/.local/lib/python3.12/site-packages/airflow/example_dags/example_xcomargs.py took 0.221 seconds
[2025-02-19T13:18:12.273+0000] {processor.py:186} INFO - Started process (PID=165) to work on /home/airflow/.local/lib/python3.12/site-packages/airflow/example_dags/example_xcomargs.py
[2025-02-19T13:18:12.274+0000] {processor.py:914} INFO - Processing file /home/airflow/.local/lib/python3.12/site-packages/airflow/example_dags/example_xcomargs.py for tasks to queue
[2025-02-19T13:18:12.275+0000] {logging_mixin.py:190} INFO - [2025-02-19T13:18:12.275+0000] {dagbag.py:588} INFO - Filling up the DagBag from /home/airflow/.local/lib/python3.12/site-packages/airflow/example_dags/example_xcomargs.py
[2025-02-19T13:18:12.283+0000] {processor.py:925} INFO - DAG(s) 'example_xcom_args_with_operators', 'example_xcom_args' retrieved from /home/airflow/.local/lib/python3.12/site-packages/airflow/example_dags/example_xcomargs.py
[2025-02-19T13:18:12.299+0000] {logging_mixin.py:190} INFO - [2025-02-19T13:18:12.299+0000] {dag.py:3239} INFO - Sync 2 DAGs
[2025-02-19T13:18:12.310+0000] {logging_mixin.py:190} INFO - [2025-02-19T13:18:12.310+0000] {dag.py:4180} INFO - Setting next_dagrun for example_xcom_args to None, run_after=None
[2025-02-19T13:18:12.313+0000] {logging_mixin.py:190} INFO - [2025-02-19T13:18:12.313+0000] {dag.py:4180} INFO - Setting next_dagrun for example_xcom_args_with_operators to None, run_after=None
[2025-02-19T13:18:12.326+0000] {processor.py:208} INFO - Processing /home/airflow/.local/lib/python3.12/site-packages/airflow/example_dags/example_xcomargs.py took 0.057 seconds
