[2025-02-19T13:17:38.052+0000] {processor.py:186} INFO - Started process (PID=82) to work on /home/airflow/.local/lib/python3.12/site-packages/airflow/example_dags/example_setup_teardown_taskflow.py
[2025-02-19T13:17:38.052+0000] {processor.py:914} INFO - Processing file /home/airflow/.local/lib/python3.12/site-packages/airflow/example_dags/example_setup_teardown_taskflow.py for tasks to queue
[2025-02-19T13:17:38.054+0000] {logging_mixin.py:190} INFO - [2025-02-19T13:17:38.054+0000] {dagbag.py:588} INFO - Filling up the DagBag from /home/airflow/.local/lib/python3.12/site-packages/airflow/example_dags/example_setup_teardown_taskflow.py
[2025-02-19T13:17:38.062+0000] {processor.py:925} INFO - DAG(s) 'example_setup_teardown_taskflow' retrieved from /home/airflow/.local/lib/python3.12/site-packages/airflow/example_dags/example_setup_teardown_taskflow.py
[2025-02-19T13:17:38.148+0000] {logging_mixin.py:190} INFO - [2025-02-19T13:17:38.147+0000] {override.py:1912} INFO - Created Permission View: can read on DAG:example_setup_teardown_taskflow
[2025-02-19T13:17:38.156+0000] {logging_mixin.py:190} INFO - [2025-02-19T13:17:38.156+0000] {override.py:1912} INFO - Created Permission View: can edit on DAG:example_setup_teardown_taskflow
[2025-02-19T13:17:38.163+0000] {logging_mixin.py:190} INFO - [2025-02-19T13:17:38.162+0000] {override.py:1912} INFO - Created Permission View: can delete on DAG:example_setup_teardown_taskflow
[2025-02-19T13:17:38.171+0000] {logging_mixin.py:190} INFO - [2025-02-19T13:17:38.171+0000] {override.py:1912} INFO - Created Permission View: can read on DAG Run:example_setup_teardown_taskflow
[2025-02-19T13:17:38.177+0000] {logging_mixin.py:190} INFO - [2025-02-19T13:17:38.177+0000] {override.py:1912} INFO - Created Permission View: can create on DAG Run:example_setup_teardown_taskflow
[2025-02-19T13:17:38.184+0000] {logging_mixin.py:190} INFO - [2025-02-19T13:17:38.184+0000] {override.py:1912} INFO - Created Permission View: menu access on DAG Run:example_setup_teardown_taskflow
[2025-02-19T13:17:38.192+0000] {logging_mixin.py:190} INFO - [2025-02-19T13:17:38.191+0000] {override.py:1912} INFO - Created Permission View: can delete on DAG Run:example_setup_teardown_taskflow
[2025-02-19T13:17:38.193+0000] {logging_mixin.py:190} INFO - [2025-02-19T13:17:38.193+0000] {dag.py:3239} INFO - Sync 1 DAGs
[2025-02-19T13:17:38.211+0000] {logging_mixin.py:190} INFO - [2025-02-19T13:17:38.211+0000] {dag.py:3262} INFO - Creating ORM DAG for example_setup_teardown_taskflow
[2025-02-19T13:17:38.212+0000] {logging_mixin.py:190} INFO - [2025-02-19T13:17:38.212+0000] {dag.py:4180} INFO - Setting next_dagrun for example_setup_teardown_taskflow to None, run_after=None
[2025-02-19T13:17:38.230+0000] {processor.py:208} INFO - Processing /home/airflow/.local/lib/python3.12/site-packages/airflow/example_dags/example_setup_teardown_taskflow.py took 0.182 seconds
[2025-02-19T13:18:08.488+0000] {processor.py:186} INFO - Started process (PID=144) to work on /home/airflow/.local/lib/python3.12/site-packages/airflow/example_dags/example_setup_teardown_taskflow.py
[2025-02-19T13:18:08.489+0000] {processor.py:914} INFO - Processing file /home/airflow/.local/lib/python3.12/site-packages/airflow/example_dags/example_setup_teardown_taskflow.py for tasks to queue
[2025-02-19T13:18:08.490+0000] {logging_mixin.py:190} INFO - [2025-02-19T13:18:08.490+0000] {dagbag.py:588} INFO - Filling up the DagBag from /home/airflow/.local/lib/python3.12/site-packages/airflow/example_dags/example_setup_teardown_taskflow.py
[2025-02-19T13:18:08.498+0000] {processor.py:925} INFO - DAG(s) 'example_setup_teardown_taskflow' retrieved from /home/airflow/.local/lib/python3.12/site-packages/airflow/example_dags/example_setup_teardown_taskflow.py
[2025-02-19T13:18:08.513+0000] {logging_mixin.py:190} INFO - [2025-02-19T13:18:08.513+0000] {dag.py:3239} INFO - Sync 1 DAGs
[2025-02-19T13:18:08.524+0000] {logging_mixin.py:190} INFO - [2025-02-19T13:18:08.524+0000] {dag.py:4180} INFO - Setting next_dagrun for example_setup_teardown_taskflow to None, run_after=None
[2025-02-19T13:18:08.539+0000] {processor.py:208} INFO - Processing /home/airflow/.local/lib/python3.12/site-packages/airflow/example_dags/example_setup_teardown_taskflow.py took 0.055 seconds
