[2025-02-19T13:17:39.464+0000] {processor.py:186} INFO - Started process (PID=93) to work on /home/airflow/.local/lib/python3.12/site-packages/airflow/example_dags/example_display_name.py
[2025-02-19T13:17:39.465+0000] {processor.py:914} INFO - Processing file /home/airflow/.local/lib/python3.12/site-packages/airflow/example_dags/example_display_name.py for tasks to queue
[2025-02-19T13:17:39.467+0000] {logging_mixin.py:190} INFO - [2025-02-19T13:17:39.467+0000] {dagbag.py:588} INFO - Filling up the DagBag from /home/airflow/.local/lib/python3.12/site-packages/airflow/example_dags/example_display_name.py
[2025-02-19T13:17:39.473+0000] {processor.py:925} INFO - DAG(s) 'example_display_name' retrieved from /home/airflow/.local/lib/python3.12/site-packages/airflow/example_dags/example_display_name.py
[2025-02-19T13:17:39.557+0000] {logging_mixin.py:190} INFO - [2025-02-19T13:17:39.557+0000] {override.py:1912} INFO - Created Permission View: can read on DAG:example_display_name
[2025-02-19T13:17:39.566+0000] {logging_mixin.py:190} INFO - [2025-02-19T13:17:39.566+0000] {override.py:1912} INFO - Created Permission View: can edit on DAG:example_display_name
[2025-02-19T13:17:39.572+0000] {logging_mixin.py:190} INFO - [2025-02-19T13:17:39.572+0000] {override.py:1912} INFO - Created Permission View: can delete on DAG:example_display_name
[2025-02-19T13:17:39.580+0000] {logging_mixin.py:190} INFO - [2025-02-19T13:17:39.580+0000] {override.py:1912} INFO - Created Permission View: can read on DAG Run:example_display_name
[2025-02-19T13:17:39.586+0000] {logging_mixin.py:190} INFO - [2025-02-19T13:17:39.586+0000] {override.py:1912} INFO - Created Permission View: can create on DAG Run:example_display_name
[2025-02-19T13:17:39.592+0000] {logging_mixin.py:190} INFO - [2025-02-19T13:17:39.592+0000] {override.py:1912} INFO - Created Permission View: menu access on DAG Run:example_display_name
[2025-02-19T13:17:39.598+0000] {logging_mixin.py:190} INFO - [2025-02-19T13:17:39.598+0000] {override.py:1912} INFO - Created Permission View: can delete on DAG Run:example_display_name
[2025-02-19T13:17:39.598+0000] {logging_mixin.py:190} INFO - [2025-02-19T13:17:39.598+0000] {dag.py:3239} INFO - Sync 1 DAGs
[2025-02-19T13:17:39.609+0000] {logging_mixin.py:190} INFO - [2025-02-19T13:17:39.608+0000] {dag.py:3262} INFO - Creating ORM DAG for example_display_name
[2025-02-19T13:17:39.609+0000] {logging_mixin.py:190} INFO - [2025-02-19T13:17:39.609+0000] {dag.py:4180} INFO - Setting next_dagrun for example_display_name to None, run_after=None
[2025-02-19T13:17:39.622+0000] {processor.py:208} INFO - Processing /home/airflow/.local/lib/python3.12/site-packages/airflow/example_dags/example_display_name.py took 0.162 seconds
[2025-02-19T13:18:10.317+0000] {processor.py:186} INFO - Started process (PID=156) to work on /home/airflow/.local/lib/python3.12/site-packages/airflow/example_dags/example_display_name.py
[2025-02-19T13:18:10.317+0000] {processor.py:914} INFO - Processing file /home/airflow/.local/lib/python3.12/site-packages/airflow/example_dags/example_display_name.py for tasks to queue
[2025-02-19T13:18:10.320+0000] {logging_mixin.py:190} INFO - [2025-02-19T13:18:10.319+0000] {dagbag.py:588} INFO - Filling up the DagBag from /home/airflow/.local/lib/python3.12/site-packages/airflow/example_dags/example_display_name.py
[2025-02-19T13:18:10.325+0000] {processor.py:925} INFO - DAG(s) 'example_display_name' retrieved from /home/airflow/.local/lib/python3.12/site-packages/airflow/example_dags/example_display_name.py
[2025-02-19T13:18:10.340+0000] {logging_mixin.py:190} INFO - [2025-02-19T13:18:10.340+0000] {dag.py:3239} INFO - Sync 1 DAGs
[2025-02-19T13:18:10.351+0000] {logging_mixin.py:190} INFO - [2025-02-19T13:18:10.351+0000] {dag.py:4180} INFO - Setting next_dagrun for example_display_name to None, run_after=None
[2025-02-19T13:18:10.365+0000] {processor.py:208} INFO - Processing /home/airflow/.local/lib/python3.12/site-packages/airflow/example_dags/example_display_name.py took 0.053 seconds
