[2025-02-19T13:17:35.625+0000] {processor.py:186} INFO - Started process (PID=69) to work on /home/airflow/.local/lib/python3.12/site-packages/airflow/example_dags/example_outlet_event_extra.py
[2025-02-19T13:17:35.626+0000] {processor.py:914} INFO - Processing file /home/airflow/.local/lib/python3.12/site-packages/airflow/example_dags/example_outlet_event_extra.py for tasks to queue
[2025-02-19T13:17:35.628+0000] {logging_mixin.py:190} INFO - [2025-02-19T13:17:35.628+0000] {dagbag.py:588} INFO - Filling up the DagBag from /home/airflow/.local/lib/python3.12/site-packages/airflow/example_dags/example_outlet_event_extra.py
[2025-02-19T13:17:36.873+0000] {processor.py:925} INFO - DAG(s) 'dataset_with_extra_by_yield', 'dataset_with_extra_from_classic_operator', 'dataset_with_extra_by_context' retrieved from /home/airflow/.local/lib/python3.12/site-packages/airflow/example_dags/example_outlet_event_extra.py
[2025-02-19T13:17:36.956+0000] {logging_mixin.py:190} INFO - [2025-02-19T13:17:36.956+0000] {override.py:1912} INFO - Created Permission View: can read on DAG:dataset_with_extra_by_yield
[2025-02-19T13:17:36.965+0000] {logging_mixin.py:190} INFO - [2025-02-19T13:17:36.965+0000] {override.py:1912} INFO - Created Permission View: can edit on DAG:dataset_with_extra_by_yield
[2025-02-19T13:17:36.972+0000] {logging_mixin.py:190} INFO - [2025-02-19T13:17:36.971+0000] {override.py:1912} INFO - Created Permission View: can delete on DAG:dataset_with_extra_by_yield
[2025-02-19T13:17:36.981+0000] {logging_mixin.py:190} INFO - [2025-02-19T13:17:36.981+0000] {override.py:1912} INFO - Created Permission View: can read on DAG Run:dataset_with_extra_by_yield
[2025-02-19T13:17:36.987+0000] {logging_mixin.py:190} INFO - [2025-02-19T13:17:36.987+0000] {override.py:1912} INFO - Created Permission View: can create on DAG Run:dataset_with_extra_by_yield
[2025-02-19T13:17:36.994+0000] {logging_mixin.py:190} INFO - [2025-02-19T13:17:36.994+0000] {override.py:1912} INFO - Created Permission View: menu access on DAG Run:dataset_with_extra_by_yield
[2025-02-19T13:17:37.000+0000] {logging_mixin.py:190} INFO - [2025-02-19T13:17:37.000+0000] {override.py:1912} INFO - Created Permission View: can delete on DAG Run:dataset_with_extra_by_yield
[2025-02-19T13:17:37.014+0000] {logging_mixin.py:190} INFO - [2025-02-19T13:17:37.014+0000] {override.py:1912} INFO - Created Permission View: can read on DAG:dataset_with_extra_from_classic_operator
[2025-02-19T13:17:37.022+0000] {logging_mixin.py:190} INFO - [2025-02-19T13:17:37.022+0000] {override.py:1912} INFO - Created Permission View: can edit on DAG:dataset_with_extra_from_classic_operator
[2025-02-19T13:17:37.028+0000] {logging_mixin.py:190} INFO - [2025-02-19T13:17:37.028+0000] {override.py:1912} INFO - Created Permission View: can delete on DAG:dataset_with_extra_from_classic_operator
[2025-02-19T13:17:37.038+0000] {logging_mixin.py:190} INFO - [2025-02-19T13:17:37.037+0000] {override.py:1912} INFO - Created Permission View: can read on DAG Run:dataset_with_extra_from_classic_operator
[2025-02-19T13:17:37.044+0000] {logging_mixin.py:190} INFO - [2025-02-19T13:17:37.044+0000] {override.py:1912} INFO - Created Permission View: can create on DAG Run:dataset_with_extra_from_classic_operator
[2025-02-19T13:17:37.050+0000] {logging_mixin.py:190} INFO - [2025-02-19T13:17:37.050+0000] {override.py:1912} INFO - Created Permission View: menu access on DAG Run:dataset_with_extra_from_classic_operator
[2025-02-19T13:17:37.056+0000] {logging_mixin.py:190} INFO - [2025-02-19T13:17:37.056+0000] {override.py:1912} INFO - Created Permission View: can delete on DAG Run:dataset_with_extra_from_classic_operator
[2025-02-19T13:17:37.071+0000] {logging_mixin.py:190} INFO - [2025-02-19T13:17:37.070+0000] {override.py:1912} INFO - Created Permission View: can read on DAG:dataset_with_extra_by_context
[2025-02-19T13:17:37.077+0000] {logging_mixin.py:190} INFO - [2025-02-19T13:17:37.077+0000] {override.py:1912} INFO - Created Permission View: can edit on DAG:dataset_with_extra_by_context
[2025-02-19T13:17:37.083+0000] {logging_mixin.py:190} INFO - [2025-02-19T13:17:37.083+0000] {override.py:1912} INFO - Created Permission View: can delete on DAG:dataset_with_extra_by_context
[2025-02-19T13:17:37.093+0000] {logging_mixin.py:190} INFO - [2025-02-19T13:17:37.092+0000] {override.py:1912} INFO - Created Permission View: can read on DAG Run:dataset_with_extra_by_context
[2025-02-19T13:17:37.099+0000] {logging_mixin.py:190} INFO - [2025-02-19T13:17:37.099+0000] {override.py:1912} INFO - Created Permission View: can create on DAG Run:dataset_with_extra_by_context
[2025-02-19T13:17:37.105+0000] {logging_mixin.py:190} INFO - [2025-02-19T13:17:37.105+0000] {override.py:1912} INFO - Created Permission View: menu access on DAG Run:dataset_with_extra_by_context
[2025-02-19T13:17:37.111+0000] {logging_mixin.py:190} INFO - [2025-02-19T13:17:37.111+0000] {override.py:1912} INFO - Created Permission View: can delete on DAG Run:dataset_with_extra_by_context
[2025-02-19T13:17:37.112+0000] {logging_mixin.py:190} INFO - [2025-02-19T13:17:37.112+0000] {dag.py:3239} INFO - Sync 3 DAGs
[2025-02-19T13:17:37.123+0000] {logging_mixin.py:190} INFO - [2025-02-19T13:17:37.122+0000] {dag.py:3262} INFO - Creating ORM DAG for dataset_with_extra_from_classic_operator
[2025-02-19T13:17:37.123+0000] {logging_mixin.py:190} INFO - [2025-02-19T13:17:37.123+0000] {dag.py:3262} INFO - Creating ORM DAG for dataset_with_extra_by_context
[2025-02-19T13:17:37.124+0000] {logging_mixin.py:190} INFO - [2025-02-19T13:17:37.124+0000] {dag.py:3262} INFO - Creating ORM DAG for dataset_with_extra_by_yield
[2025-02-19T13:17:37.132+0000] {logging_mixin.py:190} INFO - [2025-02-19T13:17:37.132+0000] {dag.py:4180} INFO - Setting next_dagrun for dataset_with_extra_by_context to 2025-02-18 00:00:00+00:00, run_after=2025-02-19 00:00:00+00:00
[2025-02-19T13:17:37.134+0000] {logging_mixin.py:190} INFO - [2025-02-19T13:17:37.134+0000] {dag.py:4180} INFO - Setting next_dagrun for dataset_with_extra_by_yield to 2025-02-18 00:00:00+00:00, run_after=2025-02-19 00:00:00+00:00
[2025-02-19T13:17:37.135+0000] {logging_mixin.py:190} INFO - [2025-02-19T13:17:37.135+0000] {dag.py:4180} INFO - Setting next_dagrun for dataset_with_extra_from_classic_operator to 2025-02-18 00:00:00+00:00, run_after=2025-02-19 00:00:00+00:00
[2025-02-19T13:17:37.154+0000] {processor.py:208} INFO - Processing /home/airflow/.local/lib/python3.12/site-packages/airflow/example_dags/example_outlet_event_extra.py took 1.534 seconds
[2025-02-19T13:18:07.729+0000] {processor.py:186} INFO - Started process (PID=138) to work on /home/airflow/.local/lib/python3.12/site-packages/airflow/example_dags/example_outlet_event_extra.py
[2025-02-19T13:18:07.730+0000] {processor.py:914} INFO - Processing file /home/airflow/.local/lib/python3.12/site-packages/airflow/example_dags/example_outlet_event_extra.py for tasks to queue
[2025-02-19T13:18:07.731+0000] {logging_mixin.py:190} INFO - [2025-02-19T13:18:07.731+0000] {dagbag.py:588} INFO - Filling up the DagBag from /home/airflow/.local/lib/python3.12/site-packages/airflow/example_dags/example_outlet_event_extra.py
[2025-02-19T13:18:08.240+0000] {processor.py:925} INFO - DAG(s) 'dataset_with_extra_from_classic_operator', 'dataset_with_extra_by_yield', 'dataset_with_extra_by_context' retrieved from /home/airflow/.local/lib/python3.12/site-packages/airflow/example_dags/example_outlet_event_extra.py
[2025-02-19T13:18:08.259+0000] {logging_mixin.py:190} INFO - [2025-02-19T13:18:08.258+0000] {dag.py:3239} INFO - Sync 3 DAGs
[2025-02-19T13:18:08.276+0000] {logging_mixin.py:190} INFO - [2025-02-19T13:18:08.276+0000] {dag.py:4180} INFO - Setting next_dagrun for dataset_with_extra_by_context to 2025-02-18 00:00:00+00:00, run_after=2025-02-19 00:00:00+00:00
[2025-02-19T13:18:08.280+0000] {logging_mixin.py:190} INFO - [2025-02-19T13:18:08.280+0000] {dag.py:4180} INFO - Setting next_dagrun for dataset_with_extra_by_yield to 2025-02-18 00:00:00+00:00, run_after=2025-02-19 00:00:00+00:00
[2025-02-19T13:18:08.282+0000] {logging_mixin.py:190} INFO - [2025-02-19T13:18:08.282+0000] {dag.py:4180} INFO - Setting next_dagrun for dataset_with_extra_from_classic_operator to 2025-02-18 00:00:00+00:00, run_after=2025-02-19 00:00:00+00:00
[2025-02-19T13:18:08.300+0000] {processor.py:208} INFO - Processing /home/airflow/.local/lib/python3.12/site-packages/airflow/example_dags/example_outlet_event_extra.py took 0.575 seconds
