[2025-02-19T13:17:39.650+0000] {processor.py:186} INFO - Started process (PID=95) to work on /home/airflow/.local/lib/python3.12/site-packages/airflow/example_dags/example_bash_operator.py
[2025-02-19T13:17:39.651+0000] {processor.py:914} INFO - Processing file /home/airflow/.local/lib/python3.12/site-packages/airflow/example_dags/example_bash_operator.py for tasks to queue
[2025-02-19T13:17:39.652+0000] {logging_mixin.py:190} INFO - [2025-02-19T13:17:39.652+0000] {dagbag.py:588} INFO - Filling up the DagBag from /home/airflow/.local/lib/python3.12/site-packages/airflow/example_dags/example_bash_operator.py
[2025-02-19T13:17:39.663+0000] {processor.py:925} INFO - DAG(s) 'example_bash_operator' retrieved from /home/airflow/.local/lib/python3.12/site-packages/airflow/example_dags/example_bash_operator.py
[2025-02-19T13:17:39.758+0000] {logging_mixin.py:190} INFO - [2025-02-19T13:17:39.757+0000] {override.py:1912} INFO - Created Permission View: can read on DAG:example_bash_operator
[2025-02-19T13:17:39.767+0000] {logging_mixin.py:190} INFO - [2025-02-19T13:17:39.767+0000] {override.py:1912} INFO - Created Permission View: can edit on DAG:example_bash_operator
[2025-02-19T13:17:39.774+0000] {logging_mixin.py:190} INFO - [2025-02-19T13:17:39.773+0000] {override.py:1912} INFO - Created Permission View: can delete on DAG:example_bash_operator
[2025-02-19T13:17:39.783+0000] {logging_mixin.py:190} INFO - [2025-02-19T13:17:39.782+0000] {override.py:1912} INFO - Created Permission View: can read on DAG Run:example_bash_operator
[2025-02-19T13:17:39.789+0000] {logging_mixin.py:190} INFO - [2025-02-19T13:17:39.788+0000] {override.py:1912} INFO - Created Permission View: can create on DAG Run:example_bash_operator
[2025-02-19T13:17:39.794+0000] {logging_mixin.py:190} INFO - [2025-02-19T13:17:39.794+0000] {override.py:1912} INFO - Created Permission View: menu access on DAG Run:example_bash_operator
[2025-02-19T13:17:39.800+0000] {logging_mixin.py:190} INFO - [2025-02-19T13:17:39.800+0000] {override.py:1912} INFO - Created Permission View: can delete on DAG Run:example_bash_operator
[2025-02-19T13:17:39.800+0000] {logging_mixin.py:190} INFO - [2025-02-19T13:17:39.800+0000] {dag.py:3239} INFO - Sync 1 DAGs
[2025-02-19T13:17:39.809+0000] {logging_mixin.py:190} INFO - [2025-02-19T13:17:39.809+0000] {dag.py:3262} INFO - Creating ORM DAG for example_bash_operator
[2025-02-19T13:17:39.817+0000] {logging_mixin.py:190} INFO - [2025-02-19T13:17:39.817+0000] {dag.py:4180} INFO - Setting next_dagrun for example_bash_operator to 2025-02-18 00:00:00+00:00, run_after=2025-02-19 00:00:00+00:00
[2025-02-19T13:17:39.832+0000] {processor.py:208} INFO - Processing /home/airflow/.local/lib/python3.12/site-packages/airflow/example_dags/example_bash_operator.py took 0.186 seconds
[2025-02-19T13:18:10.397+0000] {processor.py:186} INFO - Started process (PID=158) to work on /home/airflow/.local/lib/python3.12/site-packages/airflow/example_dags/example_bash_operator.py
[2025-02-19T13:18:10.398+0000] {processor.py:914} INFO - Processing file /home/airflow/.local/lib/python3.12/site-packages/airflow/example_dags/example_bash_operator.py for tasks to queue
[2025-02-19T13:18:10.400+0000] {logging_mixin.py:190} INFO - [2025-02-19T13:18:10.400+0000] {dagbag.py:588} INFO - Filling up the DagBag from /home/airflow/.local/lib/python3.12/site-packages/airflow/example_dags/example_bash_operator.py
[2025-02-19T13:18:10.410+0000] {processor.py:925} INFO - DAG(s) 'example_bash_operator' retrieved from /home/airflow/.local/lib/python3.12/site-packages/airflow/example_dags/example_bash_operator.py
[2025-02-19T13:18:10.432+0000] {logging_mixin.py:190} INFO - [2025-02-19T13:18:10.432+0000] {dag.py:3239} INFO - Sync 1 DAGs
[2025-02-19T13:18:10.452+0000] {logging_mixin.py:190} INFO - [2025-02-19T13:18:10.452+0000] {dag.py:4180} INFO - Setting next_dagrun for example_bash_operator to 2025-02-18 00:00:00+00:00, run_after=2025-02-19 00:00:00+00:00
[2025-02-19T13:18:10.467+0000] {processor.py:208} INFO - Processing /home/airflow/.local/lib/python3.12/site-packages/airflow/example_dags/example_bash_operator.py took 0.074 seconds
