[2025-02-19T13:17:39.308+0000] {processor.py:186} INFO - Started process (PID=92) to work on /home/airflow/.local/lib/python3.12/site-packages/airflow/example_dags/example_skip_dag.py
[2025-02-19T13:17:39.308+0000] {processor.py:914} INFO - Processing file /home/airflow/.local/lib/python3.12/site-packages/airflow/example_dags/example_skip_dag.py for tasks to queue
[2025-02-19T13:17:39.310+0000] {logging_mixin.py:190} INFO - [2025-02-19T13:17:39.310+0000] {dagbag.py:588} INFO - Filling up the DagBag from /home/airflow/.local/lib/python3.12/site-packages/airflow/example_dags/example_skip_dag.py
[2025-02-19T13:17:39.317+0000] {processor.py:925} INFO - DAG(s) 'example_skip_dag' retrieved from /home/airflow/.local/lib/python3.12/site-packages/airflow/example_dags/example_skip_dag.py
[2025-02-19T13:17:39.403+0000] {logging_mixin.py:190} INFO - [2025-02-19T13:17:39.403+0000] {override.py:1912} INFO - Created Permission View: can read on DAG:example_skip_dag
[2025-02-19T13:17:39.411+0000] {logging_mixin.py:190} INFO - [2025-02-19T13:17:39.411+0000] {override.py:1912} INFO - Created Permission View: can edit on DAG:example_skip_dag
[2025-02-19T13:17:39.417+0000] {logging_mixin.py:190} INFO - [2025-02-19T13:17:39.417+0000] {override.py:1912} INFO - Created Permission View: can delete on DAG:example_skip_dag
[2025-02-19T13:17:39.425+0000] {logging_mixin.py:190} INFO - [2025-02-19T13:17:39.425+0000] {override.py:1912} INFO - Created Permission View: can read on DAG Run:example_skip_dag
[2025-02-19T13:17:39.434+0000] {logging_mixin.py:190} INFO - [2025-02-19T13:17:39.434+0000] {override.py:1912} INFO - Created Permission View: can create on DAG Run:example_skip_dag
[2025-02-19T13:17:39.442+0000] {logging_mixin.py:190} INFO - [2025-02-19T13:17:39.442+0000] {override.py:1912} INFO - Created Permission View: menu access on DAG Run:example_skip_dag
[2025-02-19T13:17:39.448+0000] {logging_mixin.py:190} INFO - [2025-02-19T13:17:39.448+0000] {override.py:1912} INFO - Created Permission View: can delete on DAG Run:example_skip_dag
[2025-02-19T13:17:39.449+0000] {logging_mixin.py:190} INFO - [2025-02-19T13:17:39.448+0000] {dag.py:3239} INFO - Sync 1 DAGs
[2025-02-19T13:17:39.458+0000] {logging_mixin.py:190} INFO - [2025-02-19T13:17:39.458+0000] {dag.py:3262} INFO - Creating ORM DAG for example_skip_dag
[2025-02-19T13:17:39.465+0000] {logging_mixin.py:190} INFO - [2025-02-19T13:17:39.465+0000] {dag.py:4180} INFO - Setting next_dagrun for example_skip_dag to 2025-02-18 00:00:00+00:00, run_after=2025-02-19 00:00:00+00:00
[2025-02-19T13:17:39.479+0000] {processor.py:208} INFO - Processing /home/airflow/.local/lib/python3.12/site-packages/airflow/example_dags/example_skip_dag.py took 0.175 seconds
[2025-02-19T13:18:10.231+0000] {processor.py:186} INFO - Started process (PID=155) to work on /home/airflow/.local/lib/python3.12/site-packages/airflow/example_dags/example_skip_dag.py
[2025-02-19T13:18:10.231+0000] {processor.py:914} INFO - Processing file /home/airflow/.local/lib/python3.12/site-packages/airflow/example_dags/example_skip_dag.py for tasks to queue
[2025-02-19T13:18:10.233+0000] {logging_mixin.py:190} INFO - [2025-02-19T13:18:10.233+0000] {dagbag.py:588} INFO - Filling up the DagBag from /home/airflow/.local/lib/python3.12/site-packages/airflow/example_dags/example_skip_dag.py
[2025-02-19T13:18:10.239+0000] {processor.py:925} INFO - DAG(s) 'example_skip_dag' retrieved from /home/airflow/.local/lib/python3.12/site-packages/airflow/example_dags/example_skip_dag.py
[2025-02-19T13:18:10.255+0000] {logging_mixin.py:190} INFO - [2025-02-19T13:18:10.255+0000] {dag.py:3239} INFO - Sync 1 DAGs
[2025-02-19T13:18:10.272+0000] {logging_mixin.py:190} INFO - [2025-02-19T13:18:10.272+0000] {dag.py:4180} INFO - Setting next_dagrun for example_skip_dag to 2025-02-18 00:00:00+00:00, run_after=2025-02-19 00:00:00+00:00
[2025-02-19T13:18:10.286+0000] {processor.py:208} INFO - Processing /home/airflow/.local/lib/python3.12/site-packages/airflow/example_dags/example_skip_dag.py took 0.060 seconds
