[2025-02-19T13:17:35.188+0000] {processor.py:186} INFO - Started process (PID=65) to work on /home/airflow/.local/lib/python3.12/site-packages/airflow/example_dags/example_nested_branch_dag.py
[2025-02-19T13:17:35.189+0000] {processor.py:914} INFO - Processing file /home/airflow/.local/lib/python3.12/site-packages/airflow/example_dags/example_nested_branch_dag.py for tasks to queue
[2025-02-19T13:17:35.191+0000] {logging_mixin.py:190} INFO - [2025-02-19T13:17:35.191+0000] {dagbag.py:588} INFO - Filling up the DagBag from /home/airflow/.local/lib/python3.12/site-packages/airflow/example_dags/example_nested_branch_dag.py
[2025-02-19T13:17:35.200+0000] {processor.py:925} INFO - DAG(s) 'example_nested_branch_dag' retrieved from /home/airflow/.local/lib/python3.12/site-packages/airflow/example_dags/example_nested_branch_dag.py
[2025-02-19T13:17:35.302+0000] {logging_mixin.py:190} INFO - [2025-02-19T13:17:35.301+0000] {override.py:1912} INFO - Created Permission View: can read on DAG:example_nested_branch_dag
[2025-02-19T13:17:35.311+0000] {logging_mixin.py:190} INFO - [2025-02-19T13:17:35.311+0000] {override.py:1912} INFO - Created Permission View: can edit on DAG:example_nested_branch_dag
[2025-02-19T13:17:35.317+0000] {logging_mixin.py:190} INFO - [2025-02-19T13:17:35.317+0000] {override.py:1912} INFO - Created Permission View: can delete on DAG:example_nested_branch_dag
[2025-02-19T13:17:35.326+0000] {logging_mixin.py:190} INFO - [2025-02-19T13:17:35.326+0000] {override.py:1912} INFO - Created Permission View: can read on DAG Run:example_nested_branch_dag
[2025-02-19T13:17:35.332+0000] {logging_mixin.py:190} INFO - [2025-02-19T13:17:35.332+0000] {override.py:1912} INFO - Created Permission View: can create on DAG Run:example_nested_branch_dag
[2025-02-19T13:17:35.338+0000] {logging_mixin.py:190} INFO - [2025-02-19T13:17:35.338+0000] {override.py:1912} INFO - Created Permission View: menu access on DAG Run:example_nested_branch_dag
[2025-02-19T13:17:35.344+0000] {logging_mixin.py:190} INFO - [2025-02-19T13:17:35.344+0000] {override.py:1912} INFO - Created Permission View: can delete on DAG Run:example_nested_branch_dag
[2025-02-19T13:17:35.345+0000] {logging_mixin.py:190} INFO - [2025-02-19T13:17:35.345+0000] {dag.py:3239} INFO - Sync 1 DAGs
[2025-02-19T13:17:35.356+0000] {logging_mixin.py:190} INFO - [2025-02-19T13:17:35.355+0000] {dag.py:3262} INFO - Creating ORM DAG for example_nested_branch_dag
[2025-02-19T13:17:35.366+0000] {logging_mixin.py:190} INFO - [2025-02-19T13:17:35.366+0000] {dag.py:4180} INFO - Setting next_dagrun for example_nested_branch_dag to 2025-02-18 00:00:00+00:00, run_after=2025-02-19 00:00:00+00:00
[2025-02-19T13:17:35.378+0000] {processor.py:208} INFO - Processing /home/airflow/.local/lib/python3.12/site-packages/airflow/example_dags/example_nested_branch_dag.py took 0.194 seconds
[2025-02-19T13:18:05.445+0000] {processor.py:186} INFO - Started process (PID=128) to work on /home/airflow/.local/lib/python3.12/site-packages/airflow/example_dags/example_nested_branch_dag.py
[2025-02-19T13:18:05.445+0000] {processor.py:914} INFO - Processing file /home/airflow/.local/lib/python3.12/site-packages/airflow/example_dags/example_nested_branch_dag.py for tasks to queue
[2025-02-19T13:18:05.447+0000] {logging_mixin.py:190} INFO - [2025-02-19T13:18:05.447+0000] {dagbag.py:588} INFO - Filling up the DagBag from /home/airflow/.local/lib/python3.12/site-packages/airflow/example_dags/example_nested_branch_dag.py
[2025-02-19T13:18:05.456+0000] {processor.py:925} INFO - DAG(s) 'example_nested_branch_dag' retrieved from /home/airflow/.local/lib/python3.12/site-packages/airflow/example_dags/example_nested_branch_dag.py
[2025-02-19T13:18:05.471+0000] {logging_mixin.py:190} INFO - [2025-02-19T13:18:05.471+0000] {dag.py:3239} INFO - Sync 1 DAGs
[2025-02-19T13:18:05.488+0000] {logging_mixin.py:190} INFO - [2025-02-19T13:18:05.488+0000] {dag.py:4180} INFO - Setting next_dagrun for example_nested_branch_dag to 2025-02-18 00:00:00+00:00, run_after=2025-02-19 00:00:00+00:00
[2025-02-19T13:18:05.503+0000] {processor.py:208} INFO - Processing /home/airflow/.local/lib/python3.12/site-packages/airflow/example_dags/example_nested_branch_dag.py took 0.063 seconds
