[2025-02-19T13:17:37.855+0000] {processor.py:186} INFO - Started process (PID=81) to work on /home/airflow/.local/lib/python3.12/site-packages/airflow/example_dags/example_branch_day_of_week_operator.py
[2025-02-19T13:17:37.855+0000] {processor.py:914} INFO - Processing file /home/airflow/.local/lib/python3.12/site-packages/airflow/example_dags/example_branch_day_of_week_operator.py for tasks to queue
[2025-02-19T13:17:37.857+0000] {logging_mixin.py:190} INFO - [2025-02-19T13:17:37.856+0000] {dagbag.py:588} INFO - Filling up the DagBag from /home/airflow/.local/lib/python3.12/site-packages/airflow/example_dags/example_branch_day_of_week_operator.py
[2025-02-19T13:17:37.865+0000] {processor.py:925} INFO - DAG(s) 'example_weekday_branch_operator' retrieved from /home/airflow/.local/lib/python3.12/site-packages/airflow/example_dags/example_branch_day_of_week_operator.py
[2025-02-19T13:17:37.951+0000] {logging_mixin.py:190} INFO - [2025-02-19T13:17:37.950+0000] {override.py:1912} INFO - Created Permission View: can read on DAG:example_weekday_branch_operator
[2025-02-19T13:17:37.959+0000] {logging_mixin.py:190} INFO - [2025-02-19T13:17:37.959+0000] {override.py:1912} INFO - Created Permission View: can edit on DAG:example_weekday_branch_operator
[2025-02-19T13:17:37.965+0000] {logging_mixin.py:190} INFO - [2025-02-19T13:17:37.965+0000] {override.py:1912} INFO - Created Permission View: can delete on DAG:example_weekday_branch_operator
[2025-02-19T13:17:37.973+0000] {logging_mixin.py:190} INFO - [2025-02-19T13:17:37.973+0000] {override.py:1912} INFO - Created Permission View: can read on DAG Run:example_weekday_branch_operator
[2025-02-19T13:17:37.979+0000] {logging_mixin.py:190} INFO - [2025-02-19T13:17:37.979+0000] {override.py:1912} INFO - Created Permission View: can create on DAG Run:example_weekday_branch_operator
[2025-02-19T13:17:37.985+0000] {logging_mixin.py:190} INFO - [2025-02-19T13:17:37.985+0000] {override.py:1912} INFO - Created Permission View: menu access on DAG Run:example_weekday_branch_operator
[2025-02-19T13:17:37.991+0000] {logging_mixin.py:190} INFO - [2025-02-19T13:17:37.991+0000] {override.py:1912} INFO - Created Permission View: can delete on DAG Run:example_weekday_branch_operator
[2025-02-19T13:17:37.992+0000] {logging_mixin.py:190} INFO - [2025-02-19T13:17:37.991+0000] {dag.py:3239} INFO - Sync 1 DAGs
[2025-02-19T13:17:38.002+0000] {logging_mixin.py:190} INFO - [2025-02-19T13:17:38.002+0000] {dag.py:3262} INFO - Creating ORM DAG for example_weekday_branch_operator
[2025-02-19T13:17:38.010+0000] {logging_mixin.py:190} INFO - [2025-02-19T13:17:38.010+0000] {dag.py:4180} INFO - Setting next_dagrun for example_weekday_branch_operator to 2025-02-18 00:00:00+00:00, run_after=2025-02-19 00:00:00+00:00
[2025-02-19T13:17:38.023+0000] {processor.py:208} INFO - Processing /home/airflow/.local/lib/python3.12/site-packages/airflow/example_dags/example_branch_day_of_week_operator.py took 0.173 seconds
[2025-02-19T13:18:08.449+0000] {processor.py:186} INFO - Started process (PID=143) to work on /home/airflow/.local/lib/python3.12/site-packages/airflow/example_dags/example_branch_day_of_week_operator.py
[2025-02-19T13:18:08.450+0000] {processor.py:914} INFO - Processing file /home/airflow/.local/lib/python3.12/site-packages/airflow/example_dags/example_branch_day_of_week_operator.py for tasks to queue
[2025-02-19T13:18:08.452+0000] {logging_mixin.py:190} INFO - [2025-02-19T13:18:08.451+0000] {dagbag.py:588} INFO - Filling up the DagBag from /home/airflow/.local/lib/python3.12/site-packages/airflow/example_dags/example_branch_day_of_week_operator.py
[2025-02-19T13:18:08.459+0000] {processor.py:925} INFO - DAG(s) 'example_weekday_branch_operator' retrieved from /home/airflow/.local/lib/python3.12/site-packages/airflow/example_dags/example_branch_day_of_week_operator.py
[2025-02-19T13:18:08.474+0000] {logging_mixin.py:190} INFO - [2025-02-19T13:18:08.474+0000] {dag.py:3239} INFO - Sync 1 DAGs
[2025-02-19T13:18:08.492+0000] {logging_mixin.py:190} INFO - [2025-02-19T13:18:08.492+0000] {dag.py:4180} INFO - Setting next_dagrun for example_weekday_branch_operator to 2025-02-18 00:00:00+00:00, run_after=2025-02-19 00:00:00+00:00
[2025-02-19T13:18:08.505+0000] {processor.py:208} INFO - Processing /home/airflow/.local/lib/python3.12/site-packages/airflow/example_dags/example_branch_day_of_week_operator.py took 0.061 seconds
