[2025-02-19T13:17:34.634+0000] {processor.py:186} INFO - Started process (PID=61) to work on /home/airflow/.local/lib/python3.12/site-packages/airflow/example_dags/example_task_group_decorator.py
[2025-02-19T13:17:34.635+0000] {processor.py:914} INFO - Processing file /home/airflow/.local/lib/python3.12/site-packages/airflow/example_dags/example_task_group_decorator.py for tasks to queue
[2025-02-19T13:17:34.637+0000] {logging_mixin.py:190} INFO - [2025-02-19T13:17:34.637+0000] {dagbag.py:588} INFO - Filling up the DagBag from /home/airflow/.local/lib/python3.12/site-packages/airflow/example_dags/example_task_group_decorator.py
[2025-02-19T13:17:34.654+0000] {processor.py:925} INFO - DAG(s) 'example_task_group_decorator' retrieved from /home/airflow/.local/lib/python3.12/site-packages/airflow/example_dags/example_task_group_decorator.py
[2025-02-19T13:17:34.859+0000] {logging_mixin.py:190} INFO - [2025-02-19T13:17:34.858+0000] {override.py:1912} INFO - Created Permission View: can read on DAG:example_task_group_decorator
[2025-02-19T13:17:34.869+0000] {logging_mixin.py:190} INFO - [2025-02-19T13:17:34.868+0000] {override.py:1912} INFO - Created Permission View: can edit on DAG:example_task_group_decorator
[2025-02-19T13:17:34.875+0000] {logging_mixin.py:190} INFO - [2025-02-19T13:17:34.875+0000] {override.py:1912} INFO - Created Permission View: can delete on DAG:example_task_group_decorator
[2025-02-19T13:17:34.887+0000] {logging_mixin.py:190} INFO - [2025-02-19T13:17:34.886+0000] {override.py:1912} INFO - Created Permission View: can read on DAG Run:example_task_group_decorator
[2025-02-19T13:17:34.895+0000] {logging_mixin.py:190} INFO - [2025-02-19T13:17:34.895+0000] {override.py:1912} INFO - Created Permission View: can create on DAG Run:example_task_group_decorator
[2025-02-19T13:17:34.902+0000] {logging_mixin.py:190} INFO - [2025-02-19T13:17:34.901+0000] {override.py:1912} INFO - Created Permission View: menu access on DAG Run:example_task_group_decorator
[2025-02-19T13:17:34.908+0000] {logging_mixin.py:190} INFO - [2025-02-19T13:17:34.908+0000] {override.py:1912} INFO - Created Permission View: can delete on DAG Run:example_task_group_decorator
[2025-02-19T13:17:34.909+0000] {logging_mixin.py:190} INFO - [2025-02-19T13:17:34.909+0000] {dag.py:3239} INFO - Sync 1 DAGs
[2025-02-19T13:17:34.920+0000] {logging_mixin.py:190} INFO - [2025-02-19T13:17:34.919+0000] {dag.py:3262} INFO - Creating ORM DAG for example_task_group_decorator
[2025-02-19T13:17:34.920+0000] {logging_mixin.py:190} INFO - [2025-02-19T13:17:34.920+0000] {dag.py:4180} INFO - Setting next_dagrun for example_task_group_decorator to None, run_after=None
[2025-02-19T13:17:34.937+0000] {processor.py:208} INFO - Processing /home/airflow/.local/lib/python3.12/site-packages/airflow/example_dags/example_task_group_decorator.py took 0.309 seconds
[2025-02-19T13:18:05.188+0000] {processor.py:186} INFO - Started process (PID=124) to work on /home/airflow/.local/lib/python3.12/site-packages/airflow/example_dags/example_task_group_decorator.py
[2025-02-19T13:18:05.189+0000] {processor.py:914} INFO - Processing file /home/airflow/.local/lib/python3.12/site-packages/airflow/example_dags/example_task_group_decorator.py for tasks to queue
[2025-02-19T13:18:05.191+0000] {logging_mixin.py:190} INFO - [2025-02-19T13:18:05.190+0000] {dagbag.py:588} INFO - Filling up the DagBag from /home/airflow/.local/lib/python3.12/site-packages/airflow/example_dags/example_task_group_decorator.py
[2025-02-19T13:18:05.203+0000] {processor.py:925} INFO - DAG(s) 'example_task_group_decorator' retrieved from /home/airflow/.local/lib/python3.12/site-packages/airflow/example_dags/example_task_group_decorator.py
[2025-02-19T13:18:05.221+0000] {logging_mixin.py:190} INFO - [2025-02-19T13:18:05.221+0000] {dag.py:3239} INFO - Sync 1 DAGs
[2025-02-19T13:18:05.232+0000] {logging_mixin.py:190} INFO - [2025-02-19T13:18:05.232+0000] {dag.py:4180} INFO - Setting next_dagrun for example_task_group_decorator to None, run_after=None
[2025-02-19T13:18:05.248+0000] {processor.py:208} INFO - Processing /home/airflow/.local/lib/python3.12/site-packages/airflow/example_dags/example_task_group_decorator.py took 0.065 seconds
