[2025-02-19T13:17:42.302+0000] {processor.py:186} INFO - Started process (PID=113) to work on /home/airflow/.local/lib/python3.12/site-packages/airflow/example_dags/example_python_decorator.py
[2025-02-19T13:17:42.303+0000] {processor.py:914} INFO - Processing file /home/airflow/.local/lib/python3.12/site-packages/airflow/example_dags/example_python_decorator.py for tasks to queue
[2025-02-19T13:17:42.305+0000] {logging_mixin.py:190} INFO - [2025-02-19T13:17:42.305+0000] {dagbag.py:588} INFO - Filling up the DagBag from /home/airflow/.local/lib/python3.12/site-packages/airflow/example_dags/example_python_decorator.py
[2025-02-19T13:17:42.316+0000] {processor.py:925} INFO - DAG(s) 'example_python_decorator' retrieved from /home/airflow/.local/lib/python3.12/site-packages/airflow/example_dags/example_python_decorator.py
[2025-02-19T13:17:42.397+0000] {logging_mixin.py:190} INFO - [2025-02-19T13:17:42.397+0000] {override.py:1912} INFO - Created Permission View: can read on DAG:example_python_decorator
[2025-02-19T13:17:42.406+0000] {logging_mixin.py:190} INFO - [2025-02-19T13:17:42.406+0000] {override.py:1912} INFO - Created Permission View: can edit on DAG:example_python_decorator
[2025-02-19T13:17:42.413+0000] {logging_mixin.py:190} INFO - [2025-02-19T13:17:42.413+0000] {override.py:1912} INFO - Created Permission View: can delete on DAG:example_python_decorator
[2025-02-19T13:17:42.421+0000] {logging_mixin.py:190} INFO - [2025-02-19T13:17:42.421+0000] {override.py:1912} INFO - Created Permission View: can read on DAG Run:example_python_decorator
[2025-02-19T13:17:42.427+0000] {logging_mixin.py:190} INFO - [2025-02-19T13:17:42.427+0000] {override.py:1912} INFO - Created Permission View: can create on DAG Run:example_python_decorator
[2025-02-19T13:17:42.434+0000] {logging_mixin.py:190} INFO - [2025-02-19T13:17:42.434+0000] {override.py:1912} INFO - Created Permission View: menu access on DAG Run:example_python_decorator
[2025-02-19T13:17:42.440+0000] {logging_mixin.py:190} INFO - [2025-02-19T13:17:42.440+0000] {override.py:1912} INFO - Created Permission View: can delete on DAG Run:example_python_decorator
[2025-02-19T13:17:42.440+0000] {logging_mixin.py:190} INFO - [2025-02-19T13:17:42.440+0000] {dag.py:3239} INFO - Sync 1 DAGs
[2025-02-19T13:17:42.450+0000] {logging_mixin.py:190} INFO - [2025-02-19T13:17:42.450+0000] {dag.py:3262} INFO - Creating ORM DAG for example_python_decorator
[2025-02-19T13:17:42.451+0000] {logging_mixin.py:190} INFO - [2025-02-19T13:17:42.450+0000] {dag.py:4180} INFO - Setting next_dagrun for example_python_decorator to None, run_after=None
[2025-02-19T13:17:42.463+0000] {processor.py:208} INFO - Processing /home/airflow/.local/lib/python3.12/site-packages/airflow/example_dags/example_python_decorator.py took 0.165 seconds
[2025-02-19T13:18:12.807+0000] {processor.py:186} INFO - Started process (PID=176) to work on /home/airflow/.local/lib/python3.12/site-packages/airflow/example_dags/example_python_decorator.py
[2025-02-19T13:18:12.808+0000] {processor.py:914} INFO - Processing file /home/airflow/.local/lib/python3.12/site-packages/airflow/example_dags/example_python_decorator.py for tasks to queue
[2025-02-19T13:18:12.810+0000] {logging_mixin.py:190} INFO - [2025-02-19T13:18:12.809+0000] {dagbag.py:588} INFO - Filling up the DagBag from /home/airflow/.local/lib/python3.12/site-packages/airflow/example_dags/example_python_decorator.py
[2025-02-19T13:18:12.820+0000] {processor.py:925} INFO - DAG(s) 'example_python_decorator' retrieved from /home/airflow/.local/lib/python3.12/site-packages/airflow/example_dags/example_python_decorator.py
[2025-02-19T13:18:12.837+0000] {logging_mixin.py:190} INFO - [2025-02-19T13:18:12.837+0000] {dag.py:3239} INFO - Sync 1 DAGs
[2025-02-19T13:18:12.848+0000] {logging_mixin.py:190} INFO - [2025-02-19T13:18:12.848+0000] {dag.py:4180} INFO - Setting next_dagrun for example_python_decorator to None, run_after=None
[2025-02-19T13:18:12.863+0000] {processor.py:208} INFO - Processing /home/airflow/.local/lib/python3.12/site-packages/airflow/example_dags/example_python_decorator.py took 0.061 seconds
