[2025-02-19T13:17:35.409+0000] {processor.py:186} INFO - Started process (PID=67) to work on /home/airflow/.local/lib/python3.12/site-packages/airflow/example_dags/example_sensor_decorator.py
[2025-02-19T13:17:35.410+0000] {processor.py:914} INFO - Processing file /home/airflow/.local/lib/python3.12/site-packages/airflow/example_dags/example_sensor_decorator.py for tasks to queue
[2025-02-19T13:17:35.413+0000] {logging_mixin.py:190} INFO - [2025-02-19T13:17:35.413+0000] {dagbag.py:588} INFO - Filling up the DagBag from /home/airflow/.local/lib/python3.12/site-packages/airflow/example_dags/example_sensor_decorator.py
[2025-02-19T13:17:35.422+0000] {processor.py:925} INFO - DAG(s) 'example_sensor_decorator' retrieved from /home/airflow/.local/lib/python3.12/site-packages/airflow/example_dags/example_sensor_decorator.py
[2025-02-19T13:17:35.520+0000] {logging_mixin.py:190} INFO - [2025-02-19T13:17:35.520+0000] {override.py:1912} INFO - Created Permission View: can read on DAG:example_sensor_decorator
[2025-02-19T13:17:35.529+0000] {logging_mixin.py:190} INFO - [2025-02-19T13:17:35.529+0000] {override.py:1912} INFO - Created Permission View: can edit on DAG:example_sensor_decorator
[2025-02-19T13:17:35.535+0000] {logging_mixin.py:190} INFO - [2025-02-19T13:17:35.535+0000] {override.py:1912} INFO - Created Permission View: can delete on DAG:example_sensor_decorator
[2025-02-19T13:17:35.544+0000] {logging_mixin.py:190} INFO - [2025-02-19T13:17:35.543+0000] {override.py:1912} INFO - Created Permission View: can read on DAG Run:example_sensor_decorator
[2025-02-19T13:17:35.550+0000] {logging_mixin.py:190} INFO - [2025-02-19T13:17:35.549+0000] {override.py:1912} INFO - Created Permission View: can create on DAG Run:example_sensor_decorator
[2025-02-19T13:17:35.556+0000] {logging_mixin.py:190} INFO - [2025-02-19T13:17:35.555+0000] {override.py:1912} INFO - Created Permission View: menu access on DAG Run:example_sensor_decorator
[2025-02-19T13:17:35.564+0000] {logging_mixin.py:190} INFO - [2025-02-19T13:17:35.563+0000] {override.py:1912} INFO - Created Permission View: can delete on DAG Run:example_sensor_decorator
[2025-02-19T13:17:35.564+0000] {logging_mixin.py:190} INFO - [2025-02-19T13:17:35.564+0000] {dag.py:3239} INFO - Sync 1 DAGs
[2025-02-19T13:17:35.577+0000] {logging_mixin.py:190} INFO - [2025-02-19T13:17:35.576+0000] {dag.py:3262} INFO - Creating ORM DAG for example_sensor_decorator
[2025-02-19T13:17:35.577+0000] {logging_mixin.py:190} INFO - [2025-02-19T13:17:35.577+0000] {dag.py:4180} INFO - Setting next_dagrun for example_sensor_decorator to None, run_after=None
[2025-02-19T13:17:35.593+0000] {processor.py:208} INFO - Processing /home/airflow/.local/lib/python3.12/site-packages/airflow/example_dags/example_sensor_decorator.py took 0.189 seconds
[2025-02-19T13:18:05.633+0000] {processor.py:186} INFO - Started process (PID=130) to work on /home/airflow/.local/lib/python3.12/site-packages/airflow/example_dags/example_sensor_decorator.py
[2025-02-19T13:18:05.634+0000] {processor.py:914} INFO - Processing file /home/airflow/.local/lib/python3.12/site-packages/airflow/example_dags/example_sensor_decorator.py for tasks to queue
[2025-02-19T13:18:05.636+0000] {logging_mixin.py:190} INFO - [2025-02-19T13:18:05.636+0000] {dagbag.py:588} INFO - Filling up the DagBag from /home/airflow/.local/lib/python3.12/site-packages/airflow/example_dags/example_sensor_decorator.py
[2025-02-19T13:18:05.641+0000] {processor.py:925} INFO - DAG(s) 'example_sensor_decorator' retrieved from /home/airflow/.local/lib/python3.12/site-packages/airflow/example_dags/example_sensor_decorator.py
[2025-02-19T13:18:05.656+0000] {logging_mixin.py:190} INFO - [2025-02-19T13:18:05.655+0000] {dag.py:3239} INFO - Sync 1 DAGs
[2025-02-19T13:18:05.666+0000] {logging_mixin.py:190} INFO - [2025-02-19T13:18:05.666+0000] {dag.py:4180} INFO - Setting next_dagrun for example_sensor_decorator to None, run_after=None
[2025-02-19T13:18:05.682+0000] {processor.py:208} INFO - Processing /home/airflow/.local/lib/python3.12/site-packages/airflow/example_dags/example_sensor_decorator.py took 0.053 seconds
