[2025-02-19T13:17:37.851+0000] {processor.py:186} INFO - Started process (PID=80) to work on /home/airflow/.local/lib/python3.12/site-packages/airflow/example_dags/example_inlet_event_extra.py
[2025-02-19T13:17:37.852+0000] {processor.py:914} INFO - Processing file /home/airflow/.local/lib/python3.12/site-packages/airflow/example_dags/example_inlet_event_extra.py for tasks to queue
[2025-02-19T13:17:37.853+0000] {logging_mixin.py:190} INFO - [2025-02-19T13:17:37.853+0000] {dagbag.py:588} INFO - Filling up the DagBag from /home/airflow/.local/lib/python3.12/site-packages/airflow/example_dags/example_inlet_event_extra.py
[2025-02-19T13:17:38.370+0000] {processor.py:925} INFO - DAG(s) 'read_dataset_event_from_classic', 'read_dataset_event' retrieved from /home/airflow/.local/lib/python3.12/site-packages/airflow/example_dags/example_inlet_event_extra.py
[2025-02-19T13:17:38.460+0000] {logging_mixin.py:190} INFO - [2025-02-19T13:17:38.459+0000] {override.py:1912} INFO - Created Permission View: can read on DAG:read_dataset_event_from_classic
[2025-02-19T13:17:38.471+0000] {logging_mixin.py:190} INFO - [2025-02-19T13:17:38.471+0000] {override.py:1912} INFO - Created Permission View: can edit on DAG:read_dataset_event_from_classic
[2025-02-19T13:17:38.477+0000] {logging_mixin.py:190} INFO - [2025-02-19T13:17:38.477+0000] {override.py:1912} INFO - Created Permission View: can delete on DAG:read_dataset_event_from_classic
[2025-02-19T13:17:38.486+0000] {logging_mixin.py:190} INFO - [2025-02-19T13:17:38.486+0000] {override.py:1912} INFO - Created Permission View: can read on DAG Run:read_dataset_event_from_classic
[2025-02-19T13:17:38.492+0000] {logging_mixin.py:190} INFO - [2025-02-19T13:17:38.492+0000] {override.py:1912} INFO - Created Permission View: can create on DAG Run:read_dataset_event_from_classic
[2025-02-19T13:17:38.498+0000] {logging_mixin.py:190} INFO - [2025-02-19T13:17:38.498+0000] {override.py:1912} INFO - Created Permission View: menu access on DAG Run:read_dataset_event_from_classic
[2025-02-19T13:17:38.505+0000] {logging_mixin.py:190} INFO - [2025-02-19T13:17:38.504+0000] {override.py:1912} INFO - Created Permission View: can delete on DAG Run:read_dataset_event_from_classic
[2025-02-19T13:17:38.518+0000] {logging_mixin.py:190} INFO - [2025-02-19T13:17:38.518+0000] {override.py:1912} INFO - Created Permission View: can read on DAG:read_dataset_event
[2025-02-19T13:17:38.525+0000] {logging_mixin.py:190} INFO - [2025-02-19T13:17:38.525+0000] {override.py:1912} INFO - Created Permission View: can edit on DAG:read_dataset_event
[2025-02-19T13:17:38.531+0000] {logging_mixin.py:190} INFO - [2025-02-19T13:17:38.531+0000] {override.py:1912} INFO - Created Permission View: can delete on DAG:read_dataset_event
[2025-02-19T13:17:38.540+0000] {logging_mixin.py:190} INFO - [2025-02-19T13:17:38.540+0000] {override.py:1912} INFO - Created Permission View: can read on DAG Run:read_dataset_event
[2025-02-19T13:17:38.547+0000] {logging_mixin.py:190} INFO - [2025-02-19T13:17:38.546+0000] {override.py:1912} INFO - Created Permission View: can create on DAG Run:read_dataset_event
[2025-02-19T13:17:38.553+0000] {logging_mixin.py:190} INFO - [2025-02-19T13:17:38.552+0000] {override.py:1912} INFO - Created Permission View: menu access on DAG Run:read_dataset_event
[2025-02-19T13:17:38.559+0000] {logging_mixin.py:190} INFO - [2025-02-19T13:17:38.559+0000] {override.py:1912} INFO - Created Permission View: can delete on DAG Run:read_dataset_event
[2025-02-19T13:17:38.560+0000] {logging_mixin.py:190} INFO - [2025-02-19T13:17:38.559+0000] {dag.py:3239} INFO - Sync 2 DAGs
[2025-02-19T13:17:38.570+0000] {logging_mixin.py:190} INFO - [2025-02-19T13:17:38.569+0000] {dag.py:3262} INFO - Creating ORM DAG for read_dataset_event
[2025-02-19T13:17:38.571+0000] {logging_mixin.py:190} INFO - [2025-02-19T13:17:38.570+0000] {dag.py:3262} INFO - Creating ORM DAG for read_dataset_event_from_classic
[2025-02-19T13:17:38.580+0000] {logging_mixin.py:190} INFO - [2025-02-19T13:17:38.580+0000] {dag.py:4180} INFO - Setting next_dagrun for read_dataset_event to 2025-02-18 00:00:00+00:00, run_after=2025-02-19 00:00:00+00:00
[2025-02-19T13:17:38.582+0000] {logging_mixin.py:190} INFO - [2025-02-19T13:17:38.582+0000] {dag.py:4180} INFO - Setting next_dagrun for read_dataset_event_from_classic to 2025-02-18 00:00:00+00:00, run_after=2025-02-19 00:00:00+00:00
[2025-02-19T13:17:38.598+0000] {processor.py:208} INFO - Processing /home/airflow/.local/lib/python3.12/site-packages/airflow/example_dags/example_inlet_event_extra.py took 0.752 seconds
[2025-02-19T13:18:09.574+0000] {processor.py:186} INFO - Started process (PID=146) to work on /home/airflow/.local/lib/python3.12/site-packages/airflow/example_dags/example_inlet_event_extra.py
[2025-02-19T13:18:09.575+0000] {processor.py:914} INFO - Processing file /home/airflow/.local/lib/python3.12/site-packages/airflow/example_dags/example_inlet_event_extra.py for tasks to queue
[2025-02-19T13:18:09.576+0000] {logging_mixin.py:190} INFO - [2025-02-19T13:18:09.576+0000] {dagbag.py:588} INFO - Filling up the DagBag from /home/airflow/.local/lib/python3.12/site-packages/airflow/example_dags/example_inlet_event_extra.py
[2025-02-19T13:18:10.056+0000] {processor.py:925} INFO - DAG(s) 'read_dataset_event_from_classic', 'read_dataset_event' retrieved from /home/airflow/.local/lib/python3.12/site-packages/airflow/example_dags/example_inlet_event_extra.py
[2025-02-19T13:18:10.072+0000] {logging_mixin.py:190} INFO - [2025-02-19T13:18:10.072+0000] {dag.py:3239} INFO - Sync 2 DAGs
[2025-02-19T13:18:10.092+0000] {logging_mixin.py:190} INFO - [2025-02-19T13:18:10.091+0000] {dag.py:4180} INFO - Setting next_dagrun for read_dataset_event to 2025-02-18 00:00:00+00:00, run_after=2025-02-19 00:00:00+00:00
[2025-02-19T13:18:10.097+0000] {logging_mixin.py:190} INFO - [2025-02-19T13:18:10.097+0000] {dag.py:4180} INFO - Setting next_dagrun for read_dataset_event_from_classic to 2025-02-18 00:00:00+00:00, run_after=2025-02-19 00:00:00+00:00
[2025-02-19T13:18:10.111+0000] {processor.py:208} INFO - Processing /home/airflow/.local/lib/python3.12/site-packages/airflow/example_dags/example_inlet_event_extra.py took 0.542 seconds
