[2025-02-19T13:17:41.593+0000] {processor.py:186} INFO - Started process (PID=106) to work on /home/airflow/.local/lib/python3.12/site-packages/airflow/example_dags/example_branch_datetime_operator.py
[2025-02-19T13:17:41.594+0000] {processor.py:914} INFO - Processing file /home/airflow/.local/lib/python3.12/site-packages/airflow/example_dags/example_branch_datetime_operator.py for tasks to queue
[2025-02-19T13:17:41.595+0000] {logging_mixin.py:190} INFO - [2025-02-19T13:17:41.595+0000] {dagbag.py:588} INFO - Filling up the DagBag from /home/airflow/.local/lib/python3.12/site-packages/airflow/example_dags/example_branch_datetime_operator.py
[2025-02-19T13:17:41.605+0000] {processor.py:925} INFO - DAG(s) 'example_branch_datetime_operator_2', 'example_branch_datetime_operator', 'example_branch_datetime_operator_3' retrieved from /home/airflow/.local/lib/python3.12/site-packages/airflow/example_dags/example_branch_datetime_operator.py
[2025-02-19T13:17:41.689+0000] {logging_mixin.py:190} INFO - [2025-02-19T13:17:41.688+0000] {override.py:1912} INFO - Created Permission View: can read on DAG:example_branch_datetime_operator_2
[2025-02-19T13:17:41.697+0000] {logging_mixin.py:190} INFO - [2025-02-19T13:17:41.697+0000] {override.py:1912} INFO - Created Permission View: can edit on DAG:example_branch_datetime_operator_2
[2025-02-19T13:17:41.704+0000] {logging_mixin.py:190} INFO - [2025-02-19T13:17:41.704+0000] {override.py:1912} INFO - Created Permission View: can delete on DAG:example_branch_datetime_operator_2
[2025-02-19T13:17:41.713+0000] {logging_mixin.py:190} INFO - [2025-02-19T13:17:41.713+0000] {override.py:1912} INFO - Created Permission View: can read on DAG Run:example_branch_datetime_operator_2
[2025-02-19T13:17:41.719+0000] {logging_mixin.py:190} INFO - [2025-02-19T13:17:41.719+0000] {override.py:1912} INFO - Created Permission View: can create on DAG Run:example_branch_datetime_operator_2
[2025-02-19T13:17:41.725+0000] {logging_mixin.py:190} INFO - [2025-02-19T13:17:41.724+0000] {override.py:1912} INFO - Created Permission View: menu access on DAG Run:example_branch_datetime_operator_2
[2025-02-19T13:17:41.731+0000] {logging_mixin.py:190} INFO - [2025-02-19T13:17:41.730+0000] {override.py:1912} INFO - Created Permission View: can delete on DAG Run:example_branch_datetime_operator_2
[2025-02-19T13:17:41.745+0000] {logging_mixin.py:190} INFO - [2025-02-19T13:17:41.745+0000] {override.py:1912} INFO - Created Permission View: can read on DAG:example_branch_datetime_operator
[2025-02-19T13:17:41.751+0000] {logging_mixin.py:190} INFO - [2025-02-19T13:17:41.750+0000] {override.py:1912} INFO - Created Permission View: can edit on DAG:example_branch_datetime_operator
[2025-02-19T13:17:41.757+0000] {logging_mixin.py:190} INFO - [2025-02-19T13:17:41.757+0000] {override.py:1912} INFO - Created Permission View: can delete on DAG:example_branch_datetime_operator
[2025-02-19T13:17:41.766+0000] {logging_mixin.py:190} INFO - [2025-02-19T13:17:41.766+0000] {override.py:1912} INFO - Created Permission View: can read on DAG Run:example_branch_datetime_operator
[2025-02-19T13:17:41.773+0000] {logging_mixin.py:190} INFO - [2025-02-19T13:17:41.772+0000] {override.py:1912} INFO - Created Permission View: can create on DAG Run:example_branch_datetime_operator
[2025-02-19T13:17:41.779+0000] {logging_mixin.py:190} INFO - [2025-02-19T13:17:41.779+0000] {override.py:1912} INFO - Created Permission View: menu access on DAG Run:example_branch_datetime_operator
[2025-02-19T13:17:41.785+0000] {logging_mixin.py:190} INFO - [2025-02-19T13:17:41.785+0000] {override.py:1912} INFO - Created Permission View: can delete on DAG Run:example_branch_datetime_operator
[2025-02-19T13:17:41.800+0000] {logging_mixin.py:190} INFO - [2025-02-19T13:17:41.799+0000] {override.py:1912} INFO - Created Permission View: can read on DAG:example_branch_datetime_operator_3
[2025-02-19T13:17:41.806+0000] {logging_mixin.py:190} INFO - [2025-02-19T13:17:41.806+0000] {override.py:1912} INFO - Created Permission View: can edit on DAG:example_branch_datetime_operator_3
[2025-02-19T13:17:41.812+0000] {logging_mixin.py:190} INFO - [2025-02-19T13:17:41.812+0000] {override.py:1912} INFO - Created Permission View: can delete on DAG:example_branch_datetime_operator_3
[2025-02-19T13:17:41.820+0000] {logging_mixin.py:190} INFO - [2025-02-19T13:17:41.820+0000] {override.py:1912} INFO - Created Permission View: can read on DAG Run:example_branch_datetime_operator_3
[2025-02-19T13:17:41.826+0000] {logging_mixin.py:190} INFO - [2025-02-19T13:17:41.826+0000] {override.py:1912} INFO - Created Permission View: can create on DAG Run:example_branch_datetime_operator_3
[2025-02-19T13:17:41.833+0000] {logging_mixin.py:190} INFO - [2025-02-19T13:17:41.833+0000] {override.py:1912} INFO - Created Permission View: menu access on DAG Run:example_branch_datetime_operator_3
[2025-02-19T13:17:41.839+0000] {logging_mixin.py:190} INFO - [2025-02-19T13:17:41.839+0000] {override.py:1912} INFO - Created Permission View: can delete on DAG Run:example_branch_datetime_operator_3
[2025-02-19T13:17:41.839+0000] {logging_mixin.py:190} INFO - [2025-02-19T13:17:41.839+0000] {dag.py:3239} INFO - Sync 3 DAGs
[2025-02-19T13:17:41.850+0000] {logging_mixin.py:190} INFO - [2025-02-19T13:17:41.850+0000] {dag.py:3262} INFO - Creating ORM DAG for example_branch_datetime_operator
[2025-02-19T13:17:41.851+0000] {logging_mixin.py:190} INFO - [2025-02-19T13:17:41.850+0000] {dag.py:3262} INFO - Creating ORM DAG for example_branch_datetime_operator_3
[2025-02-19T13:17:41.851+0000] {logging_mixin.py:190} INFO - [2025-02-19T13:17:41.851+0000] {dag.py:3262} INFO - Creating ORM DAG for example_branch_datetime_operator_2
[2025-02-19T13:17:41.860+0000] {logging_mixin.py:190} INFO - [2025-02-19T13:17:41.860+0000] {dag.py:4180} INFO - Setting next_dagrun for example_branch_datetime_operator to 2025-02-18 00:00:00+00:00, run_after=2025-02-19 00:00:00+00:00
[2025-02-19T13:17:41.862+0000] {logging_mixin.py:190} INFO - [2025-02-19T13:17:41.862+0000] {dag.py:4180} INFO - Setting next_dagrun for example_branch_datetime_operator_2 to 2025-02-18 00:00:00+00:00, run_after=2025-02-19 00:00:00+00:00
[2025-02-19T13:17:41.863+0000] {logging_mixin.py:190} INFO - [2025-02-19T13:17:41.863+0000] {dag.py:4180} INFO - Setting next_dagrun for example_branch_datetime_operator_3 to 2025-02-18 00:00:00+00:00, run_after=2025-02-19 00:00:00+00:00
[2025-02-19T13:17:41.879+0000] {processor.py:208} INFO - Processing /home/airflow/.local/lib/python3.12/site-packages/airflow/example_dags/example_branch_datetime_operator.py took 0.290 seconds
[2025-02-19T13:18:12.547+0000] {processor.py:186} INFO - Started process (PID=169) to work on /home/airflow/.local/lib/python3.12/site-packages/airflow/example_dags/example_branch_datetime_operator.py
[2025-02-19T13:18:12.548+0000] {processor.py:914} INFO - Processing file /home/airflow/.local/lib/python3.12/site-packages/airflow/example_dags/example_branch_datetime_operator.py for tasks to queue
[2025-02-19T13:18:12.549+0000] {logging_mixin.py:190} INFO - [2025-02-19T13:18:12.549+0000] {dagbag.py:588} INFO - Filling up the DagBag from /home/airflow/.local/lib/python3.12/site-packages/airflow/example_dags/example_branch_datetime_operator.py
[2025-02-19T13:18:12.558+0000] {processor.py:925} INFO - DAG(s) 'example_branch_datetime_operator_3', 'example_branch_datetime_operator_2', 'example_branch_datetime_operator' retrieved from /home/airflow/.local/lib/python3.12/site-packages/airflow/example_dags/example_branch_datetime_operator.py
[2025-02-19T13:18:12.576+0000] {logging_mixin.py:190} INFO - [2025-02-19T13:18:12.576+0000] {dag.py:3239} INFO - Sync 3 DAGs
[2025-02-19T13:18:12.593+0000] {logging_mixin.py:190} INFO - [2025-02-19T13:18:12.593+0000] {dag.py:4180} INFO - Setting next_dagrun for example_branch_datetime_operator to 2025-02-18 00:00:00+00:00, run_after=2025-02-19 00:00:00+00:00
[2025-02-19T13:18:12.597+0000] {logging_mixin.py:190} INFO - [2025-02-19T13:18:12.596+0000] {dag.py:4180} INFO - Setting next_dagrun for example_branch_datetime_operator_2 to 2025-02-18 00:00:00+00:00, run_after=2025-02-19 00:00:00+00:00
[2025-02-19T13:18:12.598+0000] {logging_mixin.py:190} INFO - [2025-02-19T13:18:12.598+0000] {dag.py:4180} INFO - Setting next_dagrun for example_branch_datetime_operator_3 to 2025-02-18 00:00:00+00:00, run_after=2025-02-19 00:00:00+00:00
[2025-02-19T13:18:12.611+0000] {processor.py:208} INFO - Processing /home/airflow/.local/lib/python3.12/site-packages/airflow/example_dags/example_branch_datetime_operator.py took 0.068 seconds
