[2025-02-19T13:17:35.466+0000] {processor.py:186} INFO - Started process (PID=68) to work on /home/airflow/.local/lib/python3.12/site-packages/airflow/example_dags/example_subdag_operator.py
[2025-02-19T13:17:35.466+0000] {processor.py:914} INFO - Processing file /home/airflow/.local/lib/python3.12/site-packages/airflow/example_dags/example_subdag_operator.py for tasks to queue
[2025-02-19T13:17:35.468+0000] {logging_mixin.py:190} INFO - [2025-02-19T13:17:35.468+0000] {dagbag.py:588} INFO - Filling up the DagBag from /home/airflow/.local/lib/python3.12/site-packages/airflow/example_dags/example_subdag_operator.py
[2025-02-19T13:17:35.493+0000] {processor.py:925} INFO - DAG(s) 'example_subdag_operator.section-1', 'example_subdag_operator.section-2', 'example_subdag_operator' retrieved from /home/airflow/.local/lib/python3.12/site-packages/airflow/example_dags/example_subdag_operator.py
[2025-02-19T13:17:35.585+0000] {logging_mixin.py:190} INFO - [2025-02-19T13:17:35.585+0000] {override.py:1912} INFO - Created Permission View: can read on DAG:example_subdag_operator
[2025-02-19T13:17:35.594+0000] {logging_mixin.py:190} INFO - [2025-02-19T13:17:35.594+0000] {override.py:1912} INFO - Created Permission View: can edit on DAG:example_subdag_operator
[2025-02-19T13:17:35.601+0000] {logging_mixin.py:190} INFO - [2025-02-19T13:17:35.600+0000] {override.py:1912} INFO - Created Permission View: can delete on DAG:example_subdag_operator
[2025-02-19T13:17:35.610+0000] {logging_mixin.py:190} INFO - [2025-02-19T13:17:35.610+0000] {override.py:1912} INFO - Created Permission View: can read on DAG Run:example_subdag_operator
[2025-02-19T13:17:35.616+0000] {logging_mixin.py:190} INFO - [2025-02-19T13:17:35.616+0000] {override.py:1912} INFO - Created Permission View: can create on DAG Run:example_subdag_operator
[2025-02-19T13:17:35.624+0000] {logging_mixin.py:190} INFO - [2025-02-19T13:17:35.623+0000] {override.py:1912} INFO - Created Permission View: menu access on DAG Run:example_subdag_operator
[2025-02-19T13:17:35.631+0000] {logging_mixin.py:190} INFO - [2025-02-19T13:17:35.630+0000] {override.py:1912} INFO - Created Permission View: can delete on DAG Run:example_subdag_operator
[2025-02-19T13:17:35.631+0000] {logging_mixin.py:190} INFO - [2025-02-19T13:17:35.631+0000] {dag.py:3239} INFO - Sync 3 DAGs
[2025-02-19T13:17:35.642+0000] {logging_mixin.py:190} INFO - [2025-02-19T13:17:35.642+0000] {dag.py:3262} INFO - Creating ORM DAG for example_subdag_operator.section-1
[2025-02-19T13:17:35.643+0000] {logging_mixin.py:190} INFO - [2025-02-19T13:17:35.643+0000] {dag.py:3262} INFO - Creating ORM DAG for example_subdag_operator
[2025-02-19T13:17:35.643+0000] {logging_mixin.py:190} INFO - [2025-02-19T13:17:35.643+0000] {dag.py:3262} INFO - Creating ORM DAG for example_subdag_operator.section-2
[2025-02-19T13:17:35.652+0000] {logging_mixin.py:190} INFO - [2025-02-19T13:17:35.652+0000] {dag.py:4180} INFO - Setting next_dagrun for example_subdag_operator to 2022-01-01 00:00:00+00:00, run_after=2022-01-01 00:00:00+00:00
[2025-02-19T13:17:35.653+0000] {logging_mixin.py:190} INFO - [2025-02-19T13:17:35.653+0000] {dag.py:4180} INFO - Setting next_dagrun for example_subdag_operator.section-1 to None, run_after=None
[2025-02-19T13:17:35.654+0000] {logging_mixin.py:190} INFO - [2025-02-19T13:17:35.653+0000] {dag.py:4180} INFO - Setting next_dagrun for example_subdag_operator.section-2 to None, run_after=None
[2025-02-19T13:17:35.660+0000] {logging_mixin.py:190} INFO - [2025-02-19T13:17:35.660+0000] {dag.py:3239} INFO - Sync 2 DAGs
[2025-02-19T13:17:35.664+0000] {logging_mixin.py:190} INFO - [2025-02-19T13:17:35.664+0000] {dag.py:4180} INFO - Setting next_dagrun for example_subdag_operator.section-1 to None, run_after=None
[2025-02-19T13:17:35.666+0000] {logging_mixin.py:190} INFO - [2025-02-19T13:17:35.666+0000] {dag.py:4180} INFO - Setting next_dagrun for example_subdag_operator.section-2 to None, run_after=None
[2025-02-19T13:17:35.676+0000] {processor.py:208} INFO - Processing /home/airflow/.local/lib/python3.12/site-packages/airflow/example_dags/example_subdag_operator.py took 0.215 seconds
[2025-02-19T13:18:05.713+0000] {processor.py:186} INFO - Started process (PID=131) to work on /home/airflow/.local/lib/python3.12/site-packages/airflow/example_dags/example_subdag_operator.py
[2025-02-19T13:18:05.714+0000] {processor.py:914} INFO - Processing file /home/airflow/.local/lib/python3.12/site-packages/airflow/example_dags/example_subdag_operator.py for tasks to queue
[2025-02-19T13:18:05.716+0000] {logging_mixin.py:190} INFO - [2025-02-19T13:18:05.716+0000] {dagbag.py:588} INFO - Filling up the DagBag from /home/airflow/.local/lib/python3.12/site-packages/airflow/example_dags/example_subdag_operator.py
[2025-02-19T13:18:05.735+0000] {processor.py:925} INFO - DAG(s) 'example_subdag_operator.section-1', 'example_subdag_operator.section-2', 'example_subdag_operator' retrieved from /home/airflow/.local/lib/python3.12/site-packages/airflow/example_dags/example_subdag_operator.py
[2025-02-19T13:18:05.745+0000] {logging_mixin.py:190} INFO - [2025-02-19T13:18:05.745+0000] {dag.py:3239} INFO - Sync 3 DAGs
[2025-02-19T13:18:05.762+0000] {logging_mixin.py:190} INFO - [2025-02-19T13:18:05.762+0000] {dag.py:4180} INFO - Setting next_dagrun for example_subdag_operator to 2022-01-01 00:00:00+00:00, run_after=2022-01-01 00:00:00+00:00
[2025-02-19T13:18:05.765+0000] {logging_mixin.py:190} INFO - [2025-02-19T13:18:05.765+0000] {dag.py:4180} INFO - Setting next_dagrun for example_subdag_operator.section-1 to None, run_after=None
[2025-02-19T13:18:05.766+0000] {logging_mixin.py:190} INFO - [2025-02-19T13:18:05.766+0000] {dag.py:4180} INFO - Setting next_dagrun for example_subdag_operator.section-2 to None, run_after=None
[2025-02-19T13:18:05.771+0000] {logging_mixin.py:190} INFO - [2025-02-19T13:18:05.771+0000] {dag.py:3239} INFO - Sync 2 DAGs
[2025-02-19T13:18:05.774+0000] {logging_mixin.py:190} INFO - [2025-02-19T13:18:05.774+0000] {dag.py:4180} INFO - Setting next_dagrun for example_subdag_operator.section-1 to None, run_after=None
[2025-02-19T13:18:05.775+0000] {logging_mixin.py:190} INFO - [2025-02-19T13:18:05.775+0000] {dag.py:4180} INFO - Setting next_dagrun for example_subdag_operator.section-2 to None, run_after=None
[2025-02-19T13:18:05.784+0000] {processor.py:208} INFO - Processing /home/airflow/.local/lib/python3.12/site-packages/airflow/example_dags/example_subdag_operator.py took 0.075 seconds
