[2025-02-19T13:17:39.275+0000] {processor.py:186} INFO - Started process (PID=91) to work on /home/airflow/.local/lib/python3.12/site-packages/airflow/example_dags/example_dynamic_task_mapping.py
[2025-02-19T13:17:39.276+0000] {processor.py:914} INFO - Processing file /home/airflow/.local/lib/python3.12/site-packages/airflow/example_dags/example_dynamic_task_mapping.py for tasks to queue
[2025-02-19T13:17:39.278+0000] {logging_mixin.py:190} INFO - [2025-02-19T13:17:39.277+0000] {dagbag.py:588} INFO - Filling up the DagBag from /home/airflow/.local/lib/python3.12/site-packages/airflow/example_dags/example_dynamic_task_mapping.py
[2025-02-19T13:17:39.285+0000] {processor.py:925} INFO - DAG(s) 'example_dynamic_task_mapping' retrieved from /home/airflow/.local/lib/python3.12/site-packages/airflow/example_dags/example_dynamic_task_mapping.py
[2025-02-19T13:17:39.370+0000] {logging_mixin.py:190} INFO - [2025-02-19T13:17:39.369+0000] {override.py:1912} INFO - Created Permission View: can read on DAG:example_dynamic_task_mapping
[2025-02-19T13:17:39.378+0000] {logging_mixin.py:190} INFO - [2025-02-19T13:17:39.378+0000] {override.py:1912} INFO - Created Permission View: can edit on DAG:example_dynamic_task_mapping
[2025-02-19T13:17:39.384+0000] {logging_mixin.py:190} INFO - [2025-02-19T13:17:39.384+0000] {override.py:1912} INFO - Created Permission View: can delete on DAG:example_dynamic_task_mapping
[2025-02-19T13:17:39.392+0000] {logging_mixin.py:190} INFO - [2025-02-19T13:17:39.392+0000] {override.py:1912} INFO - Created Permission View: can read on DAG Run:example_dynamic_task_mapping
[2025-02-19T13:17:39.400+0000] {logging_mixin.py:190} INFO - [2025-02-19T13:17:39.400+0000] {override.py:1912} INFO - Created Permission View: can create on DAG Run:example_dynamic_task_mapping
[2025-02-19T13:17:39.406+0000] {logging_mixin.py:190} INFO - [2025-02-19T13:17:39.406+0000] {override.py:1912} INFO - Created Permission View: menu access on DAG Run:example_dynamic_task_mapping
[2025-02-19T13:17:39.414+0000] {logging_mixin.py:190} INFO - [2025-02-19T13:17:39.414+0000] {override.py:1912} INFO - Created Permission View: can delete on DAG Run:example_dynamic_task_mapping
[2025-02-19T13:17:39.414+0000] {logging_mixin.py:190} INFO - [2025-02-19T13:17:39.414+0000] {dag.py:3239} INFO - Sync 1 DAGs
[2025-02-19T13:17:39.424+0000] {logging_mixin.py:190} INFO - [2025-02-19T13:17:39.424+0000] {dag.py:3262} INFO - Creating ORM DAG for example_dynamic_task_mapping
[2025-02-19T13:17:39.424+0000] {logging_mixin.py:190} INFO - [2025-02-19T13:17:39.424+0000] {dag.py:4180} INFO - Setting next_dagrun for example_dynamic_task_mapping to None, run_after=None
[2025-02-19T13:17:39.436+0000] {processor.py:208} INFO - Processing /home/airflow/.local/lib/python3.12/site-packages/airflow/example_dags/example_dynamic_task_mapping.py took 0.165 seconds
[2025-02-19T13:18:10.149+0000] {processor.py:186} INFO - Started process (PID=154) to work on /home/airflow/.local/lib/python3.12/site-packages/airflow/example_dags/example_dynamic_task_mapping.py
[2025-02-19T13:18:10.150+0000] {processor.py:914} INFO - Processing file /home/airflow/.local/lib/python3.12/site-packages/airflow/example_dags/example_dynamic_task_mapping.py for tasks to queue
[2025-02-19T13:18:10.152+0000] {logging_mixin.py:190} INFO - [2025-02-19T13:18:10.151+0000] {dagbag.py:588} INFO - Filling up the DagBag from /home/airflow/.local/lib/python3.12/site-packages/airflow/example_dags/example_dynamic_task_mapping.py
[2025-02-19T13:18:10.158+0000] {processor.py:925} INFO - DAG(s) 'example_dynamic_task_mapping' retrieved from /home/airflow/.local/lib/python3.12/site-packages/airflow/example_dags/example_dynamic_task_mapping.py
[2025-02-19T13:18:10.173+0000] {logging_mixin.py:190} INFO - [2025-02-19T13:18:10.172+0000] {dag.py:3239} INFO - Sync 1 DAGs
[2025-02-19T13:18:10.184+0000] {logging_mixin.py:190} INFO - [2025-02-19T13:18:10.184+0000] {dag.py:4180} INFO - Setting next_dagrun for example_dynamic_task_mapping to None, run_after=None
[2025-02-19T13:18:10.199+0000] {processor.py:208} INFO - Processing /home/airflow/.local/lib/python3.12/site-packages/airflow/example_dags/example_dynamic_task_mapping.py took 0.055 seconds
