[2025-02-19T13:17:40.054+0000] {processor.py:186} INFO - Started process (PID=99) to work on /home/airflow/.local/lib/python3.12/site-packages/airflow/example_dags/example_dag_decorator.py
[2025-02-19T13:17:40.055+0000] {processor.py:914} INFO - Processing file /home/airflow/.local/lib/python3.12/site-packages/airflow/example_dags/example_dag_decorator.py for tasks to queue
[2025-02-19T13:17:40.056+0000] {logging_mixin.py:190} INFO - [2025-02-19T13:17:40.056+0000] {dagbag.py:588} INFO - Filling up the DagBag from /home/airflow/.local/lib/python3.12/site-packages/airflow/example_dags/example_dag_decorator.py
[2025-02-19T13:17:40.322+0000] {processor.py:925} INFO - DAG(s) 'example_dag_decorator' retrieved from /home/airflow/.local/lib/python3.12/site-packages/airflow/example_dags/example_dag_decorator.py
[2025-02-19T13:17:40.414+0000] {logging_mixin.py:190} INFO - [2025-02-19T13:17:40.413+0000] {override.py:1912} INFO - Created Permission View: can read on DAG:example_dag_decorator
[2025-02-19T13:17:40.423+0000] {logging_mixin.py:190} INFO - [2025-02-19T13:17:40.423+0000] {override.py:1912} INFO - Created Permission View: can edit on DAG:example_dag_decorator
[2025-02-19T13:17:40.430+0000] {logging_mixin.py:190} INFO - [2025-02-19T13:17:40.430+0000] {override.py:1912} INFO - Created Permission View: can delete on DAG:example_dag_decorator
[2025-02-19T13:17:40.438+0000] {logging_mixin.py:190} INFO - [2025-02-19T13:17:40.438+0000] {override.py:1912} INFO - Created Permission View: can read on DAG Run:example_dag_decorator
[2025-02-19T13:17:40.445+0000] {logging_mixin.py:190} INFO - [2025-02-19T13:17:40.445+0000] {override.py:1912} INFO - Created Permission View: can create on DAG Run:example_dag_decorator
[2025-02-19T13:17:40.451+0000] {logging_mixin.py:190} INFO - [2025-02-19T13:17:40.451+0000] {override.py:1912} INFO - Created Permission View: menu access on DAG Run:example_dag_decorator
[2025-02-19T13:17:40.457+0000] {logging_mixin.py:190} INFO - [2025-02-19T13:17:40.457+0000] {override.py:1912} INFO - Created Permission View: can delete on DAG Run:example_dag_decorator
[2025-02-19T13:17:40.458+0000] {logging_mixin.py:190} INFO - [2025-02-19T13:17:40.457+0000] {dag.py:3239} INFO - Sync 1 DAGs
[2025-02-19T13:17:40.469+0000] {logging_mixin.py:190} INFO - [2025-02-19T13:17:40.469+0000] {dag.py:3262} INFO - Creating ORM DAG for example_dag_decorator
[2025-02-19T13:17:40.470+0000] {logging_mixin.py:190} INFO - [2025-02-19T13:17:40.470+0000] {dag.py:4180} INFO - Setting next_dagrun for example_dag_decorator to None, run_after=None
[2025-02-19T13:17:40.484+0000] {processor.py:208} INFO - Processing /home/airflow/.local/lib/python3.12/site-packages/airflow/example_dags/example_dag_decorator.py took 0.435 seconds
[2025-02-19T13:18:10.595+0000] {processor.py:186} INFO - Started process (PID=162) to work on /home/airflow/.local/lib/python3.12/site-packages/airflow/example_dags/example_dag_decorator.py
[2025-02-19T13:18:10.596+0000] {processor.py:914} INFO - Processing file /home/airflow/.local/lib/python3.12/site-packages/airflow/example_dags/example_dag_decorator.py for tasks to queue
[2025-02-19T13:18:10.598+0000] {logging_mixin.py:190} INFO - [2025-02-19T13:18:10.597+0000] {dagbag.py:588} INFO - Filling up the DagBag from /home/airflow/.local/lib/python3.12/site-packages/airflow/example_dags/example_dag_decorator.py
[2025-02-19T13:18:10.677+0000] {processor.py:925} INFO - DAG(s) 'example_dag_decorator' retrieved from /home/airflow/.local/lib/python3.12/site-packages/airflow/example_dags/example_dag_decorator.py
[2025-02-19T13:18:10.761+0000] {logging_mixin.py:190} INFO - [2025-02-19T13:18:10.761+0000] {dag.py:3239} INFO - Sync 1 DAGs
[2025-02-19T13:18:10.771+0000] {logging_mixin.py:190} INFO - [2025-02-19T13:18:10.771+0000] {dag.py:4180} INFO - Setting next_dagrun for example_dag_decorator to None, run_after=None
[2025-02-19T13:18:10.787+0000] {processor.py:208} INFO - Processing /home/airflow/.local/lib/python3.12/site-packages/airflow/example_dags/example_dag_decorator.py took 0.196 seconds
