[2025-02-19T13:17:41.865+0000] {processor.py:186} INFO - Started process (PID=108) to work on /home/airflow/.local/lib/python3.12/site-packages/airflow/example_dags/example_trigger_target_dag.py
[2025-02-19T13:17:41.866+0000] {processor.py:914} INFO - Processing file /home/airflow/.local/lib/python3.12/site-packages/airflow/example_dags/example_trigger_target_dag.py for tasks to queue
[2025-02-19T13:17:41.868+0000] {logging_mixin.py:190} INFO - [2025-02-19T13:17:41.868+0000] {dagbag.py:588} INFO - Filling up the DagBag from /home/airflow/.local/lib/python3.12/site-packages/airflow/example_dags/example_trigger_target_dag.py
[2025-02-19T13:17:41.874+0000] {processor.py:925} INFO - DAG(s) 'example_trigger_target_dag' retrieved from /home/airflow/.local/lib/python3.12/site-packages/airflow/example_dags/example_trigger_target_dag.py
[2025-02-19T13:17:41.957+0000] {logging_mixin.py:190} INFO - [2025-02-19T13:17:41.957+0000] {override.py:1912} INFO - Created Permission View: can read on DAG:example_trigger_target_dag
[2025-02-19T13:17:41.966+0000] {logging_mixin.py:190} INFO - [2025-02-19T13:17:41.966+0000] {override.py:1912} INFO - Created Permission View: can edit on DAG:example_trigger_target_dag
[2025-02-19T13:17:41.972+0000] {logging_mixin.py:190} INFO - [2025-02-19T13:17:41.972+0000] {override.py:1912} INFO - Created Permission View: can delete on DAG:example_trigger_target_dag
[2025-02-19T13:17:41.980+0000] {logging_mixin.py:190} INFO - [2025-02-19T13:17:41.980+0000] {override.py:1912} INFO - Created Permission View: can read on DAG Run:example_trigger_target_dag
[2025-02-19T13:17:41.986+0000] {logging_mixin.py:190} INFO - [2025-02-19T13:17:41.986+0000] {override.py:1912} INFO - Created Permission View: can create on DAG Run:example_trigger_target_dag
[2025-02-19T13:17:41.992+0000] {logging_mixin.py:190} INFO - [2025-02-19T13:17:41.992+0000] {override.py:1912} INFO - Created Permission View: menu access on DAG Run:example_trigger_target_dag
[2025-02-19T13:17:41.998+0000] {logging_mixin.py:190} INFO - [2025-02-19T13:17:41.998+0000] {override.py:1912} INFO - Created Permission View: can delete on DAG Run:example_trigger_target_dag
[2025-02-19T13:17:41.998+0000] {logging_mixin.py:190} INFO - [2025-02-19T13:17:41.998+0000] {dag.py:3239} INFO - Sync 1 DAGs
[2025-02-19T13:17:42.008+0000] {logging_mixin.py:190} INFO - [2025-02-19T13:17:42.008+0000] {dag.py:3262} INFO - Creating ORM DAG for example_trigger_target_dag
[2025-02-19T13:17:42.009+0000] {logging_mixin.py:190} INFO - [2025-02-19T13:17:42.008+0000] {dag.py:4180} INFO - Setting next_dagrun for example_trigger_target_dag to None, run_after=None
[2025-02-19T13:17:42.023+0000] {processor.py:208} INFO - Processing /home/airflow/.local/lib/python3.12/site-packages/airflow/example_dags/example_trigger_target_dag.py took 0.162 seconds
[2025-02-19T13:18:12.624+0000] {processor.py:186} INFO - Started process (PID=171) to work on /home/airflow/.local/lib/python3.12/site-packages/airflow/example_dags/example_trigger_target_dag.py
[2025-02-19T13:18:12.625+0000] {processor.py:914} INFO - Processing file /home/airflow/.local/lib/python3.12/site-packages/airflow/example_dags/example_trigger_target_dag.py for tasks to queue
[2025-02-19T13:18:12.627+0000] {logging_mixin.py:190} INFO - [2025-02-19T13:18:12.626+0000] {dagbag.py:588} INFO - Filling up the DagBag from /home/airflow/.local/lib/python3.12/site-packages/airflow/example_dags/example_trigger_target_dag.py
[2025-02-19T13:18:12.633+0000] {processor.py:925} INFO - DAG(s) 'example_trigger_target_dag' retrieved from /home/airflow/.local/lib/python3.12/site-packages/airflow/example_dags/example_trigger_target_dag.py
[2025-02-19T13:18:12.647+0000] {logging_mixin.py:190} INFO - [2025-02-19T13:18:12.647+0000] {dag.py:3239} INFO - Sync 1 DAGs
[2025-02-19T13:18:12.658+0000] {logging_mixin.py:190} INFO - [2025-02-19T13:18:12.658+0000] {dag.py:4180} INFO - Setting next_dagrun for example_trigger_target_dag to None, run_after=None
[2025-02-19T13:18:12.673+0000] {processor.py:208} INFO - Processing /home/airflow/.local/lib/python3.12/site-packages/airflow/example_dags/example_trigger_target_dag.py took 0.053 seconds
