[2025-02-19T13:17:39.110+0000] {processor.py:186} INFO - Started process (PID=90) to work on /home/airflow/.local/lib/python3.12/site-packages/airflow/example_dags/example_xcom.py
[2025-02-19T13:17:39.111+0000] {processor.py:914} INFO - Processing file /home/airflow/.local/lib/python3.12/site-packages/airflow/example_dags/example_xcom.py for tasks to queue
[2025-02-19T13:17:39.112+0000] {logging_mixin.py:190} INFO - [2025-02-19T13:17:39.112+0000] {dagbag.py:588} INFO - Filling up the DagBag from /home/airflow/.local/lib/python3.12/site-packages/airflow/example_dags/example_xcom.py
[2025-02-19T13:17:39.121+0000] {processor.py:925} INFO - DAG(s) 'example_xcom' retrieved from /home/airflow/.local/lib/python3.12/site-packages/airflow/example_dags/example_xcom.py
[2025-02-19T13:17:39.206+0000] {logging_mixin.py:190} INFO - [2025-02-19T13:17:39.206+0000] {override.py:1912} INFO - Created Permission View: can read on DAG:example_xcom
[2025-02-19T13:17:39.215+0000] {logging_mixin.py:190} INFO - [2025-02-19T13:17:39.214+0000] {override.py:1912} INFO - Created Permission View: can edit on DAG:example_xcom
[2025-02-19T13:17:39.220+0000] {logging_mixin.py:190} INFO - [2025-02-19T13:17:39.220+0000] {override.py:1912} INFO - Created Permission View: can delete on DAG:example_xcom
[2025-02-19T13:17:39.229+0000] {logging_mixin.py:190} INFO - [2025-02-19T13:17:39.229+0000] {override.py:1912} INFO - Created Permission View: can read on DAG Run:example_xcom
[2025-02-19T13:17:39.235+0000] {logging_mixin.py:190} INFO - [2025-02-19T13:17:39.235+0000] {override.py:1912} INFO - Created Permission View: can create on DAG Run:example_xcom
[2025-02-19T13:17:39.244+0000] {logging_mixin.py:190} INFO - [2025-02-19T13:17:39.244+0000] {override.py:1912} INFO - Created Permission View: menu access on DAG Run:example_xcom
[2025-02-19T13:17:39.250+0000] {logging_mixin.py:190} INFO - [2025-02-19T13:17:39.250+0000] {override.py:1912} INFO - Created Permission View: can delete on DAG Run:example_xcom
[2025-02-19T13:17:39.251+0000] {logging_mixin.py:190} INFO - [2025-02-19T13:17:39.251+0000] {dag.py:3239} INFO - Sync 1 DAGs
[2025-02-19T13:17:39.260+0000] {logging_mixin.py:190} INFO - [2025-02-19T13:17:39.260+0000] {dag.py:3262} INFO - Creating ORM DAG for example_xcom
[2025-02-19T13:17:39.267+0000] {logging_mixin.py:190} INFO - [2025-02-19T13:17:39.266+0000] {dag.py:4180} INFO - Setting next_dagrun for example_xcom to 2021-01-01 00:00:00+00:00, run_after=2021-01-01 00:00:00+00:00
[2025-02-19T13:17:39.279+0000] {processor.py:208} INFO - Processing /home/airflow/.local/lib/python3.12/site-packages/airflow/example_dags/example_xcom.py took 0.174 seconds
[2025-02-19T13:18:10.064+0000] {processor.py:186} INFO - Started process (PID=153) to work on /home/airflow/.local/lib/python3.12/site-packages/airflow/example_dags/example_xcom.py
[2025-02-19T13:18:10.065+0000] {processor.py:914} INFO - Processing file /home/airflow/.local/lib/python3.12/site-packages/airflow/example_dags/example_xcom.py for tasks to queue
[2025-02-19T13:18:10.066+0000] {logging_mixin.py:190} INFO - [2025-02-19T13:18:10.066+0000] {dagbag.py:588} INFO - Filling up the DagBag from /home/airflow/.local/lib/python3.12/site-packages/airflow/example_dags/example_xcom.py
[2025-02-19T13:18:10.074+0000] {processor.py:925} INFO - DAG(s) 'example_xcom' retrieved from /home/airflow/.local/lib/python3.12/site-packages/airflow/example_dags/example_xcom.py
[2025-02-19T13:18:10.090+0000] {logging_mixin.py:190} INFO - [2025-02-19T13:18:10.089+0000] {dag.py:3239} INFO - Sync 1 DAGs
[2025-02-19T13:18:10.107+0000] {logging_mixin.py:190} INFO - [2025-02-19T13:18:10.107+0000] {dag.py:4180} INFO - Setting next_dagrun for example_xcom to 2021-01-01 00:00:00+00:00, run_after=2021-01-01 00:00:00+00:00
[2025-02-19T13:18:10.122+0000] {processor.py:208} INFO - Processing /home/airflow/.local/lib/python3.12/site-packages/airflow/example_dags/example_xcom.py took 0.062 seconds
