[2025-02-19T13:17:39.864+0000] {processor.py:186} INFO - Started process (PID=97) to work on /home/airflow/.local/lib/python3.12/site-packages/airflow/example_dags/example_trigger_controller_dag.py
[2025-02-19T13:17:39.865+0000] {processor.py:914} INFO - Processing file /home/airflow/.local/lib/python3.12/site-packages/airflow/example_dags/example_trigger_controller_dag.py for tasks to queue
[2025-02-19T13:17:39.867+0000] {logging_mixin.py:190} INFO - [2025-02-19T13:17:39.867+0000] {dagbag.py:588} INFO - Filling up the DagBag from /home/airflow/.local/lib/python3.12/site-packages/airflow/example_dags/example_trigger_controller_dag.py
[2025-02-19T13:17:39.872+0000] {processor.py:925} INFO - DAG(s) 'example_trigger_controller_dag' retrieved from /home/airflow/.local/lib/python3.12/site-packages/airflow/example_dags/example_trigger_controller_dag.py
[2025-02-19T13:17:39.953+0000] {logging_mixin.py:190} INFO - [2025-02-19T13:17:39.953+0000] {override.py:1912} INFO - Created Permission View: can read on DAG:example_trigger_controller_dag
[2025-02-19T13:17:39.961+0000] {logging_mixin.py:190} INFO - [2025-02-19T13:17:39.961+0000] {override.py:1912} INFO - Created Permission View: can edit on DAG:example_trigger_controller_dag
[2025-02-19T13:17:39.968+0000] {logging_mixin.py:190} INFO - [2025-02-19T13:17:39.967+0000] {override.py:1912} INFO - Created Permission View: can delete on DAG:example_trigger_controller_dag
[2025-02-19T13:17:39.976+0000] {logging_mixin.py:190} INFO - [2025-02-19T13:17:39.975+0000] {override.py:1912} INFO - Created Permission View: can read on DAG Run:example_trigger_controller_dag
[2025-02-19T13:17:39.982+0000] {logging_mixin.py:190} INFO - [2025-02-19T13:17:39.981+0000] {override.py:1912} INFO - Created Permission View: can create on DAG Run:example_trigger_controller_dag
[2025-02-19T13:17:39.988+0000] {logging_mixin.py:190} INFO - [2025-02-19T13:17:39.988+0000] {override.py:1912} INFO - Created Permission View: menu access on DAG Run:example_trigger_controller_dag
[2025-02-19T13:17:39.994+0000] {logging_mixin.py:190} INFO - [2025-02-19T13:17:39.993+0000] {override.py:1912} INFO - Created Permission View: can delete on DAG Run:example_trigger_controller_dag
[2025-02-19T13:17:39.994+0000] {logging_mixin.py:190} INFO - [2025-02-19T13:17:39.994+0000] {dag.py:3239} INFO - Sync 1 DAGs
[2025-02-19T13:17:40.003+0000] {logging_mixin.py:190} INFO - [2025-02-19T13:17:40.003+0000] {dag.py:3262} INFO - Creating ORM DAG for example_trigger_controller_dag
[2025-02-19T13:17:40.010+0000] {logging_mixin.py:190} INFO - [2025-02-19T13:17:40.009+0000] {dag.py:4180} INFO - Setting next_dagrun for example_trigger_controller_dag to 2021-01-01 00:00:00+00:00, run_after=2021-01-01 00:00:00+00:00
[2025-02-19T13:17:40.024+0000] {processor.py:208} INFO - Processing /home/airflow/.local/lib/python3.12/site-packages/airflow/example_dags/example_trigger_controller_dag.py took 0.164 seconds
[2025-02-19T13:18:10.503+0000] {processor.py:186} INFO - Started process (PID=160) to work on /home/airflow/.local/lib/python3.12/site-packages/airflow/example_dags/example_trigger_controller_dag.py
[2025-02-19T13:18:10.503+0000] {processor.py:914} INFO - Processing file /home/airflow/.local/lib/python3.12/site-packages/airflow/example_dags/example_trigger_controller_dag.py for tasks to queue
[2025-02-19T13:18:10.505+0000] {logging_mixin.py:190} INFO - [2025-02-19T13:18:10.505+0000] {dagbag.py:588} INFO - Filling up the DagBag from /home/airflow/.local/lib/python3.12/site-packages/airflow/example_dags/example_trigger_controller_dag.py
[2025-02-19T13:18:10.510+0000] {processor.py:925} INFO - DAG(s) 'example_trigger_controller_dag' retrieved from /home/airflow/.local/lib/python3.12/site-packages/airflow/example_dags/example_trigger_controller_dag.py
[2025-02-19T13:18:10.525+0000] {logging_mixin.py:190} INFO - [2025-02-19T13:18:10.525+0000] {dag.py:3239} INFO - Sync 1 DAGs
[2025-02-19T13:18:10.541+0000] {logging_mixin.py:190} INFO - [2025-02-19T13:18:10.541+0000] {dag.py:4180} INFO - Setting next_dagrun for example_trigger_controller_dag to 2021-01-01 00:00:00+00:00, run_after=2021-01-01 00:00:00+00:00
[2025-02-19T13:18:10.556+0000] {processor.py:208} INFO - Processing /home/airflow/.local/lib/python3.12/site-packages/airflow/example_dags/example_trigger_controller_dag.py took 0.058 seconds
