[2025-02-19T13:17:42.418+0000] {processor.py:186} INFO - Started process (PID=114) to work on /home/airflow/.local/lib/python3.12/site-packages/airflow/example_dags/example_bash_decorator.py
[2025-02-19T13:17:42.419+0000] {processor.py:914} INFO - Processing file /home/airflow/.local/lib/python3.12/site-packages/airflow/example_dags/example_bash_decorator.py for tasks to queue
[2025-02-19T13:17:42.420+0000] {logging_mixin.py:190} INFO - [2025-02-19T13:17:42.420+0000] {dagbag.py:588} INFO - Filling up the DagBag from /home/airflow/.local/lib/python3.12/site-packages/airflow/example_dags/example_bash_decorator.py
[2025-02-19T13:17:42.433+0000] {processor.py:925} INFO - DAG(s) 'example_bash_decorator' retrieved from /home/airflow/.local/lib/python3.12/site-packages/airflow/example_dags/example_bash_decorator.py
[2025-02-19T13:17:42.514+0000] {logging_mixin.py:190} INFO - [2025-02-19T13:17:42.514+0000] {override.py:1912} INFO - Created Permission View: can read on DAG:example_bash_decorator
[2025-02-19T13:17:42.523+0000] {logging_mixin.py:190} INFO - [2025-02-19T13:17:42.523+0000] {override.py:1912} INFO - Created Permission View: can edit on DAG:example_bash_decorator
[2025-02-19T13:17:42.529+0000] {logging_mixin.py:190} INFO - [2025-02-19T13:17:42.529+0000] {override.py:1912} INFO - Created Permission View: can delete on DAG:example_bash_decorator
[2025-02-19T13:17:42.538+0000] {logging_mixin.py:190} INFO - [2025-02-19T13:17:42.537+0000] {override.py:1912} INFO - Created Permission View: can read on DAG Run:example_bash_decorator
[2025-02-19T13:17:42.544+0000] {logging_mixin.py:190} INFO - [2025-02-19T13:17:42.543+0000] {override.py:1912} INFO - Created Permission View: can create on DAG Run:example_bash_decorator
[2025-02-19T13:17:42.549+0000] {logging_mixin.py:190} INFO - [2025-02-19T13:17:42.549+0000] {override.py:1912} INFO - Created Permission View: menu access on DAG Run:example_bash_decorator
[2025-02-19T13:17:42.555+0000] {logging_mixin.py:190} INFO - [2025-02-19T13:17:42.555+0000] {override.py:1912} INFO - Created Permission View: can delete on DAG Run:example_bash_decorator
[2025-02-19T13:17:42.556+0000] {logging_mixin.py:190} INFO - [2025-02-19T13:17:42.556+0000] {dag.py:3239} INFO - Sync 1 DAGs
[2025-02-19T13:17:42.566+0000] {logging_mixin.py:190} INFO - [2025-02-19T13:17:42.566+0000] {dag.py:3262} INFO - Creating ORM DAG for example_bash_decorator
[2025-02-19T13:17:42.567+0000] {logging_mixin.py:190} INFO - [2025-02-19T13:17:42.566+0000] {dag.py:4180} INFO - Setting next_dagrun for example_bash_decorator to None, run_after=None
[2025-02-19T13:17:42.582+0000] {processor.py:208} INFO - Processing /home/airflow/.local/lib/python3.12/site-packages/airflow/example_dags/example_bash_decorator.py took 0.168 seconds
[2025-02-19T13:18:12.858+0000] {processor.py:186} INFO - Started process (PID=177) to work on /home/airflow/.local/lib/python3.12/site-packages/airflow/example_dags/example_bash_decorator.py
[2025-02-19T13:18:12.858+0000] {processor.py:914} INFO - Processing file /home/airflow/.local/lib/python3.12/site-packages/airflow/example_dags/example_bash_decorator.py for tasks to queue
[2025-02-19T13:18:12.860+0000] {logging_mixin.py:190} INFO - [2025-02-19T13:18:12.860+0000] {dagbag.py:588} INFO - Filling up the DagBag from /home/airflow/.local/lib/python3.12/site-packages/airflow/example_dags/example_bash_decorator.py
[2025-02-19T13:18:12.871+0000] {processor.py:925} INFO - DAG(s) 'example_bash_decorator' retrieved from /home/airflow/.local/lib/python3.12/site-packages/airflow/example_dags/example_bash_decorator.py
[2025-02-19T13:18:12.890+0000] {logging_mixin.py:190} INFO - [2025-02-19T13:18:12.890+0000] {dag.py:3239} INFO - Sync 1 DAGs
[2025-02-19T13:18:12.902+0000] {logging_mixin.py:190} INFO - [2025-02-19T13:18:12.902+0000] {dag.py:4180} INFO - Setting next_dagrun for example_bash_decorator to None, run_after=None
[2025-02-19T13:18:12.917+0000] {processor.py:208} INFO - Processing /home/airflow/.local/lib/python3.12/site-packages/airflow/example_dags/example_bash_decorator.py took 0.064 seconds
