[2025-02-19T13:17:41.916+0000] {processor.py:186} INFO - Started process (PID=109) to work on /home/airflow/.local/lib/python3.12/site-packages/airflow/example_dags/example_sensors.py
[2025-02-19T13:17:41.917+0000] {processor.py:914} INFO - Processing file /home/airflow/.local/lib/python3.12/site-packages/airflow/example_dags/example_sensors.py for tasks to queue
[2025-02-19T13:17:41.918+0000] {logging_mixin.py:190} INFO - [2025-02-19T13:17:41.918+0000] {dagbag.py:588} INFO - Filling up the DagBag from /home/airflow/.local/lib/python3.12/site-packages/airflow/example_dags/example_sensors.py
[2025-02-19T13:17:41.928+0000] {processor.py:925} INFO - DAG(s) 'example_sensors' retrieved from /home/airflow/.local/lib/python3.12/site-packages/airflow/example_dags/example_sensors.py
[2025-02-19T13:17:42.021+0000] {logging_mixin.py:190} INFO - [2025-02-19T13:17:42.020+0000] {override.py:1912} INFO - Created Permission View: can read on DAG:example_sensors
[2025-02-19T13:17:42.029+0000] {logging_mixin.py:190} INFO - [2025-02-19T13:17:42.029+0000] {override.py:1912} INFO - Created Permission View: can edit on DAG:example_sensors
[2025-02-19T13:17:42.036+0000] {logging_mixin.py:190} INFO - [2025-02-19T13:17:42.036+0000] {override.py:1912} INFO - Created Permission View: can delete on DAG:example_sensors
[2025-02-19T13:17:42.045+0000] {logging_mixin.py:190} INFO - [2025-02-19T13:17:42.045+0000] {override.py:1912} INFO - Created Permission View: can read on DAG Run:example_sensors
[2025-02-19T13:17:42.052+0000] {logging_mixin.py:190} INFO - [2025-02-19T13:17:42.051+0000] {override.py:1912} INFO - Created Permission View: can create on DAG Run:example_sensors
[2025-02-19T13:17:42.058+0000] {logging_mixin.py:190} INFO - [2025-02-19T13:17:42.058+0000] {override.py:1912} INFO - Created Permission View: menu access on DAG Run:example_sensors
[2025-02-19T13:17:42.064+0000] {logging_mixin.py:190} INFO - [2025-02-19T13:17:42.064+0000] {override.py:1912} INFO - Created Permission View: can delete on DAG Run:example_sensors
[2025-02-19T13:17:42.065+0000] {logging_mixin.py:190} INFO - [2025-02-19T13:17:42.065+0000] {dag.py:3239} INFO - Sync 1 DAGs
[2025-02-19T13:17:42.075+0000] {logging_mixin.py:190} INFO - [2025-02-19T13:17:42.074+0000] {dag.py:3262} INFO - Creating ORM DAG for example_sensors
[2025-02-19T13:17:42.075+0000] {logging_mixin.py:190} INFO - [2025-02-19T13:17:42.075+0000] {dag.py:4180} INFO - Setting next_dagrun for example_sensors to None, run_after=None
[2025-02-19T13:17:42.088+0000] {processor.py:208} INFO - Processing /home/airflow/.local/lib/python3.12/site-packages/airflow/example_dags/example_sensors.py took 0.177 seconds
[2025-02-19T13:18:12.639+0000] {processor.py:186} INFO - Started process (PID=172) to work on /home/airflow/.local/lib/python3.12/site-packages/airflow/example_dags/example_sensors.py
[2025-02-19T13:18:12.640+0000] {processor.py:914} INFO - Processing file /home/airflow/.local/lib/python3.12/site-packages/airflow/example_dags/example_sensors.py for tasks to queue
[2025-02-19T13:18:12.641+0000] {logging_mixin.py:190} INFO - [2025-02-19T13:18:12.641+0000] {dagbag.py:588} INFO - Filling up the DagBag from /home/airflow/.local/lib/python3.12/site-packages/airflow/example_dags/example_sensors.py
[2025-02-19T13:18:12.650+0000] {processor.py:925} INFO - DAG(s) 'example_sensors' retrieved from /home/airflow/.local/lib/python3.12/site-packages/airflow/example_dags/example_sensors.py
[2025-02-19T13:18:12.669+0000] {logging_mixin.py:190} INFO - [2025-02-19T13:18:12.669+0000] {dag.py:3239} INFO - Sync 1 DAGs
[2025-02-19T13:18:12.680+0000] {logging_mixin.py:190} INFO - [2025-02-19T13:18:12.680+0000] {dag.py:4180} INFO - Setting next_dagrun for example_sensors to None, run_after=None
[2025-02-19T13:18:12.696+0000] {processor.py:208} INFO - Processing /home/airflow/.local/lib/python3.12/site-packages/airflow/example_dags/example_sensors.py took 0.061 seconds
