[2025-02-19T13:17:42.609+0000] {processor.py:186} INFO - Started process (PID=116) to work on /home/airflow/.local/lib/python3.12/site-packages/airflow/example_dags/example_workday_timetable.py
[2025-02-19T13:17:42.610+0000] {processor.py:914} INFO - Processing file /home/airflow/.local/lib/python3.12/site-packages/airflow/example_dags/example_workday_timetable.py for tasks to queue
[2025-02-19T13:17:42.612+0000] {logging_mixin.py:190} INFO - [2025-02-19T13:17:42.611+0000] {dagbag.py:588} INFO - Filling up the DagBag from /home/airflow/.local/lib/python3.12/site-packages/airflow/example_dags/example_workday_timetable.py
[2025-02-19T13:17:42.617+0000] {processor.py:925} INFO - DAG(s) 'example_workday_timetable' retrieved from /home/airflow/.local/lib/python3.12/site-packages/airflow/example_dags/example_workday_timetable.py
[2025-02-19T13:17:42.699+0000] {logging_mixin.py:190} INFO - [2025-02-19T13:17:42.699+0000] {override.py:1912} INFO - Created Permission View: can read on DAG:example_workday_timetable
[2025-02-19T13:17:42.707+0000] {logging_mixin.py:190} INFO - [2025-02-19T13:17:42.707+0000] {override.py:1912} INFO - Created Permission View: can edit on DAG:example_workday_timetable
[2025-02-19T13:17:42.714+0000] {logging_mixin.py:190} INFO - [2025-02-19T13:17:42.714+0000] {override.py:1912} INFO - Created Permission View: can delete on DAG:example_workday_timetable
[2025-02-19T13:17:42.723+0000] {logging_mixin.py:190} INFO - [2025-02-19T13:17:42.722+0000] {override.py:1912} INFO - Created Permission View: can read on DAG Run:example_workday_timetable
[2025-02-19T13:17:42.728+0000] {logging_mixin.py:190} INFO - [2025-02-19T13:17:42.728+0000] {override.py:1912} INFO - Created Permission View: can create on DAG Run:example_workday_timetable
[2025-02-19T13:17:42.734+0000] {logging_mixin.py:190} INFO - [2025-02-19T13:17:42.734+0000] {override.py:1912} INFO - Created Permission View: menu access on DAG Run:example_workday_timetable
[2025-02-19T13:17:42.740+0000] {logging_mixin.py:190} INFO - [2025-02-19T13:17:42.740+0000] {override.py:1912} INFO - Created Permission View: can delete on DAG Run:example_workday_timetable
[2025-02-19T13:17:42.741+0000] {logging_mixin.py:190} INFO - [2025-02-19T13:17:42.741+0000] {dag.py:3239} INFO - Sync 1 DAGs
[2025-02-19T13:17:42.750+0000] {logging_mixin.py:190} INFO - [2025-02-19T13:17:42.750+0000] {dag.py:3262} INFO - Creating ORM DAG for example_workday_timetable
[2025-02-19T13:17:42.787+0000] {logging_mixin.py:190} INFO - [2025-02-19T13:17:42.786+0000] {dag.py:4180} INFO - Setting next_dagrun for example_workday_timetable to 2021-01-04 00:00:00+00:00, run_after=2021-01-05 00:00:00+00:00
[2025-02-19T13:17:42.803+0000] {processor.py:208} INFO - Processing /home/airflow/.local/lib/python3.12/site-packages/airflow/example_dags/example_workday_timetable.py took 0.197 seconds
[2025-02-19T13:18:12.946+0000] {processor.py:186} INFO - Started process (PID=179) to work on /home/airflow/.local/lib/python3.12/site-packages/airflow/example_dags/example_workday_timetable.py
[2025-02-19T13:18:12.946+0000] {processor.py:914} INFO - Processing file /home/airflow/.local/lib/python3.12/site-packages/airflow/example_dags/example_workday_timetable.py for tasks to queue
[2025-02-19T13:18:12.948+0000] {logging_mixin.py:190} INFO - [2025-02-19T13:18:12.948+0000] {dagbag.py:588} INFO - Filling up the DagBag from /home/airflow/.local/lib/python3.12/site-packages/airflow/example_dags/example_workday_timetable.py
[2025-02-19T13:18:12.952+0000] {processor.py:925} INFO - DAG(s) 'example_workday_timetable' retrieved from /home/airflow/.local/lib/python3.12/site-packages/airflow/example_dags/example_workday_timetable.py
[2025-02-19T13:18:12.967+0000] {logging_mixin.py:190} INFO - [2025-02-19T13:18:12.967+0000] {dag.py:3239} INFO - Sync 1 DAGs
[2025-02-19T13:18:13.014+0000] {logging_mixin.py:190} INFO - [2025-02-19T13:18:13.014+0000] {dag.py:4180} INFO - Setting next_dagrun for example_workday_timetable to 2021-01-04 00:00:00+00:00, run_after=2021-01-05 00:00:00+00:00
[2025-02-19T13:18:13.031+0000] {processor.py:208} INFO - Processing /home/airflow/.local/lib/python3.12/site-packages/airflow/example_dags/example_workday_timetable.py took 0.090 seconds
