[2025-02-19T13:17:42.490+0000] {processor.py:186} INFO - Started process (PID=115) to work on /home/airflow/.local/lib/python3.12/site-packages/airflow/example_dags/example_latest_only.py
[2025-02-19T13:17:42.491+0000] {processor.py:914} INFO - Processing file /home/airflow/.local/lib/python3.12/site-packages/airflow/example_dags/example_latest_only.py for tasks to queue
[2025-02-19T13:17:42.493+0000] {logging_mixin.py:190} INFO - [2025-02-19T13:17:42.492+0000] {dagbag.py:588} INFO - Filling up the DagBag from /home/airflow/.local/lib/python3.12/site-packages/airflow/example_dags/example_latest_only.py
[2025-02-19T13:17:42.498+0000] {processor.py:925} INFO - DAG(s) 'latest_only' retrieved from /home/airflow/.local/lib/python3.12/site-packages/airflow/example_dags/example_latest_only.py
[2025-02-19T13:17:42.580+0000] {logging_mixin.py:190} INFO - [2025-02-19T13:17:42.579+0000] {override.py:1912} INFO - Created Permission View: can read on DAG:latest_only
[2025-02-19T13:17:42.589+0000] {logging_mixin.py:190} INFO - [2025-02-19T13:17:42.589+0000] {override.py:1912} INFO - Created Permission View: can edit on DAG:latest_only
[2025-02-19T13:17:42.595+0000] {logging_mixin.py:190} INFO - [2025-02-19T13:17:42.595+0000] {override.py:1912} INFO - Created Permission View: can delete on DAG:latest_only
[2025-02-19T13:17:42.604+0000] {logging_mixin.py:190} INFO - [2025-02-19T13:17:42.604+0000] {override.py:1912} INFO - Created Permission View: can read on DAG Run:latest_only
[2025-02-19T13:17:42.610+0000] {logging_mixin.py:190} INFO - [2025-02-19T13:17:42.610+0000] {override.py:1912} INFO - Created Permission View: can create on DAG Run:latest_only
[2025-02-19T13:17:42.616+0000] {logging_mixin.py:190} INFO - [2025-02-19T13:17:42.616+0000] {override.py:1912} INFO - Created Permission View: menu access on DAG Run:latest_only
[2025-02-19T13:17:42.623+0000] {logging_mixin.py:190} INFO - [2025-02-19T13:17:42.622+0000] {override.py:1912} INFO - Created Permission View: can delete on DAG Run:latest_only
[2025-02-19T13:17:42.623+0000] {logging_mixin.py:190} INFO - [2025-02-19T13:17:42.623+0000] {dag.py:3239} INFO - Sync 1 DAGs
[2025-02-19T13:17:42.632+0000] {logging_mixin.py:190} INFO - [2025-02-19T13:17:42.632+0000] {dag.py:3262} INFO - Creating ORM DAG for latest_only
[2025-02-19T13:17:42.639+0000] {logging_mixin.py:190} INFO - [2025-02-19T13:17:42.639+0000] {dag.py:4180} INFO - Setting next_dagrun for latest_only to 2025-02-19 08:00:00+00:00, run_after=2025-02-19 12:00:00+00:00
[2025-02-19T13:17:42.653+0000] {processor.py:208} INFO - Processing /home/airflow/.local/lib/python3.12/site-packages/airflow/example_dags/example_latest_only.py took 0.167 seconds
[2025-02-19T13:18:12.892+0000] {processor.py:186} INFO - Started process (PID=178) to work on /home/airflow/.local/lib/python3.12/site-packages/airflow/example_dags/example_latest_only.py
[2025-02-19T13:18:12.892+0000] {processor.py:914} INFO - Processing file /home/airflow/.local/lib/python3.12/site-packages/airflow/example_dags/example_latest_only.py for tasks to queue
[2025-02-19T13:18:12.894+0000] {logging_mixin.py:190} INFO - [2025-02-19T13:18:12.894+0000] {dagbag.py:588} INFO - Filling up the DagBag from /home/airflow/.local/lib/python3.12/site-packages/airflow/example_dags/example_latest_only.py
[2025-02-19T13:18:12.899+0000] {processor.py:925} INFO - DAG(s) 'latest_only' retrieved from /home/airflow/.local/lib/python3.12/site-packages/airflow/example_dags/example_latest_only.py
[2025-02-19T13:18:12.914+0000] {logging_mixin.py:190} INFO - [2025-02-19T13:18:12.914+0000] {dag.py:3239} INFO - Sync 1 DAGs
[2025-02-19T13:18:12.931+0000] {logging_mixin.py:190} INFO - [2025-02-19T13:18:12.931+0000] {dag.py:4180} INFO - Setting next_dagrun for latest_only to 2025-02-19 08:00:00+00:00, run_after=2025-02-19 12:00:00+00:00
[2025-02-19T13:18:12.946+0000] {processor.py:208} INFO - Processing /home/airflow/.local/lib/python3.12/site-packages/airflow/example_dags/example_latest_only.py took 0.059 seconds
