[2025-02-19T13:17:40.516+0000] {processor.py:186} INFO - Started process (PID=101) to work on /home/airflow/.local/lib/python3.12/site-packages/airflow/example_dags/example_dataset_alias.py
[2025-02-19T13:17:40.517+0000] {processor.py:914} INFO - Processing file /home/airflow/.local/lib/python3.12/site-packages/airflow/example_dags/example_dataset_alias.py for tasks to queue
[2025-02-19T13:17:40.518+0000] {logging_mixin.py:190} INFO - [2025-02-19T13:17:40.518+0000] {dagbag.py:588} INFO - Filling up the DagBag from /home/airflow/.local/lib/python3.12/site-packages/airflow/example_dags/example_dataset_alias.py
[2025-02-19T13:17:41.020+0000] {processor.py:925} INFO - DAG(s) 'dataset_alias_example_alias_consumer', 'dataset_s3_bucket_consumer', 'dataset_alias_example_alias_producer', 'dataset_s3_bucket_producer' retrieved from /home/airflow/.local/lib/python3.12/site-packages/airflow/example_dags/example_dataset_alias.py
[2025-02-19T13:17:41.103+0000] {logging_mixin.py:190} INFO - [2025-02-19T13:17:41.103+0000] {override.py:1912} INFO - Created Permission View: can read on DAG:dataset_alias_example_alias_consumer
[2025-02-19T13:17:41.112+0000] {logging_mixin.py:190} INFO - [2025-02-19T13:17:41.112+0000] {override.py:1912} INFO - Created Permission View: can edit on DAG:dataset_alias_example_alias_consumer
[2025-02-19T13:17:41.118+0000] {logging_mixin.py:190} INFO - [2025-02-19T13:17:41.118+0000] {override.py:1912} INFO - Created Permission View: can delete on DAG:dataset_alias_example_alias_consumer
[2025-02-19T13:17:41.128+0000] {logging_mixin.py:190} INFO - [2025-02-19T13:17:41.128+0000] {override.py:1912} INFO - Created Permission View: can read on DAG Run:dataset_alias_example_alias_consumer
[2025-02-19T13:17:41.134+0000] {logging_mixin.py:190} INFO - [2025-02-19T13:17:41.134+0000] {override.py:1912} INFO - Created Permission View: can create on DAG Run:dataset_alias_example_alias_consumer
[2025-02-19T13:17:41.140+0000] {logging_mixin.py:190} INFO - [2025-02-19T13:17:41.140+0000] {override.py:1912} INFO - Created Permission View: menu access on DAG Run:dataset_alias_example_alias_consumer
[2025-02-19T13:17:41.148+0000] {logging_mixin.py:190} INFO - [2025-02-19T13:17:41.148+0000] {override.py:1912} INFO - Created Permission View: can delete on DAG Run:dataset_alias_example_alias_consumer
[2025-02-19T13:17:41.160+0000] {logging_mixin.py:190} INFO - [2025-02-19T13:17:41.160+0000] {override.py:1912} INFO - Created Permission View: can read on DAG:dataset_s3_bucket_consumer
[2025-02-19T13:17:41.168+0000] {logging_mixin.py:190} INFO - [2025-02-19T13:17:41.168+0000] {override.py:1912} INFO - Created Permission View: can edit on DAG:dataset_s3_bucket_consumer
[2025-02-19T13:17:41.174+0000] {logging_mixin.py:190} INFO - [2025-02-19T13:17:41.174+0000] {override.py:1912} INFO - Created Permission View: can delete on DAG:dataset_s3_bucket_consumer
[2025-02-19T13:17:41.183+0000] {logging_mixin.py:190} INFO - [2025-02-19T13:17:41.183+0000] {override.py:1912} INFO - Created Permission View: can read on DAG Run:dataset_s3_bucket_consumer
[2025-02-19T13:17:41.189+0000] {logging_mixin.py:190} INFO - [2025-02-19T13:17:41.189+0000] {override.py:1912} INFO - Created Permission View: can create on DAG Run:dataset_s3_bucket_consumer
[2025-02-19T13:17:41.195+0000] {logging_mixin.py:190} INFO - [2025-02-19T13:17:41.195+0000] {override.py:1912} INFO - Created Permission View: menu access on DAG Run:dataset_s3_bucket_consumer
[2025-02-19T13:17:41.201+0000] {logging_mixin.py:190} INFO - [2025-02-19T13:17:41.201+0000] {override.py:1912} INFO - Created Permission View: can delete on DAG Run:dataset_s3_bucket_consumer
[2025-02-19T13:17:41.214+0000] {logging_mixin.py:190} INFO - [2025-02-19T13:17:41.214+0000] {override.py:1912} INFO - Created Permission View: can read on DAG:dataset_alias_example_alias_producer
[2025-02-19T13:17:41.220+0000] {logging_mixin.py:190} INFO - [2025-02-19T13:17:41.220+0000] {override.py:1912} INFO - Created Permission View: can edit on DAG:dataset_alias_example_alias_producer
[2025-02-19T13:17:41.226+0000] {logging_mixin.py:190} INFO - [2025-02-19T13:17:41.226+0000] {override.py:1912} INFO - Created Permission View: can delete on DAG:dataset_alias_example_alias_producer
[2025-02-19T13:17:41.235+0000] {logging_mixin.py:190} INFO - [2025-02-19T13:17:41.234+0000] {override.py:1912} INFO - Created Permission View: can read on DAG Run:dataset_alias_example_alias_producer
[2025-02-19T13:17:41.241+0000] {logging_mixin.py:190} INFO - [2025-02-19T13:17:41.241+0000] {override.py:1912} INFO - Created Permission View: can create on DAG Run:dataset_alias_example_alias_producer
[2025-02-19T13:17:41.247+0000] {logging_mixin.py:190} INFO - [2025-02-19T13:17:41.247+0000] {override.py:1912} INFO - Created Permission View: menu access on DAG Run:dataset_alias_example_alias_producer
[2025-02-19T13:17:41.253+0000] {logging_mixin.py:190} INFO - [2025-02-19T13:17:41.253+0000] {override.py:1912} INFO - Created Permission View: can delete on DAG Run:dataset_alias_example_alias_producer
[2025-02-19T13:17:41.267+0000] {logging_mixin.py:190} INFO - [2025-02-19T13:17:41.267+0000] {override.py:1912} INFO - Created Permission View: can read on DAG:dataset_s3_bucket_producer
[2025-02-19T13:17:41.274+0000] {logging_mixin.py:190} INFO - [2025-02-19T13:17:41.273+0000] {override.py:1912} INFO - Created Permission View: can edit on DAG:dataset_s3_bucket_producer
[2025-02-19T13:17:41.280+0000] {logging_mixin.py:190} INFO - [2025-02-19T13:17:41.280+0000] {override.py:1912} INFO - Created Permission View: can delete on DAG:dataset_s3_bucket_producer
[2025-02-19T13:17:41.289+0000] {logging_mixin.py:190} INFO - [2025-02-19T13:17:41.289+0000] {override.py:1912} INFO - Created Permission View: can read on DAG Run:dataset_s3_bucket_producer
[2025-02-19T13:17:41.295+0000] {logging_mixin.py:190} INFO - [2025-02-19T13:17:41.295+0000] {override.py:1912} INFO - Created Permission View: can create on DAG Run:dataset_s3_bucket_producer
[2025-02-19T13:17:41.301+0000] {logging_mixin.py:190} INFO - [2025-02-19T13:17:41.301+0000] {override.py:1912} INFO - Created Permission View: menu access on DAG Run:dataset_s3_bucket_producer
[2025-02-19T13:17:41.307+0000] {logging_mixin.py:190} INFO - [2025-02-19T13:17:41.306+0000] {override.py:1912} INFO - Created Permission View: can delete on DAG Run:dataset_s3_bucket_producer
[2025-02-19T13:17:41.307+0000] {logging_mixin.py:190} INFO - [2025-02-19T13:17:41.307+0000] {dag.py:3239} INFO - Sync 4 DAGs
[2025-02-19T13:17:41.317+0000] {logging_mixin.py:190} INFO - [2025-02-19T13:17:41.317+0000] {dag.py:3262} INFO - Creating ORM DAG for dataset_s3_bucket_consumer
[2025-02-19T13:17:41.318+0000] {logging_mixin.py:190} INFO - [2025-02-19T13:17:41.317+0000] {dag.py:3262} INFO - Creating ORM DAG for dataset_alias_example_alias_producer
[2025-02-19T13:17:41.318+0000] {logging_mixin.py:190} INFO - [2025-02-19T13:17:41.318+0000] {dag.py:3262} INFO - Creating ORM DAG for dataset_s3_bucket_producer
[2025-02-19T13:17:41.319+0000] {logging_mixin.py:190} INFO - [2025-02-19T13:17:41.318+0000] {dag.py:3262} INFO - Creating ORM DAG for dataset_alias_example_alias_consumer
[2025-02-19T13:17:41.325+0000] {logging_mixin.py:190} INFO - [2025-02-19T13:17:41.325+0000] {dag.py:4180} INFO - Setting next_dagrun for dataset_alias_example_alias_consumer to None, run_after=None
[2025-02-19T13:17:41.325+0000] {logging_mixin.py:190} INFO - [2025-02-19T13:17:41.325+0000] {dag.py:4180} INFO - Setting next_dagrun for dataset_alias_example_alias_producer to None, run_after=None
[2025-02-19T13:17:41.326+0000] {logging_mixin.py:190} INFO - [2025-02-19T13:17:41.326+0000] {dag.py:4180} INFO - Setting next_dagrun for dataset_s3_bucket_consumer to None, run_after=None
[2025-02-19T13:17:41.326+0000] {logging_mixin.py:190} INFO - [2025-02-19T13:17:41.326+0000] {dag.py:4180} INFO - Setting next_dagrun for dataset_s3_bucket_producer to None, run_after=None
[2025-02-19T13:17:41.351+0000] {processor.py:208} INFO - Processing /home/airflow/.local/lib/python3.12/site-packages/airflow/example_dags/example_dataset_alias.py took 0.840 seconds
[2025-02-19T13:18:11.687+0000] {processor.py:186} INFO - Started process (PID=164) to work on /home/airflow/.local/lib/python3.12/site-packages/airflow/example_dags/example_dataset_alias.py
[2025-02-19T13:18:11.688+0000] {processor.py:914} INFO - Processing file /home/airflow/.local/lib/python3.12/site-packages/airflow/example_dags/example_dataset_alias.py for tasks to queue
[2025-02-19T13:18:11.690+0000] {logging_mixin.py:190} INFO - [2025-02-19T13:18:11.690+0000] {dagbag.py:588} INFO - Filling up the DagBag from /home/airflow/.local/lib/python3.12/site-packages/airflow/example_dags/example_dataset_alias.py
[2025-02-19T13:18:12.180+0000] {processor.py:925} INFO - DAG(s) 'dataset_s3_bucket_producer', 'dataset_s3_bucket_consumer', 'dataset_alias_example_alias_consumer', 'dataset_alias_example_alias_producer' retrieved from /home/airflow/.local/lib/python3.12/site-packages/airflow/example_dags/example_dataset_alias.py
[2025-02-19T13:18:12.195+0000] {logging_mixin.py:190} INFO - [2025-02-19T13:18:12.194+0000] {dag.py:3239} INFO - Sync 4 DAGs
[2025-02-19T13:18:12.213+0000] {logging_mixin.py:190} INFO - [2025-02-19T13:18:12.213+0000] {dag.py:4180} INFO - Setting next_dagrun for dataset_alias_example_alias_consumer to None, run_after=None
[2025-02-19T13:18:12.215+0000] {logging_mixin.py:190} INFO - [2025-02-19T13:18:12.214+0000] {dag.py:4180} INFO - Setting next_dagrun for dataset_alias_example_alias_producer to None, run_after=None
[2025-02-19T13:18:12.216+0000] {logging_mixin.py:190} INFO - [2025-02-19T13:18:12.216+0000] {dag.py:4180} INFO - Setting next_dagrun for dataset_s3_bucket_consumer to None, run_after=None
[2025-02-19T13:18:12.217+0000] {logging_mixin.py:190} INFO - [2025-02-19T13:18:12.217+0000] {dag.py:4180} INFO - Setting next_dagrun for dataset_s3_bucket_producer to None, run_after=None
[2025-02-19T13:18:12.236+0000] {processor.py:208} INFO - Processing /home/airflow/.local/lib/python3.12/site-packages/airflow/example_dags/example_dataset_alias.py took 0.553 seconds
