[2025-02-19T13:17:34.970+0000] {processor.py:186} INFO - Started process (PID=63) to work on /home/airflow/.local/lib/python3.12/site-packages/airflow/example_dags/example_short_circuit_operator.py
[2025-02-19T13:17:34.971+0000] {processor.py:914} INFO - Processing file /home/airflow/.local/lib/python3.12/site-packages/airflow/example_dags/example_short_circuit_operator.py for tasks to queue
[2025-02-19T13:17:34.973+0000] {logging_mixin.py:190} INFO - [2025-02-19T13:17:34.973+0000] {dagbag.py:588} INFO - Filling up the DagBag from /home/airflow/.local/lib/python3.12/site-packages/airflow/example_dags/example_short_circuit_operator.py
[2025-02-19T13:17:34.982+0000] {processor.py:925} INFO - DAG(s) 'example_short_circuit_operator' retrieved from /home/airflow/.local/lib/python3.12/site-packages/airflow/example_dags/example_short_circuit_operator.py
[2025-02-19T13:17:35.087+0000] {logging_mixin.py:190} INFO - [2025-02-19T13:17:35.086+0000] {override.py:1912} INFO - Created Permission View: can read on DAG:example_short_circuit_operator
[2025-02-19T13:17:35.096+0000] {logging_mixin.py:190} INFO - [2025-02-19T13:17:35.096+0000] {override.py:1912} INFO - Created Permission View: can edit on DAG:example_short_circuit_operator
[2025-02-19T13:17:35.102+0000] {logging_mixin.py:190} INFO - [2025-02-19T13:17:35.102+0000] {override.py:1912} INFO - Created Permission View: can delete on DAG:example_short_circuit_operator
[2025-02-19T13:17:35.113+0000] {logging_mixin.py:190} INFO - [2025-02-19T13:17:35.113+0000] {override.py:1912} INFO - Created Permission View: can read on DAG Run:example_short_circuit_operator
[2025-02-19T13:17:35.120+0000] {logging_mixin.py:190} INFO - [2025-02-19T13:17:35.120+0000] {override.py:1912} INFO - Created Permission View: can create on DAG Run:example_short_circuit_operator
[2025-02-19T13:17:35.126+0000] {logging_mixin.py:190} INFO - [2025-02-19T13:17:35.126+0000] {override.py:1912} INFO - Created Permission View: menu access on DAG Run:example_short_circuit_operator
[2025-02-19T13:17:35.132+0000] {logging_mixin.py:190} INFO - [2025-02-19T13:17:35.132+0000] {override.py:1912} INFO - Created Permission View: can delete on DAG Run:example_short_circuit_operator
[2025-02-19T13:17:35.132+0000] {logging_mixin.py:190} INFO - [2025-02-19T13:17:35.132+0000] {dag.py:3239} INFO - Sync 1 DAGs
[2025-02-19T13:17:35.142+0000] {logging_mixin.py:190} INFO - [2025-02-19T13:17:35.142+0000] {dag.py:3262} INFO - Creating ORM DAG for example_short_circuit_operator
[2025-02-19T13:17:35.143+0000] {logging_mixin.py:190} INFO - [2025-02-19T13:17:35.143+0000] {dag.py:4180} INFO - Setting next_dagrun for example_short_circuit_operator to None, run_after=None
[2025-02-19T13:17:35.159+0000] {processor.py:208} INFO - Processing /home/airflow/.local/lib/python3.12/site-packages/airflow/example_dags/example_short_circuit_operator.py took 0.193 seconds
[2025-02-19T13:18:05.276+0000] {processor.py:186} INFO - Started process (PID=126) to work on /home/airflow/.local/lib/python3.12/site-packages/airflow/example_dags/example_short_circuit_operator.py
[2025-02-19T13:18:05.276+0000] {processor.py:914} INFO - Processing file /home/airflow/.local/lib/python3.12/site-packages/airflow/example_dags/example_short_circuit_operator.py for tasks to queue
[2025-02-19T13:18:05.278+0000] {logging_mixin.py:190} INFO - [2025-02-19T13:18:05.278+0000] {dagbag.py:588} INFO - Filling up the DagBag from /home/airflow/.local/lib/python3.12/site-packages/airflow/example_dags/example_short_circuit_operator.py
[2025-02-19T13:18:05.284+0000] {processor.py:925} INFO - DAG(s) 'example_short_circuit_operator' retrieved from /home/airflow/.local/lib/python3.12/site-packages/airflow/example_dags/example_short_circuit_operator.py
[2025-02-19T13:18:05.301+0000] {logging_mixin.py:190} INFO - [2025-02-19T13:18:05.301+0000] {dag.py:3239} INFO - Sync 1 DAGs
[2025-02-19T13:18:05.311+0000] {logging_mixin.py:190} INFO - [2025-02-19T13:18:05.311+0000] {dag.py:4180} INFO - Setting next_dagrun for example_short_circuit_operator to None, run_after=None
[2025-02-19T13:18:05.326+0000] {processor.py:208} INFO - Processing /home/airflow/.local/lib/python3.12/site-packages/airflow/example_dags/example_short_circuit_operator.py took 0.055 seconds
