[2025-02-19T13:17:38.634+0000] {processor.py:186} INFO - Started process (PID=85) to work on /home/airflow/.local/lib/python3.12/site-packages/airflow/example_dags/example_branch_python_dop_operator_3.py
[2025-02-19T13:17:38.635+0000] {processor.py:914} INFO - Processing file /home/airflow/.local/lib/python3.12/site-packages/airflow/example_dags/example_branch_python_dop_operator_3.py for tasks to queue
[2025-02-19T13:17:38.636+0000] {logging_mixin.py:190} INFO - [2025-02-19T13:17:38.636+0000] {dagbag.py:588} INFO - Filling up the DagBag from /home/airflow/.local/lib/python3.12/site-packages/airflow/example_dags/example_branch_python_dop_operator_3.py
[2025-02-19T13:17:38.646+0000] {processor.py:925} INFO - DAG(s) 'example_branch_dop_operator_v3' retrieved from /home/airflow/.local/lib/python3.12/site-packages/airflow/example_dags/example_branch_python_dop_operator_3.py
[2025-02-19T13:17:38.740+0000] {logging_mixin.py:190} INFO - [2025-02-19T13:17:38.740+0000] {override.py:1912} INFO - Created Permission View: can read on DAG:example_branch_dop_operator_v3
[2025-02-19T13:17:38.749+0000] {logging_mixin.py:190} INFO - [2025-02-19T13:17:38.749+0000] {override.py:1912} INFO - Created Permission View: can edit on DAG:example_branch_dop_operator_v3
[2025-02-19T13:17:38.756+0000] {logging_mixin.py:190} INFO - [2025-02-19T13:17:38.756+0000] {override.py:1912} INFO - Created Permission View: can delete on DAG:example_branch_dop_operator_v3
[2025-02-19T13:17:38.765+0000] {logging_mixin.py:190} INFO - [2025-02-19T13:17:38.765+0000] {override.py:1912} INFO - Created Permission View: can read on DAG Run:example_branch_dop_operator_v3
[2025-02-19T13:17:38.771+0000] {logging_mixin.py:190} INFO - [2025-02-19T13:17:38.771+0000] {override.py:1912} INFO - Created Permission View: can create on DAG Run:example_branch_dop_operator_v3
[2025-02-19T13:17:38.777+0000] {logging_mixin.py:190} INFO - [2025-02-19T13:17:38.777+0000] {override.py:1912} INFO - Created Permission View: menu access on DAG Run:example_branch_dop_operator_v3
[2025-02-19T13:17:38.784+0000] {logging_mixin.py:190} INFO - [2025-02-19T13:17:38.783+0000] {override.py:1912} INFO - Created Permission View: can delete on DAG Run:example_branch_dop_operator_v3
[2025-02-19T13:17:38.784+0000] {logging_mixin.py:190} INFO - [2025-02-19T13:17:38.784+0000] {dag.py:3239} INFO - Sync 1 DAGs
[2025-02-19T13:17:38.799+0000] {logging_mixin.py:190} INFO - [2025-02-19T13:17:38.799+0000] {dag.py:3262} INFO - Creating ORM DAG for example_branch_dop_operator_v3
[2025-02-19T13:17:38.810+0000] {logging_mixin.py:190} INFO - [2025-02-19T13:17:38.809+0000] {dag.py:4180} INFO - Setting next_dagrun for example_branch_dop_operator_v3 to 2025-02-19 13:16:00+00:00, run_after=2025-02-19 13:17:00+00:00
[2025-02-19T13:17:38.830+0000] {processor.py:208} INFO - Processing /home/airflow/.local/lib/python3.12/site-packages/airflow/example_dags/example_branch_python_dop_operator_3.py took 0.200 seconds
[2025-02-19T13:18:09.657+0000] {processor.py:186} INFO - Started process (PID=148) to work on /home/airflow/.local/lib/python3.12/site-packages/airflow/example_dags/example_branch_python_dop_operator_3.py
[2025-02-19T13:18:09.658+0000] {processor.py:914} INFO - Processing file /home/airflow/.local/lib/python3.12/site-packages/airflow/example_dags/example_branch_python_dop_operator_3.py for tasks to queue
[2025-02-19T13:18:09.659+0000] {logging_mixin.py:190} INFO - [2025-02-19T13:18:09.659+0000] {dagbag.py:588} INFO - Filling up the DagBag from /home/airflow/.local/lib/python3.12/site-packages/airflow/example_dags/example_branch_python_dop_operator_3.py
[2025-02-19T13:18:09.667+0000] {processor.py:925} INFO - DAG(s) 'example_branch_dop_operator_v3' retrieved from /home/airflow/.local/lib/python3.12/site-packages/airflow/example_dags/example_branch_python_dop_operator_3.py
[2025-02-19T13:18:09.681+0000] {logging_mixin.py:190} INFO - [2025-02-19T13:18:09.680+0000] {dag.py:3239} INFO - Sync 1 DAGs
[2025-02-19T13:18:09.700+0000] {logging_mixin.py:190} INFO - [2025-02-19T13:18:09.700+0000] {dag.py:4180} INFO - Setting next_dagrun for example_branch_dop_operator_v3 to 2025-02-19 13:17:00+00:00, run_after=2025-02-19 13:18:00+00:00
[2025-02-19T13:18:09.715+0000] {processor.py:208} INFO - Processing /home/airflow/.local/lib/python3.12/site-packages/airflow/example_dags/example_branch_python_dop_operator_3.py took 0.063 seconds
