[2025-02-19T13:17:41.619+0000] {processor.py:186} INFO - Started process (PID=107) to work on /home/airflow/.local/lib/python3.12/site-packages/airflow/example_dags/example_external_task_marker_dag.py
[2025-02-19T13:17:41.620+0000] {processor.py:914} INFO - Processing file /home/airflow/.local/lib/python3.12/site-packages/airflow/example_dags/example_external_task_marker_dag.py for tasks to queue
[2025-02-19T13:17:41.622+0000] {logging_mixin.py:190} INFO - [2025-02-19T13:17:41.622+0000] {dagbag.py:588} INFO - Filling up the DagBag from /home/airflow/.local/lib/python3.12/site-packages/airflow/example_dags/example_external_task_marker_dag.py
[2025-02-19T13:17:41.628+0000] {processor.py:925} INFO - DAG(s) 'example_external_task_marker_child', 'example_external_task_marker_parent' retrieved from /home/airflow/.local/lib/python3.12/site-packages/airflow/example_dags/example_external_task_marker_dag.py
[2025-02-19T13:17:41.711+0000] {logging_mixin.py:190} INFO - [2025-02-19T13:17:41.711+0000] {override.py:1912} INFO - Created Permission View: can read on DAG:example_external_task_marker_child
[2025-02-19T13:17:41.721+0000] {logging_mixin.py:190} INFO - [2025-02-19T13:17:41.721+0000] {override.py:1912} INFO - Created Permission View: can edit on DAG:example_external_task_marker_child
[2025-02-19T13:17:41.727+0000] {logging_mixin.py:190} INFO - [2025-02-19T13:17:41.727+0000] {override.py:1912} INFO - Created Permission View: can delete on DAG:example_external_task_marker_child
[2025-02-19T13:17:41.736+0000] {logging_mixin.py:190} INFO - [2025-02-19T13:17:41.736+0000] {override.py:1912} INFO - Created Permission View: can read on DAG Run:example_external_task_marker_child
[2025-02-19T13:17:41.742+0000] {logging_mixin.py:190} INFO - [2025-02-19T13:17:41.742+0000] {override.py:1912} INFO - Created Permission View: can create on DAG Run:example_external_task_marker_child
[2025-02-19T13:17:41.748+0000] {logging_mixin.py:190} INFO - [2025-02-19T13:17:41.748+0000] {override.py:1912} INFO - Created Permission View: menu access on DAG Run:example_external_task_marker_child
[2025-02-19T13:17:41.754+0000] {logging_mixin.py:190} INFO - [2025-02-19T13:17:41.754+0000] {override.py:1912} INFO - Created Permission View: can delete on DAG Run:example_external_task_marker_child
[2025-02-19T13:17:41.768+0000] {logging_mixin.py:190} INFO - [2025-02-19T13:17:41.768+0000] {override.py:1912} INFO - Created Permission View: can read on DAG:example_external_task_marker_parent
[2025-02-19T13:17:41.775+0000] {logging_mixin.py:190} INFO - [2025-02-19T13:17:41.774+0000] {override.py:1912} INFO - Created Permission View: can edit on DAG:example_external_task_marker_parent
[2025-02-19T13:17:41.781+0000] {logging_mixin.py:190} INFO - [2025-02-19T13:17:41.781+0000] {override.py:1912} INFO - Created Permission View: can delete on DAG:example_external_task_marker_parent
[2025-02-19T13:17:41.792+0000] {logging_mixin.py:190} INFO - [2025-02-19T13:17:41.791+0000] {override.py:1912} INFO - Created Permission View: can read on DAG Run:example_external_task_marker_parent
[2025-02-19T13:17:41.798+0000] {logging_mixin.py:190} INFO - [2025-02-19T13:17:41.797+0000] {override.py:1912} INFO - Created Permission View: can create on DAG Run:example_external_task_marker_parent
[2025-02-19T13:17:41.804+0000] {logging_mixin.py:190} INFO - [2025-02-19T13:17:41.804+0000] {override.py:1912} INFO - Created Permission View: menu access on DAG Run:example_external_task_marker_parent
[2025-02-19T13:17:41.810+0000] {logging_mixin.py:190} INFO - [2025-02-19T13:17:41.810+0000] {override.py:1912} INFO - Created Permission View: can delete on DAG Run:example_external_task_marker_parent
[2025-02-19T13:17:41.810+0000] {logging_mixin.py:190} INFO - [2025-02-19T13:17:41.810+0000] {dag.py:3239} INFO - Sync 2 DAGs
[2025-02-19T13:17:41.820+0000] {logging_mixin.py:190} INFO - [2025-02-19T13:17:41.819+0000] {dag.py:3262} INFO - Creating ORM DAG for example_external_task_marker_child
[2025-02-19T13:17:41.820+0000] {logging_mixin.py:190} INFO - [2025-02-19T13:17:41.820+0000] {dag.py:3262} INFO - Creating ORM DAG for example_external_task_marker_parent
[2025-02-19T13:17:41.821+0000] {logging_mixin.py:190} INFO - [2025-02-19T13:17:41.821+0000] {dag.py:4180} INFO - Setting next_dagrun for example_external_task_marker_child to None, run_after=None
[2025-02-19T13:17:41.822+0000] {logging_mixin.py:190} INFO - [2025-02-19T13:17:41.821+0000] {dag.py:4180} INFO - Setting next_dagrun for example_external_task_marker_parent to None, run_after=None
[2025-02-19T13:17:41.836+0000] {processor.py:208} INFO - Processing /home/airflow/.local/lib/python3.12/site-packages/airflow/example_dags/example_external_task_marker_dag.py took 0.221 seconds
[2025-02-19T13:18:12.547+0000] {processor.py:186} INFO - Started process (PID=170) to work on /home/airflow/.local/lib/python3.12/site-packages/airflow/example_dags/example_external_task_marker_dag.py
[2025-02-19T13:18:12.548+0000] {processor.py:914} INFO - Processing file /home/airflow/.local/lib/python3.12/site-packages/airflow/example_dags/example_external_task_marker_dag.py for tasks to queue
[2025-02-19T13:18:12.549+0000] {logging_mixin.py:190} INFO - [2025-02-19T13:18:12.549+0000] {dagbag.py:588} INFO - Filling up the DagBag from /home/airflow/.local/lib/python3.12/site-packages/airflow/example_dags/example_external_task_marker_dag.py
[2025-02-19T13:18:12.555+0000] {processor.py:925} INFO - DAG(s) 'example_external_task_marker_parent', 'example_external_task_marker_child' retrieved from /home/airflow/.local/lib/python3.12/site-packages/airflow/example_dags/example_external_task_marker_dag.py
[2025-02-19T13:18:12.573+0000] {logging_mixin.py:190} INFO - [2025-02-19T13:18:12.573+0000] {dag.py:3239} INFO - Sync 2 DAGs
[2025-02-19T13:18:12.584+0000] {logging_mixin.py:190} INFO - [2025-02-19T13:18:12.584+0000] {dag.py:4180} INFO - Setting next_dagrun for example_external_task_marker_child to None, run_after=None
[2025-02-19T13:18:12.587+0000] {logging_mixin.py:190} INFO - [2025-02-19T13:18:12.586+0000] {dag.py:4180} INFO - Setting next_dagrun for example_external_task_marker_parent to None, run_after=None
[2025-02-19T13:18:12.599+0000] {processor.py:208} INFO - Processing /home/airflow/.local/lib/python3.12/site-packages/airflow/example_dags/example_external_task_marker_dag.py took 0.056 seconds
