[2025-02-19T13:17:38.905+0000] {processor.py:186} INFO - Started process (PID=88) to work on /home/airflow/.local/lib/python3.12/site-packages/airflow/example_dags/example_latest_only_with_trigger.py
[2025-02-19T13:17:38.906+0000] {processor.py:914} INFO - Processing file /home/airflow/.local/lib/python3.12/site-packages/airflow/example_dags/example_latest_only_with_trigger.py for tasks to queue
[2025-02-19T13:17:38.908+0000] {logging_mixin.py:190} INFO - [2025-02-19T13:17:38.908+0000] {dagbag.py:588} INFO - Filling up the DagBag from /home/airflow/.local/lib/python3.12/site-packages/airflow/example_dags/example_latest_only_with_trigger.py
[2025-02-19T13:17:38.915+0000] {processor.py:925} INFO - DAG(s) 'latest_only_with_trigger' retrieved from /home/airflow/.local/lib/python3.12/site-packages/airflow/example_dags/example_latest_only_with_trigger.py
[2025-02-19T13:17:39.005+0000] {logging_mixin.py:190} INFO - [2025-02-19T13:17:39.005+0000] {override.py:1912} INFO - Created Permission View: can read on DAG:latest_only_with_trigger
[2025-02-19T13:17:39.013+0000] {logging_mixin.py:190} INFO - [2025-02-19T13:17:39.013+0000] {override.py:1912} INFO - Created Permission View: can edit on DAG:latest_only_with_trigger
[2025-02-19T13:17:39.019+0000] {logging_mixin.py:190} INFO - [2025-02-19T13:17:39.019+0000] {override.py:1912} INFO - Created Permission View: can delete on DAG:latest_only_with_trigger
[2025-02-19T13:17:39.029+0000] {logging_mixin.py:190} INFO - [2025-02-19T13:17:39.029+0000] {override.py:1912} INFO - Created Permission View: can read on DAG Run:latest_only_with_trigger
[2025-02-19T13:17:39.036+0000] {logging_mixin.py:190} INFO - [2025-02-19T13:17:39.035+0000] {override.py:1912} INFO - Created Permission View: can create on DAG Run:latest_only_with_trigger
[2025-02-19T13:17:39.041+0000] {logging_mixin.py:190} INFO - [2025-02-19T13:17:39.041+0000] {override.py:1912} INFO - Created Permission View: menu access on DAG Run:latest_only_with_trigger
[2025-02-19T13:17:39.050+0000] {logging_mixin.py:190} INFO - [2025-02-19T13:17:39.050+0000] {override.py:1912} INFO - Created Permission View: can delete on DAG Run:latest_only_with_trigger
[2025-02-19T13:17:39.051+0000] {logging_mixin.py:190} INFO - [2025-02-19T13:17:39.050+0000] {dag.py:3239} INFO - Sync 1 DAGs
[2025-02-19T13:17:39.062+0000] {logging_mixin.py:190} INFO - [2025-02-19T13:17:39.061+0000] {dag.py:3262} INFO - Creating ORM DAG for latest_only_with_trigger
[2025-02-19T13:17:39.069+0000] {logging_mixin.py:190} INFO - [2025-02-19T13:17:39.068+0000] {dag.py:4180} INFO - Setting next_dagrun for latest_only_with_trigger to 2025-02-19 08:00:00+00:00, run_after=2025-02-19 12:00:00+00:00
[2025-02-19T13:17:39.081+0000] {processor.py:208} INFO - Processing /home/airflow/.local/lib/python3.12/site-packages/airflow/example_dags/example_latest_only_with_trigger.py took 0.181 seconds
[2025-02-19T13:18:09.900+0000] {processor.py:186} INFO - Started process (PID=151) to work on /home/airflow/.local/lib/python3.12/site-packages/airflow/example_dags/example_latest_only_with_trigger.py
[2025-02-19T13:18:09.901+0000] {processor.py:914} INFO - Processing file /home/airflow/.local/lib/python3.12/site-packages/airflow/example_dags/example_latest_only_with_trigger.py for tasks to queue
[2025-02-19T13:18:09.903+0000] {logging_mixin.py:190} INFO - [2025-02-19T13:18:09.903+0000] {dagbag.py:588} INFO - Filling up the DagBag from /home/airflow/.local/lib/python3.12/site-packages/airflow/example_dags/example_latest_only_with_trigger.py
[2025-02-19T13:18:09.909+0000] {processor.py:925} INFO - DAG(s) 'latest_only_with_trigger' retrieved from /home/airflow/.local/lib/python3.12/site-packages/airflow/example_dags/example_latest_only_with_trigger.py
[2025-02-19T13:18:09.925+0000] {logging_mixin.py:190} INFO - [2025-02-19T13:18:09.925+0000] {dag.py:3239} INFO - Sync 1 DAGs
[2025-02-19T13:18:09.943+0000] {logging_mixin.py:190} INFO - [2025-02-19T13:18:09.943+0000] {dag.py:4180} INFO - Setting next_dagrun for latest_only_with_trigger to 2025-02-19 08:00:00+00:00, run_after=2025-02-19 12:00:00+00:00
[2025-02-19T13:18:09.958+0000] {processor.py:208} INFO - Processing /home/airflow/.local/lib/python3.12/site-packages/airflow/example_dags/example_latest_only_with_trigger.py took 0.062 seconds
