[2025-02-19T13:17:42.835+0000] {processor.py:186} INFO - Started process (PID=118) to work on /home/airflow/.local/lib/python3.12/site-packages/airflow/example_dags/example_branch_labels.py
[2025-02-19T13:17:42.835+0000] {processor.py:914} INFO - Processing file /home/airflow/.local/lib/python3.12/site-packages/airflow/example_dags/example_branch_labels.py for tasks to queue
[2025-02-19T13:17:42.837+0000] {logging_mixin.py:190} INFO - [2025-02-19T13:17:42.837+0000] {dagbag.py:588} INFO - Filling up the DagBag from /home/airflow/.local/lib/python3.12/site-packages/airflow/example_dags/example_branch_labels.py
[2025-02-19T13:17:42.846+0000] {processor.py:925} INFO - DAG(s) 'example_branch_labels' retrieved from /home/airflow/.local/lib/python3.12/site-packages/airflow/example_dags/example_branch_labels.py
[2025-02-19T13:17:42.928+0000] {logging_mixin.py:190} INFO - [2025-02-19T13:17:42.927+0000] {override.py:1912} INFO - Created Permission View: can read on DAG:example_branch_labels
[2025-02-19T13:17:42.937+0000] {logging_mixin.py:190} INFO - [2025-02-19T13:17:42.937+0000] {override.py:1912} INFO - Created Permission View: can edit on DAG:example_branch_labels
[2025-02-19T13:17:42.943+0000] {logging_mixin.py:190} INFO - [2025-02-19T13:17:42.943+0000] {override.py:1912} INFO - Created Permission View: can delete on DAG:example_branch_labels
[2025-02-19T13:17:42.952+0000] {logging_mixin.py:190} INFO - [2025-02-19T13:17:42.952+0000] {override.py:1912} INFO - Created Permission View: can read on DAG Run:example_branch_labels
[2025-02-19T13:17:42.958+0000] {logging_mixin.py:190} INFO - [2025-02-19T13:17:42.958+0000] {override.py:1912} INFO - Created Permission View: can create on DAG Run:example_branch_labels
[2025-02-19T13:17:42.964+0000] {logging_mixin.py:190} INFO - [2025-02-19T13:17:42.964+0000] {override.py:1912} INFO - Created Permission View: menu access on DAG Run:example_branch_labels
[2025-02-19T13:17:42.971+0000] {logging_mixin.py:190} INFO - [2025-02-19T13:17:42.970+0000] {override.py:1912} INFO - Created Permission View: can delete on DAG Run:example_branch_labels
[2025-02-19T13:17:42.971+0000] {logging_mixin.py:190} INFO - [2025-02-19T13:17:42.971+0000] {dag.py:3239} INFO - Sync 1 DAGs
[2025-02-19T13:17:42.980+0000] {logging_mixin.py:190} INFO - [2025-02-19T13:17:42.980+0000] {dag.py:3262} INFO - Creating ORM DAG for example_branch_labels
[2025-02-19T13:17:42.988+0000] {logging_mixin.py:190} INFO - [2025-02-19T13:17:42.988+0000] {dag.py:4180} INFO - Setting next_dagrun for example_branch_labels to 2025-02-18 00:00:00+00:00, run_after=2025-02-19 00:00:00+00:00
[2025-02-19T13:17:43.001+0000] {processor.py:208} INFO - Processing /home/airflow/.local/lib/python3.12/site-packages/airflow/example_dags/example_branch_labels.py took 0.171 seconds
[2025-02-19T13:18:13.079+0000] {processor.py:186} INFO - Started process (PID=182) to work on /home/airflow/.local/lib/python3.12/site-packages/airflow/example_dags/example_branch_labels.py
[2025-02-19T13:18:13.080+0000] {processor.py:914} INFO - Processing file /home/airflow/.local/lib/python3.12/site-packages/airflow/example_dags/example_branch_labels.py for tasks to queue
[2025-02-19T13:18:13.082+0000] {logging_mixin.py:190} INFO - [2025-02-19T13:18:13.081+0000] {dagbag.py:588} INFO - Filling up the DagBag from /home/airflow/.local/lib/python3.12/site-packages/airflow/example_dags/example_branch_labels.py
[2025-02-19T13:18:13.092+0000] {processor.py:925} INFO - DAG(s) 'example_branch_labels' retrieved from /home/airflow/.local/lib/python3.12/site-packages/airflow/example_dags/example_branch_labels.py
[2025-02-19T13:18:13.107+0000] {logging_mixin.py:190} INFO - [2025-02-19T13:18:13.107+0000] {dag.py:3239} INFO - Sync 1 DAGs
[2025-02-19T13:18:13.126+0000] {logging_mixin.py:190} INFO - [2025-02-19T13:18:13.125+0000] {dag.py:4180} INFO - Setting next_dagrun for example_branch_labels to 2025-02-18 00:00:00+00:00, run_after=2025-02-19 00:00:00+00:00
[2025-02-19T13:18:13.143+0000] {processor.py:208} INFO - Processing /home/airflow/.local/lib/python3.12/site-packages/airflow/example_dags/example_branch_labels.py took 0.069 seconds
