[2025-02-19T13:17:42.234+0000] {processor.py:186} INFO - Started process (PID=112) to work on /home/airflow/.local/lib/python3.12/site-packages/airflow/example_dags/example_time_delta_sensor_async.py
[2025-02-19T13:17:42.235+0000] {processor.py:914} INFO - Processing file /home/airflow/.local/lib/python3.12/site-packages/airflow/example_dags/example_time_delta_sensor_async.py for tasks to queue
[2025-02-19T13:17:42.236+0000] {logging_mixin.py:190} INFO - [2025-02-19T13:17:42.236+0000] {dagbag.py:588} INFO - Filling up the DagBag from /home/airflow/.local/lib/python3.12/site-packages/airflow/example_dags/example_time_delta_sensor_async.py
[2025-02-19T13:17:42.245+0000] {processor.py:925} INFO - DAG(s) 'example_time_delta_sensor_async' retrieved from /home/airflow/.local/lib/python3.12/site-packages/airflow/example_dags/example_time_delta_sensor_async.py
[2025-02-19T13:17:42.325+0000] {logging_mixin.py:190} INFO - [2025-02-19T13:17:42.324+0000] {override.py:1912} INFO - Created Permission View: can read on DAG:example_time_delta_sensor_async
[2025-02-19T13:17:42.333+0000] {logging_mixin.py:190} INFO - [2025-02-19T13:17:42.333+0000] {override.py:1912} INFO - Created Permission View: can edit on DAG:example_time_delta_sensor_async
[2025-02-19T13:17:42.339+0000] {logging_mixin.py:190} INFO - [2025-02-19T13:17:42.339+0000] {override.py:1912} INFO - Created Permission View: can delete on DAG:example_time_delta_sensor_async
[2025-02-19T13:17:42.348+0000] {logging_mixin.py:190} INFO - [2025-02-19T13:17:42.348+0000] {override.py:1912} INFO - Created Permission View: can read on DAG Run:example_time_delta_sensor_async
[2025-02-19T13:17:42.354+0000] {logging_mixin.py:190} INFO - [2025-02-19T13:17:42.354+0000] {override.py:1912} INFO - Created Permission View: can create on DAG Run:example_time_delta_sensor_async
[2025-02-19T13:17:42.359+0000] {logging_mixin.py:190} INFO - [2025-02-19T13:17:42.359+0000] {override.py:1912} INFO - Created Permission View: menu access on DAG Run:example_time_delta_sensor_async
[2025-02-19T13:17:42.365+0000] {logging_mixin.py:190} INFO - [2025-02-19T13:17:42.365+0000] {override.py:1912} INFO - Created Permission View: can delete on DAG Run:example_time_delta_sensor_async
[2025-02-19T13:17:42.366+0000] {logging_mixin.py:190} INFO - [2025-02-19T13:17:42.366+0000] {dag.py:3239} INFO - Sync 1 DAGs
[2025-02-19T13:17:42.375+0000] {logging_mixin.py:190} INFO - [2025-02-19T13:17:42.375+0000] {dag.py:3262} INFO - Creating ORM DAG for example_time_delta_sensor_async
[2025-02-19T13:17:42.376+0000] {logging_mixin.py:190} INFO - [2025-02-19T13:17:42.376+0000] {dag.py:4180} INFO - Setting next_dagrun for example_time_delta_sensor_async to None, run_after=None
[2025-02-19T13:17:42.389+0000] {processor.py:208} INFO - Processing /home/airflow/.local/lib/python3.12/site-packages/airflow/example_dags/example_time_delta_sensor_async.py took 0.159 seconds
[2025-02-19T13:18:12.779+0000] {processor.py:186} INFO - Started process (PID=175) to work on /home/airflow/.local/lib/python3.12/site-packages/airflow/example_dags/example_time_delta_sensor_async.py
[2025-02-19T13:18:12.780+0000] {processor.py:914} INFO - Processing file /home/airflow/.local/lib/python3.12/site-packages/airflow/example_dags/example_time_delta_sensor_async.py for tasks to queue
[2025-02-19T13:18:12.782+0000] {logging_mixin.py:190} INFO - [2025-02-19T13:18:12.782+0000] {dagbag.py:588} INFO - Filling up the DagBag from /home/airflow/.local/lib/python3.12/site-packages/airflow/example_dags/example_time_delta_sensor_async.py
[2025-02-19T13:18:12.787+0000] {processor.py:925} INFO - DAG(s) 'example_time_delta_sensor_async' retrieved from /home/airflow/.local/lib/python3.12/site-packages/airflow/example_dags/example_time_delta_sensor_async.py
[2025-02-19T13:18:12.802+0000] {logging_mixin.py:190} INFO - [2025-02-19T13:18:12.802+0000] {dag.py:3239} INFO - Sync 1 DAGs
[2025-02-19T13:18:12.813+0000] {logging_mixin.py:190} INFO - [2025-02-19T13:18:12.813+0000] {dag.py:4180} INFO - Setting next_dagrun for example_time_delta_sensor_async to None, run_after=None
[2025-02-19T13:18:12.829+0000] {processor.py:208} INFO - Processing /home/airflow/.local/lib/python3.12/site-packages/airflow/example_dags/example_time_delta_sensor_async.py took 0.054 seconds
