[2025-02-19T13:17:39.508+0000] {processor.py:186} INFO - Started process (PID=94) to work on /home/airflow/.local/lib/python3.12/site-packages/airflow/example_dags/example_python_operator.py
[2025-02-19T13:17:39.508+0000] {processor.py:914} INFO - Processing file /home/airflow/.local/lib/python3.12/site-packages/airflow/example_dags/example_python_operator.py for tasks to queue
[2025-02-19T13:17:39.510+0000] {logging_mixin.py:190} INFO - [2025-02-19T13:17:39.510+0000] {dagbag.py:588} INFO - Filling up the DagBag from /home/airflow/.local/lib/python3.12/site-packages/airflow/example_dags/example_python_operator.py
[2025-02-19T13:17:39.521+0000] {processor.py:925} INFO - DAG(s) 'example_python_operator' retrieved from /home/airflow/.local/lib/python3.12/site-packages/airflow/example_dags/example_python_operator.py
[2025-02-19T13:17:39.605+0000] {logging_mixin.py:190} INFO - [2025-02-19T13:17:39.604+0000] {override.py:1912} INFO - Created Permission View: can read on DAG:example_python_operator
[2025-02-19T13:17:39.615+0000] {logging_mixin.py:190} INFO - [2025-02-19T13:17:39.615+0000] {override.py:1912} INFO - Created Permission View: can edit on DAG:example_python_operator
[2025-02-19T13:17:39.621+0000] {logging_mixin.py:190} INFO - [2025-02-19T13:17:39.620+0000] {override.py:1912} INFO - Created Permission View: can delete on DAG:example_python_operator
[2025-02-19T13:17:39.629+0000] {logging_mixin.py:190} INFO - [2025-02-19T13:17:39.629+0000] {override.py:1912} INFO - Created Permission View: can read on DAG Run:example_python_operator
[2025-02-19T13:17:39.636+0000] {logging_mixin.py:190} INFO - [2025-02-19T13:17:39.636+0000] {override.py:1912} INFO - Created Permission View: can create on DAG Run:example_python_operator
[2025-02-19T13:17:39.642+0000] {logging_mixin.py:190} INFO - [2025-02-19T13:17:39.642+0000] {override.py:1912} INFO - Created Permission View: menu access on DAG Run:example_python_operator
[2025-02-19T13:17:39.649+0000] {logging_mixin.py:190} INFO - [2025-02-19T13:17:39.648+0000] {override.py:1912} INFO - Created Permission View: can delete on DAG Run:example_python_operator
[2025-02-19T13:17:39.649+0000] {logging_mixin.py:190} INFO - [2025-02-19T13:17:39.649+0000] {dag.py:3239} INFO - Sync 1 DAGs
[2025-02-19T13:17:39.659+0000] {logging_mixin.py:190} INFO - [2025-02-19T13:17:39.659+0000] {dag.py:3262} INFO - Creating ORM DAG for example_python_operator
[2025-02-19T13:17:39.660+0000] {logging_mixin.py:190} INFO - [2025-02-19T13:17:39.660+0000] {dag.py:4180} INFO - Setting next_dagrun for example_python_operator to None, run_after=None
[2025-02-19T13:17:39.673+0000] {processor.py:208} INFO - Processing /home/airflow/.local/lib/python3.12/site-packages/airflow/example_dags/example_python_operator.py took 0.169 seconds
[2025-02-19T13:18:10.319+0000] {processor.py:186} INFO - Started process (PID=157) to work on /home/airflow/.local/lib/python3.12/site-packages/airflow/example_dags/example_python_operator.py
[2025-02-19T13:18:10.320+0000] {processor.py:914} INFO - Processing file /home/airflow/.local/lib/python3.12/site-packages/airflow/example_dags/example_python_operator.py for tasks to queue
[2025-02-19T13:18:10.321+0000] {logging_mixin.py:190} INFO - [2025-02-19T13:18:10.321+0000] {dagbag.py:588} INFO - Filling up the DagBag from /home/airflow/.local/lib/python3.12/site-packages/airflow/example_dags/example_python_operator.py
[2025-02-19T13:18:10.331+0000] {processor.py:925} INFO - DAG(s) 'example_python_operator' retrieved from /home/airflow/.local/lib/python3.12/site-packages/airflow/example_dags/example_python_operator.py
[2025-02-19T13:18:10.347+0000] {logging_mixin.py:190} INFO - [2025-02-19T13:18:10.346+0000] {dag.py:3239} INFO - Sync 1 DAGs
[2025-02-19T13:18:10.357+0000] {logging_mixin.py:190} INFO - [2025-02-19T13:18:10.357+0000] {dag.py:4180} INFO - Setting next_dagrun for example_python_operator to None, run_after=None
[2025-02-19T13:18:10.372+0000] {processor.py:208} INFO - Processing /home/airflow/.local/lib/python3.12/site-packages/airflow/example_dags/example_python_operator.py took 0.058 seconds
