[2025-02-19T13:17:40.099+0000] {processor.py:186} INFO - Started process (PID=100) to work on /home/airflow/.local/lib/python3.12/site-packages/airflow/example_dags/example_dataset_alias_with_no_taskflow.py
[2025-02-19T13:17:40.100+0000] {processor.py:914} INFO - Processing file /home/airflow/.local/lib/python3.12/site-packages/airflow/example_dags/example_dataset_alias_with_no_taskflow.py for tasks to queue
[2025-02-19T13:17:40.102+0000] {logging_mixin.py:190} INFO - [2025-02-19T13:17:40.101+0000] {dagbag.py:588} INFO - Filling up the DagBag from /home/airflow/.local/lib/python3.12/site-packages/airflow/example_dags/example_dataset_alias_with_no_taskflow.py
[2025-02-19T13:17:40.576+0000] {processor.py:925} INFO - DAG(s) 'dataset_s3_bucket_producer_with_no_taskflow', 'dataset_alias_example_alias_producer_with_no_taskflow', 'dataset_s3_bucket_consumer_with_no_taskflow', 'dataset_alias_example_alias_consumer_with_no_taskflow' retrieved from /home/airflow/.local/lib/python3.12/site-packages/airflow/example_dags/example_dataset_alias_with_no_taskflow.py
[2025-02-19T13:17:40.652+0000] {logging_mixin.py:190} INFO - [2025-02-19T13:17:40.652+0000] {override.py:1912} INFO - Created Permission View: can read on DAG:dataset_s3_bucket_producer_with_no_taskflow
[2025-02-19T13:17:40.661+0000] {logging_mixin.py:190} INFO - [2025-02-19T13:17:40.661+0000] {override.py:1912} INFO - Created Permission View: can edit on DAG:dataset_s3_bucket_producer_with_no_taskflow
[2025-02-19T13:17:40.668+0000] {logging_mixin.py:190} INFO - [2025-02-19T13:17:40.668+0000] {override.py:1912} INFO - Created Permission View: can delete on DAG:dataset_s3_bucket_producer_with_no_taskflow
[2025-02-19T13:17:40.676+0000] {logging_mixin.py:190} INFO - [2025-02-19T13:17:40.676+0000] {override.py:1912} INFO - Created Permission View: can read on DAG Run:dataset_s3_bucket_producer_with_no_taskflow
[2025-02-19T13:17:40.683+0000] {logging_mixin.py:190} INFO - [2025-02-19T13:17:40.683+0000] {override.py:1912} INFO - Created Permission View: can create on DAG Run:dataset_s3_bucket_producer_with_no_taskflow
[2025-02-19T13:17:40.689+0000] {logging_mixin.py:190} INFO - [2025-02-19T13:17:40.689+0000] {override.py:1912} INFO - Created Permission View: menu access on DAG Run:dataset_s3_bucket_producer_with_no_taskflow
[2025-02-19T13:17:40.695+0000] {logging_mixin.py:190} INFO - [2025-02-19T13:17:40.695+0000] {override.py:1912} INFO - Created Permission View: can delete on DAG Run:dataset_s3_bucket_producer_with_no_taskflow
[2025-02-19T13:17:40.710+0000] {logging_mixin.py:190} INFO - [2025-02-19T13:17:40.710+0000] {override.py:1912} INFO - Created Permission View: can read on DAG:dataset_alias_example_alias_producer_with_no_taskflow
[2025-02-19T13:17:40.717+0000] {logging_mixin.py:190} INFO - [2025-02-19T13:17:40.716+0000] {override.py:1912} INFO - Created Permission View: can edit on DAG:dataset_alias_example_alias_producer_with_no_taskflow
[2025-02-19T13:17:40.723+0000] {logging_mixin.py:190} INFO - [2025-02-19T13:17:40.722+0000] {override.py:1912} INFO - Created Permission View: can delete on DAG:dataset_alias_example_alias_producer_with_no_taskflow
[2025-02-19T13:17:40.731+0000] {logging_mixin.py:190} INFO - [2025-02-19T13:17:40.731+0000] {override.py:1912} INFO - Created Permission View: can read on DAG Run:dataset_alias_example_alias_producer_with_no_taskflow
[2025-02-19T13:17:40.737+0000] {logging_mixin.py:190} INFO - [2025-02-19T13:17:40.737+0000] {override.py:1912} INFO - Created Permission View: can create on DAG Run:dataset_alias_example_alias_producer_with_no_taskflow
[2025-02-19T13:17:40.743+0000] {logging_mixin.py:190} INFO - [2025-02-19T13:17:40.743+0000] {override.py:1912} INFO - Created Permission View: menu access on DAG Run:dataset_alias_example_alias_producer_with_no_taskflow
[2025-02-19T13:17:40.749+0000] {logging_mixin.py:190} INFO - [2025-02-19T13:17:40.749+0000] {override.py:1912} INFO - Created Permission View: can delete on DAG Run:dataset_alias_example_alias_producer_with_no_taskflow
[2025-02-19T13:17:40.761+0000] {logging_mixin.py:190} INFO - [2025-02-19T13:17:40.761+0000] {override.py:1912} INFO - Created Permission View: can read on DAG:dataset_s3_bucket_consumer_with_no_taskflow
[2025-02-19T13:17:40.767+0000] {logging_mixin.py:190} INFO - [2025-02-19T13:17:40.767+0000] {override.py:1912} INFO - Created Permission View: can edit on DAG:dataset_s3_bucket_consumer_with_no_taskflow
[2025-02-19T13:17:40.773+0000] {logging_mixin.py:190} INFO - [2025-02-19T13:17:40.773+0000] {override.py:1912} INFO - Created Permission View: can delete on DAG:dataset_s3_bucket_consumer_with_no_taskflow
[2025-02-19T13:17:40.781+0000] {logging_mixin.py:190} INFO - [2025-02-19T13:17:40.781+0000] {override.py:1912} INFO - Created Permission View: can read on DAG Run:dataset_s3_bucket_consumer_with_no_taskflow
[2025-02-19T13:17:40.787+0000] {logging_mixin.py:190} INFO - [2025-02-19T13:17:40.787+0000] {override.py:1912} INFO - Created Permission View: can create on DAG Run:dataset_s3_bucket_consumer_with_no_taskflow
[2025-02-19T13:17:40.793+0000] {logging_mixin.py:190} INFO - [2025-02-19T13:17:40.793+0000] {override.py:1912} INFO - Created Permission View: menu access on DAG Run:dataset_s3_bucket_consumer_with_no_taskflow
[2025-02-19T13:17:40.799+0000] {logging_mixin.py:190} INFO - [2025-02-19T13:17:40.799+0000] {override.py:1912} INFO - Created Permission View: can delete on DAG Run:dataset_s3_bucket_consumer_with_no_taskflow
[2025-02-19T13:17:40.811+0000] {logging_mixin.py:190} INFO - [2025-02-19T13:17:40.811+0000] {override.py:1912} INFO - Created Permission View: can read on DAG:dataset_alias_example_alias_consumer_with_no_taskflow
[2025-02-19T13:17:40.817+0000] {logging_mixin.py:190} INFO - [2025-02-19T13:17:40.817+0000] {override.py:1912} INFO - Created Permission View: can edit on DAG:dataset_alias_example_alias_consumer_with_no_taskflow
[2025-02-19T13:17:40.823+0000] {logging_mixin.py:190} INFO - [2025-02-19T13:17:40.823+0000] {override.py:1912} INFO - Created Permission View: can delete on DAG:dataset_alias_example_alias_consumer_with_no_taskflow
[2025-02-19T13:17:40.831+0000] {logging_mixin.py:190} INFO - [2025-02-19T13:17:40.831+0000] {override.py:1912} INFO - Created Permission View: can read on DAG Run:dataset_alias_example_alias_consumer_with_no_taskflow
[2025-02-19T13:17:40.837+0000] {logging_mixin.py:190} INFO - [2025-02-19T13:17:40.837+0000] {override.py:1912} INFO - Created Permission View: can create on DAG Run:dataset_alias_example_alias_consumer_with_no_taskflow
[2025-02-19T13:17:40.843+0000] {logging_mixin.py:190} INFO - [2025-02-19T13:17:40.843+0000] {override.py:1912} INFO - Created Permission View: menu access on DAG Run:dataset_alias_example_alias_consumer_with_no_taskflow
[2025-02-19T13:17:40.849+0000] {logging_mixin.py:190} INFO - [2025-02-19T13:17:40.849+0000] {override.py:1912} INFO - Created Permission View: can delete on DAG Run:dataset_alias_example_alias_consumer_with_no_taskflow
[2025-02-19T13:17:40.850+0000] {logging_mixin.py:190} INFO - [2025-02-19T13:17:40.849+0000] {dag.py:3239} INFO - Sync 4 DAGs
[2025-02-19T13:17:40.861+0000] {logging_mixin.py:190} INFO - [2025-02-19T13:17:40.860+0000] {dag.py:3262} INFO - Creating ORM DAG for dataset_alias_example_alias_producer_with_no_taskflow
[2025-02-19T13:17:40.861+0000] {logging_mixin.py:190} INFO - [2025-02-19T13:17:40.861+0000] {dag.py:3262} INFO - Creating ORM DAG for dataset_s3_bucket_consumer_with_no_taskflow
[2025-02-19T13:17:40.862+0000] {logging_mixin.py:190} INFO - [2025-02-19T13:17:40.862+0000] {dag.py:3262} INFO - Creating ORM DAG for dataset_s3_bucket_producer_with_no_taskflow
[2025-02-19T13:17:40.863+0000] {logging_mixin.py:190} INFO - [2025-02-19T13:17:40.863+0000] {dag.py:3262} INFO - Creating ORM DAG for dataset_alias_example_alias_consumer_with_no_taskflow
[2025-02-19T13:17:40.871+0000] {logging_mixin.py:190} INFO - [2025-02-19T13:17:40.870+0000] {dag.py:4180} INFO - Setting next_dagrun for dataset_alias_example_alias_consumer_with_no_taskflow to None, run_after=None
[2025-02-19T13:17:40.872+0000] {logging_mixin.py:190} INFO - [2025-02-19T13:17:40.871+0000] {dag.py:4180} INFO - Setting next_dagrun for dataset_alias_example_alias_producer_with_no_taskflow to None, run_after=None
[2025-02-19T13:17:40.872+0000] {logging_mixin.py:190} INFO - [2025-02-19T13:17:40.872+0000] {dag.py:4180} INFO - Setting next_dagrun for dataset_s3_bucket_consumer_with_no_taskflow to None, run_after=None
[2025-02-19T13:17:40.873+0000] {logging_mixin.py:190} INFO - [2025-02-19T13:17:40.873+0000] {dag.py:4180} INFO - Setting next_dagrun for dataset_s3_bucket_producer_with_no_taskflow to None, run_after=None
[2025-02-19T13:17:40.896+0000] {processor.py:208} INFO - Processing /home/airflow/.local/lib/python3.12/site-packages/airflow/example_dags/example_dataset_alias_with_no_taskflow.py took 0.801 seconds
[2025-02-19T13:18:11.684+0000] {processor.py:186} INFO - Started process (PID=163) to work on /home/airflow/.local/lib/python3.12/site-packages/airflow/example_dags/example_dataset_alias_with_no_taskflow.py
[2025-02-19T13:18:11.685+0000] {processor.py:914} INFO - Processing file /home/airflow/.local/lib/python3.12/site-packages/airflow/example_dags/example_dataset_alias_with_no_taskflow.py for tasks to queue
[2025-02-19T13:18:11.687+0000] {logging_mixin.py:190} INFO - [2025-02-19T13:18:11.686+0000] {dagbag.py:588} INFO - Filling up the DagBag from /home/airflow/.local/lib/python3.12/site-packages/airflow/example_dags/example_dataset_alias_with_no_taskflow.py
[2025-02-19T13:18:12.180+0000] {processor.py:925} INFO - DAG(s) 'dataset_alias_example_alias_consumer_with_no_taskflow', 'dataset_s3_bucket_consumer_with_no_taskflow', 'dataset_s3_bucket_producer_with_no_taskflow', 'dataset_alias_example_alias_producer_with_no_taskflow' retrieved from /home/airflow/.local/lib/python3.12/site-packages/airflow/example_dags/example_dataset_alias_with_no_taskflow.py
[2025-02-19T13:18:12.195+0000] {logging_mixin.py:190} INFO - [2025-02-19T13:18:12.195+0000] {dag.py:3239} INFO - Sync 4 DAGs
[2025-02-19T13:18:12.213+0000] {logging_mixin.py:190} INFO - [2025-02-19T13:18:12.212+0000] {dag.py:4180} INFO - Setting next_dagrun for dataset_alias_example_alias_consumer_with_no_taskflow to None, run_after=None
[2025-02-19T13:18:12.215+0000] {logging_mixin.py:190} INFO - [2025-02-19T13:18:12.214+0000] {dag.py:4180} INFO - Setting next_dagrun for dataset_alias_example_alias_producer_with_no_taskflow to None, run_after=None
[2025-02-19T13:18:12.216+0000] {logging_mixin.py:190} INFO - [2025-02-19T13:18:12.216+0000] {dag.py:4180} INFO - Setting next_dagrun for dataset_s3_bucket_consumer_with_no_taskflow to None, run_after=None
[2025-02-19T13:18:12.217+0000] {logging_mixin.py:190} INFO - [2025-02-19T13:18:12.216+0000] {dag.py:4180} INFO - Setting next_dagrun for dataset_s3_bucket_producer_with_no_taskflow to None, run_after=None
[2025-02-19T13:18:12.236+0000] {processor.py:208} INFO - Processing /home/airflow/.local/lib/python3.12/site-packages/airflow/example_dags/example_dataset_alias_with_no_taskflow.py took 0.556 seconds
