[2025-02-19T13:17:35.222+0000] {processor.py:186} INFO - Started process (PID=66) to work on /home/airflow/.local/lib/python3.12/site-packages/airflow/example_dags/example_params_ui_tutorial.py
[2025-02-19T13:17:35.223+0000] {processor.py:914} INFO - Processing file /home/airflow/.local/lib/python3.12/site-packages/airflow/example_dags/example_params_ui_tutorial.py for tasks to queue
[2025-02-19T13:17:35.225+0000] {logging_mixin.py:190} INFO - [2025-02-19T13:17:35.225+0000] {dagbag.py:588} INFO - Filling up the DagBag from /home/airflow/.local/lib/python3.12/site-packages/airflow/example_dags/example_params_ui_tutorial.py
[2025-02-19T13:17:35.233+0000] {processor.py:925} INFO - DAG(s) 'example_params_ui_tutorial' retrieved from /home/airflow/.local/lib/python3.12/site-packages/airflow/example_dags/example_params_ui_tutorial.py
[2025-02-19T13:17:35.352+0000] {logging_mixin.py:190} INFO - [2025-02-19T13:17:35.351+0000] {override.py:1912} INFO - Created Permission View: can read on DAG:example_params_ui_tutorial
[2025-02-19T13:17:35.361+0000] {logging_mixin.py:190} INFO - [2025-02-19T13:17:35.361+0000] {override.py:1912} INFO - Created Permission View: can edit on DAG:example_params_ui_tutorial
[2025-02-19T13:17:35.367+0000] {logging_mixin.py:190} INFO - [2025-02-19T13:17:35.367+0000] {override.py:1912} INFO - Created Permission View: can delete on DAG:example_params_ui_tutorial
[2025-02-19T13:17:35.376+0000] {logging_mixin.py:190} INFO - [2025-02-19T13:17:35.376+0000] {override.py:1912} INFO - Created Permission View: can read on DAG Run:example_params_ui_tutorial
[2025-02-19T13:17:35.383+0000] {logging_mixin.py:190} INFO - [2025-02-19T13:17:35.382+0000] {override.py:1912} INFO - Created Permission View: can create on DAG Run:example_params_ui_tutorial
[2025-02-19T13:17:35.389+0000] {logging_mixin.py:190} INFO - [2025-02-19T13:17:35.388+0000] {override.py:1912} INFO - Created Permission View: menu access on DAG Run:example_params_ui_tutorial
[2025-02-19T13:17:35.396+0000] {logging_mixin.py:190} INFO - [2025-02-19T13:17:35.396+0000] {override.py:1912} INFO - Created Permission View: can delete on DAG Run:example_params_ui_tutorial
[2025-02-19T13:17:35.397+0000] {logging_mixin.py:190} INFO - [2025-02-19T13:17:35.396+0000] {dag.py:3239} INFO - Sync 1 DAGs
[2025-02-19T13:17:35.410+0000] {logging_mixin.py:190} INFO - [2025-02-19T13:17:35.409+0000] {dag.py:3262} INFO - Creating ORM DAG for example_params_ui_tutorial
[2025-02-19T13:17:35.411+0000] {logging_mixin.py:190} INFO - [2025-02-19T13:17:35.410+0000] {dag.py:4180} INFO - Setting next_dagrun for example_params_ui_tutorial to None, run_after=None
[2025-02-19T13:17:35.433+0000] {processor.py:208} INFO - Processing /home/airflow/.local/lib/python3.12/site-packages/airflow/example_dags/example_params_ui_tutorial.py took 0.215 seconds
[2025-02-19T13:18:05.534+0000] {processor.py:186} INFO - Started process (PID=129) to work on /home/airflow/.local/lib/python3.12/site-packages/airflow/example_dags/example_params_ui_tutorial.py
[2025-02-19T13:18:05.535+0000] {processor.py:914} INFO - Processing file /home/airflow/.local/lib/python3.12/site-packages/airflow/example_dags/example_params_ui_tutorial.py for tasks to queue
[2025-02-19T13:18:05.537+0000] {logging_mixin.py:190} INFO - [2025-02-19T13:18:05.536+0000] {dagbag.py:588} INFO - Filling up the DagBag from /home/airflow/.local/lib/python3.12/site-packages/airflow/example_dags/example_params_ui_tutorial.py
[2025-02-19T13:18:05.543+0000] {processor.py:925} INFO - DAG(s) 'example_params_ui_tutorial' retrieved from /home/airflow/.local/lib/python3.12/site-packages/airflow/example_dags/example_params_ui_tutorial.py
[2025-02-19T13:18:05.578+0000] {logging_mixin.py:190} INFO - [2025-02-19T13:18:05.577+0000] {dag.py:3239} INFO - Sync 1 DAGs
[2025-02-19T13:18:05.588+0000] {logging_mixin.py:190} INFO - [2025-02-19T13:18:05.588+0000] {dag.py:4180} INFO - Setting next_dagrun for example_params_ui_tutorial to None, run_after=None
[2025-02-19T13:18:05.603+0000] {processor.py:208} INFO - Processing /home/airflow/.local/lib/python3.12/site-packages/airflow/example_dags/example_params_ui_tutorial.py took 0.073 seconds
