[2025-02-19T13:17:39.702+0000] {processor.py:186} INFO - Started process (PID=96) to work on /home/airflow/.local/lib/python3.12/site-packages/airflow/example_dags/example_complex.py
[2025-02-19T13:17:39.703+0000] {processor.py:914} INFO - Processing file /home/airflow/.local/lib/python3.12/site-packages/airflow/example_dags/example_complex.py for tasks to queue
[2025-02-19T13:17:39.704+0000] {logging_mixin.py:190} INFO - [2025-02-19T13:17:39.704+0000] {dagbag.py:588} INFO - Filling up the DagBag from /home/airflow/.local/lib/python3.12/site-packages/airflow/example_dags/example_complex.py
[2025-02-19T13:17:39.714+0000] {processor.py:925} INFO - DAG(s) 'example_complex' retrieved from /home/airflow/.local/lib/python3.12/site-packages/airflow/example_dags/example_complex.py
[2025-02-19T13:17:39.810+0000] {logging_mixin.py:190} INFO - [2025-02-19T13:17:39.810+0000] {override.py:1912} INFO - Created Permission View: can read on DAG:example_complex
[2025-02-19T13:17:39.819+0000] {logging_mixin.py:190} INFO - [2025-02-19T13:17:39.818+0000] {override.py:1912} INFO - Created Permission View: can edit on DAG:example_complex
[2025-02-19T13:17:39.824+0000] {logging_mixin.py:190} INFO - [2025-02-19T13:17:39.824+0000] {override.py:1912} INFO - Created Permission View: can delete on DAG:example_complex
[2025-02-19T13:17:39.833+0000] {logging_mixin.py:190} INFO - [2025-02-19T13:17:39.833+0000] {override.py:1912} INFO - Created Permission View: can read on DAG Run:example_complex
[2025-02-19T13:17:39.838+0000] {logging_mixin.py:190} INFO - [2025-02-19T13:17:39.838+0000] {override.py:1912} INFO - Created Permission View: can create on DAG Run:example_complex
[2025-02-19T13:17:39.845+0000] {logging_mixin.py:190} INFO - [2025-02-19T13:17:39.845+0000] {override.py:1912} INFO - Created Permission View: menu access on DAG Run:example_complex
[2025-02-19T13:17:39.851+0000] {logging_mixin.py:190} INFO - [2025-02-19T13:17:39.851+0000] {override.py:1912} INFO - Created Permission View: can delete on DAG Run:example_complex
[2025-02-19T13:17:39.851+0000] {logging_mixin.py:190} INFO - [2025-02-19T13:17:39.851+0000] {dag.py:3239} INFO - Sync 1 DAGs
[2025-02-19T13:17:39.861+0000] {logging_mixin.py:190} INFO - [2025-02-19T13:17:39.861+0000] {dag.py:3262} INFO - Creating ORM DAG for example_complex
[2025-02-19T13:17:39.861+0000] {logging_mixin.py:190} INFO - [2025-02-19T13:17:39.861+0000] {dag.py:4180} INFO - Setting next_dagrun for example_complex to None, run_after=None
[2025-02-19T13:17:39.875+0000] {processor.py:208} INFO - Processing /home/airflow/.local/lib/python3.12/site-packages/airflow/example_dags/example_complex.py took 0.177 seconds
[2025-02-19T13:18:10.501+0000] {processor.py:186} INFO - Started process (PID=159) to work on /home/airflow/.local/lib/python3.12/site-packages/airflow/example_dags/example_complex.py
[2025-02-19T13:18:10.502+0000] {processor.py:914} INFO - Processing file /home/airflow/.local/lib/python3.12/site-packages/airflow/example_dags/example_complex.py for tasks to queue
[2025-02-19T13:18:10.504+0000] {logging_mixin.py:190} INFO - [2025-02-19T13:18:10.504+0000] {dagbag.py:588} INFO - Filling up the DagBag from /home/airflow/.local/lib/python3.12/site-packages/airflow/example_dags/example_complex.py
[2025-02-19T13:18:10.513+0000] {processor.py:925} INFO - DAG(s) 'example_complex' retrieved from /home/airflow/.local/lib/python3.12/site-packages/airflow/example_dags/example_complex.py
[2025-02-19T13:18:10.538+0000] {logging_mixin.py:190} INFO - [2025-02-19T13:18:10.538+0000] {dag.py:3239} INFO - Sync 1 DAGs
[2025-02-19T13:18:10.550+0000] {logging_mixin.py:190} INFO - [2025-02-19T13:18:10.550+0000] {dag.py:4180} INFO - Setting next_dagrun for example_complex to None, run_after=None
[2025-02-19T13:18:10.565+0000] {processor.py:208} INFO - Processing /home/airflow/.local/lib/python3.12/site-packages/airflow/example_dags/example_complex.py took 0.068 seconds
