[2025-02-19T13:17:42.684+0000] {processor.py:186} INFO - Started process (PID=117) to work on /home/airflow/.local/lib/python3.12/site-packages/airflow/example_dags/example_branch_operator_decorator.py
[2025-02-19T13:17:42.684+0000] {processor.py:914} INFO - Processing file /home/airflow/.local/lib/python3.12/site-packages/airflow/example_dags/example_branch_operator_decorator.py for tasks to queue
[2025-02-19T13:17:42.686+0000] {logging_mixin.py:190} INFO - [2025-02-19T13:17:42.686+0000] {dagbag.py:588} INFO - Filling up the DagBag from /home/airflow/.local/lib/python3.12/site-packages/airflow/example_dags/example_branch_operator_decorator.py
[2025-02-19T13:17:42.703+0000] {processor.py:925} INFO - DAG(s) 'example_branch_python_operator_decorator' retrieved from /home/airflow/.local/lib/python3.12/site-packages/airflow/example_dags/example_branch_operator_decorator.py
[2025-02-19T13:17:42.789+0000] {logging_mixin.py:190} INFO - [2025-02-19T13:17:42.788+0000] {override.py:1912} INFO - Created Permission View: can read on DAG:example_branch_python_operator_decorator
[2025-02-19T13:17:42.799+0000] {logging_mixin.py:190} INFO - [2025-02-19T13:17:42.799+0000] {override.py:1912} INFO - Created Permission View: can edit on DAG:example_branch_python_operator_decorator
[2025-02-19T13:17:42.807+0000] {logging_mixin.py:190} INFO - [2025-02-19T13:17:42.806+0000] {override.py:1912} INFO - Created Permission View: can delete on DAG:example_branch_python_operator_decorator
[2025-02-19T13:17:42.815+0000] {logging_mixin.py:190} INFO - [2025-02-19T13:17:42.815+0000] {override.py:1912} INFO - Created Permission View: can read on DAG Run:example_branch_python_operator_decorator
[2025-02-19T13:17:42.823+0000] {logging_mixin.py:190} INFO - [2025-02-19T13:17:42.822+0000] {override.py:1912} INFO - Created Permission View: can create on DAG Run:example_branch_python_operator_decorator
[2025-02-19T13:17:42.830+0000] {logging_mixin.py:190} INFO - [2025-02-19T13:17:42.830+0000] {override.py:1912} INFO - Created Permission View: menu access on DAG Run:example_branch_python_operator_decorator
[2025-02-19T13:17:42.837+0000] {logging_mixin.py:190} INFO - [2025-02-19T13:17:42.837+0000] {override.py:1912} INFO - Created Permission View: can delete on DAG Run:example_branch_python_operator_decorator
[2025-02-19T13:17:42.838+0000] {logging_mixin.py:190} INFO - [2025-02-19T13:17:42.838+0000] {dag.py:3239} INFO - Sync 1 DAGs
[2025-02-19T13:17:42.848+0000] {logging_mixin.py:190} INFO - [2025-02-19T13:17:42.848+0000] {dag.py:3262} INFO - Creating ORM DAG for example_branch_python_operator_decorator
[2025-02-19T13:17:42.857+0000] {logging_mixin.py:190} INFO - [2025-02-19T13:17:42.856+0000] {dag.py:4180} INFO - Setting next_dagrun for example_branch_python_operator_decorator to 2025-02-18 00:00:00+00:00, run_after=2025-02-19 00:00:00+00:00
[2025-02-19T13:17:42.872+0000] {processor.py:208} INFO - Processing /home/airflow/.local/lib/python3.12/site-packages/airflow/example_dags/example_branch_operator_decorator.py took 0.193 seconds
[2025-02-19T13:18:12.976+0000] {processor.py:186} INFO - Started process (PID=180) to work on /home/airflow/.local/lib/python3.12/site-packages/airflow/example_dags/example_branch_operator_decorator.py
[2025-02-19T13:18:12.977+0000] {processor.py:914} INFO - Processing file /home/airflow/.local/lib/python3.12/site-packages/airflow/example_dags/example_branch_operator_decorator.py for tasks to queue
[2025-02-19T13:18:12.978+0000] {logging_mixin.py:190} INFO - [2025-02-19T13:18:12.978+0000] {dagbag.py:588} INFO - Filling up the DagBag from /home/airflow/.local/lib/python3.12/site-packages/airflow/example_dags/example_branch_operator_decorator.py
[2025-02-19T13:18:12.994+0000] {processor.py:925} INFO - DAG(s) 'example_branch_python_operator_decorator' retrieved from /home/airflow/.local/lib/python3.12/site-packages/airflow/example_dags/example_branch_operator_decorator.py
[2025-02-19T13:18:13.016+0000] {logging_mixin.py:190} INFO - [2025-02-19T13:18:13.016+0000] {dag.py:3239} INFO - Sync 1 DAGs
[2025-02-19T13:18:13.034+0000] {logging_mixin.py:190} INFO - [2025-02-19T13:18:13.034+0000] {dag.py:4180} INFO - Setting next_dagrun for example_branch_python_operator_decorator to 2025-02-18 00:00:00+00:00, run_after=2025-02-19 00:00:00+00:00
[2025-02-19T13:18:13.050+0000] {processor.py:208} INFO - Processing /home/airflow/.local/lib/python3.12/site-packages/airflow/example_dags/example_branch_operator_decorator.py took 0.078 seconds
