[2025-02-19T13:17:41.390+0000] {processor.py:186} INFO - Started process (PID=104) to work on /home/airflow/.local/lib/python3.12/site-packages/airflow/example_dags/tutorial_taskflow_templates.py
[2025-02-19T13:17:41.391+0000] {processor.py:914} INFO - Processing file /home/airflow/.local/lib/python3.12/site-packages/airflow/example_dags/tutorial_taskflow_templates.py for tasks to queue
[2025-02-19T13:17:41.392+0000] {logging_mixin.py:190} INFO - [2025-02-19T13:17:41.392+0000] {dagbag.py:588} INFO - Filling up the DagBag from /home/airflow/.local/lib/python3.12/site-packages/airflow/example_dags/tutorial_taskflow_templates.py
[2025-02-19T13:17:41.403+0000] {processor.py:925} INFO - DAG(s) 'tutorial_taskflow_templates' retrieved from /home/airflow/.local/lib/python3.12/site-packages/airflow/example_dags/tutorial_taskflow_templates.py
[2025-02-19T13:17:41.489+0000] {logging_mixin.py:190} INFO - [2025-02-19T13:17:41.488+0000] {override.py:1912} INFO - Created Permission View: can read on DAG:tutorial_taskflow_templates
[2025-02-19T13:17:41.497+0000] {logging_mixin.py:190} INFO - [2025-02-19T13:17:41.497+0000] {override.py:1912} INFO - Created Permission View: can edit on DAG:tutorial_taskflow_templates
[2025-02-19T13:17:41.504+0000] {logging_mixin.py:190} INFO - [2025-02-19T13:17:41.504+0000] {override.py:1912} INFO - Created Permission View: can delete on DAG:tutorial_taskflow_templates
[2025-02-19T13:17:41.512+0000] {logging_mixin.py:190} INFO - [2025-02-19T13:17:41.512+0000] {override.py:1912} INFO - Created Permission View: can read on DAG Run:tutorial_taskflow_templates
[2025-02-19T13:17:41.519+0000] {logging_mixin.py:190} INFO - [2025-02-19T13:17:41.519+0000] {override.py:1912} INFO - Created Permission View: can create on DAG Run:tutorial_taskflow_templates
[2025-02-19T13:17:41.525+0000] {logging_mixin.py:190} INFO - [2025-02-19T13:17:41.525+0000] {override.py:1912} INFO - Created Permission View: menu access on DAG Run:tutorial_taskflow_templates
[2025-02-19T13:17:41.532+0000] {logging_mixin.py:190} INFO - [2025-02-19T13:17:41.532+0000] {override.py:1912} INFO - Created Permission View: can delete on DAG Run:tutorial_taskflow_templates
[2025-02-19T13:17:41.533+0000] {logging_mixin.py:190} INFO - [2025-02-19T13:17:41.533+0000] {dag.py:3239} INFO - Sync 1 DAGs
[2025-02-19T13:17:41.543+0000] {logging_mixin.py:190} INFO - [2025-02-19T13:17:41.543+0000] {dag.py:3262} INFO - Creating ORM DAG for tutorial_taskflow_templates
[2025-02-19T13:17:41.551+0000] {logging_mixin.py:190} INFO - [2025-02-19T13:17:41.551+0000] {dag.py:4180} INFO - Setting next_dagrun for tutorial_taskflow_templates to 2025-02-18 00:00:00+00:00, run_after=2025-02-19 00:00:00+00:00
[2025-02-19T13:17:41.564+0000] {processor.py:208} INFO - Processing /home/airflow/.local/lib/python3.12/site-packages/airflow/example_dags/tutorial_taskflow_templates.py took 0.178 seconds
[2025-02-19T13:18:12.359+0000] {processor.py:186} INFO - Started process (PID=167) to work on /home/airflow/.local/lib/python3.12/site-packages/airflow/example_dags/tutorial_taskflow_templates.py
[2025-02-19T13:18:12.359+0000] {processor.py:914} INFO - Processing file /home/airflow/.local/lib/python3.12/site-packages/airflow/example_dags/tutorial_taskflow_templates.py for tasks to queue
[2025-02-19T13:18:12.361+0000] {logging_mixin.py:190} INFO - [2025-02-19T13:18:12.360+0000] {dagbag.py:588} INFO - Filling up the DagBag from /home/airflow/.local/lib/python3.12/site-packages/airflow/example_dags/tutorial_taskflow_templates.py
[2025-02-19T13:18:12.370+0000] {processor.py:925} INFO - DAG(s) 'tutorial_taskflow_templates' retrieved from /home/airflow/.local/lib/python3.12/site-packages/airflow/example_dags/tutorial_taskflow_templates.py
[2025-02-19T13:18:12.386+0000] {logging_mixin.py:190} INFO - [2025-02-19T13:18:12.386+0000] {dag.py:3239} INFO - Sync 1 DAGs
[2025-02-19T13:18:12.403+0000] {logging_mixin.py:190} INFO - [2025-02-19T13:18:12.403+0000] {dag.py:4180} INFO - Setting next_dagrun for tutorial_taskflow_templates to 2025-02-18 00:00:00+00:00, run_after=2025-02-19 00:00:00+00:00
[2025-02-19T13:18:12.419+0000] {processor.py:208} INFO - Processing /home/airflow/.local/lib/python3.12/site-packages/airflow/example_dags/tutorial_taskflow_templates.py took 0.065 seconds
