[2025-02-19T13:17:39.079+0000] {processor.py:186} INFO - Started process (PID=89) to work on /home/airflow/.local/lib/python3.12/site-packages/airflow/example_dags/tutorial_objectstorage.py
[2025-02-19T13:17:39.080+0000] {processor.py:914} INFO - Processing file /home/airflow/.local/lib/python3.12/site-packages/airflow/example_dags/tutorial_objectstorage.py for tasks to queue
[2025-02-19T13:17:39.081+0000] {logging_mixin.py:190} INFO - [2025-02-19T13:17:39.081+0000] {dagbag.py:588} INFO - Filling up the DagBag from /home/airflow/.local/lib/python3.12/site-packages/airflow/example_dags/tutorial_objectstorage.py
[2025-02-19T13:17:39.089+0000] {processor.py:925} INFO - DAG(s) 'tutorial_objectstorage' retrieved from /home/airflow/.local/lib/python3.12/site-packages/airflow/example_dags/tutorial_objectstorage.py
[2025-02-19T13:17:39.180+0000] {logging_mixin.py:190} INFO - [2025-02-19T13:17:39.179+0000] {override.py:1912} INFO - Created Permission View: can read on DAG:tutorial_objectstorage
[2025-02-19T13:17:39.188+0000] {logging_mixin.py:190} INFO - [2025-02-19T13:17:39.188+0000] {override.py:1912} INFO - Created Permission View: can edit on DAG:tutorial_objectstorage
[2025-02-19T13:17:39.194+0000] {logging_mixin.py:190} INFO - [2025-02-19T13:17:39.194+0000] {override.py:1912} INFO - Created Permission View: can delete on DAG:tutorial_objectstorage
[2025-02-19T13:17:39.204+0000] {logging_mixin.py:190} INFO - [2025-02-19T13:17:39.204+0000] {override.py:1912} INFO - Created Permission View: can read on DAG Run:tutorial_objectstorage
[2025-02-19T13:17:39.210+0000] {logging_mixin.py:190} INFO - [2025-02-19T13:17:39.210+0000] {override.py:1912} INFO - Created Permission View: can create on DAG Run:tutorial_objectstorage
[2025-02-19T13:17:39.217+0000] {logging_mixin.py:190} INFO - [2025-02-19T13:17:39.217+0000] {override.py:1912} INFO - Created Permission View: menu access on DAG Run:tutorial_objectstorage
[2025-02-19T13:17:39.223+0000] {logging_mixin.py:190} INFO - [2025-02-19T13:17:39.223+0000] {override.py:1912} INFO - Created Permission View: can delete on DAG Run:tutorial_objectstorage
[2025-02-19T13:17:39.223+0000] {logging_mixin.py:190} INFO - [2025-02-19T13:17:39.223+0000] {dag.py:3239} INFO - Sync 1 DAGs
[2025-02-19T13:17:39.233+0000] {logging_mixin.py:190} INFO - [2025-02-19T13:17:39.233+0000] {dag.py:3262} INFO - Creating ORM DAG for tutorial_objectstorage
[2025-02-19T13:17:39.234+0000] {logging_mixin.py:190} INFO - [2025-02-19T13:17:39.234+0000] {dag.py:4180} INFO - Setting next_dagrun for tutorial_objectstorage to None, run_after=None
[2025-02-19T13:17:39.247+0000] {processor.py:208} INFO - Processing /home/airflow/.local/lib/python3.12/site-packages/airflow/example_dags/tutorial_objectstorage.py took 0.172 seconds
[2025-02-19T13:18:09.986+0000] {processor.py:186} INFO - Started process (PID=152) to work on /home/airflow/.local/lib/python3.12/site-packages/airflow/example_dags/tutorial_objectstorage.py
[2025-02-19T13:18:09.987+0000] {processor.py:914} INFO - Processing file /home/airflow/.local/lib/python3.12/site-packages/airflow/example_dags/tutorial_objectstorage.py for tasks to queue
[2025-02-19T13:18:09.989+0000] {logging_mixin.py:190} INFO - [2025-02-19T13:18:09.989+0000] {dagbag.py:588} INFO - Filling up the DagBag from /home/airflow/.local/lib/python3.12/site-packages/airflow/example_dags/tutorial_objectstorage.py
[2025-02-19T13:18:09.995+0000] {processor.py:925} INFO - DAG(s) 'tutorial_objectstorage' retrieved from /home/airflow/.local/lib/python3.12/site-packages/airflow/example_dags/tutorial_objectstorage.py
[2025-02-19T13:18:10.010+0000] {logging_mixin.py:190} INFO - [2025-02-19T13:18:10.010+0000] {dag.py:3239} INFO - Sync 1 DAGs
[2025-02-19T13:18:10.022+0000] {logging_mixin.py:190} INFO - [2025-02-19T13:18:10.022+0000] {dag.py:4180} INFO - Setting next_dagrun for tutorial_objectstorage to None, run_after=None
[2025-02-19T13:18:10.037+0000] {processor.py:208} INFO - Processing /home/airflow/.local/lib/python3.12/site-packages/airflow/example_dags/tutorial_objectstorage.py took 0.055 seconds
