[2025-02-19T13:17:42.117+0000] {processor.py:186} INFO - Started process (PID=111) to work on /home/airflow/.local/lib/python3.12/site-packages/airflow/example_dags/tutorial_dag.py
[2025-02-19T13:17:42.118+0000] {processor.py:914} INFO - Processing file /home/airflow/.local/lib/python3.12/site-packages/airflow/example_dags/tutorial_dag.py for tasks to queue
[2025-02-19T13:17:42.120+0000] {logging_mixin.py:190} INFO - [2025-02-19T13:17:42.119+0000] {dagbag.py:588} INFO - Filling up the DagBag from /home/airflow/.local/lib/python3.12/site-packages/airflow/example_dags/tutorial_dag.py
[2025-02-19T13:17:42.127+0000] {processor.py:925} INFO - DAG(s) 'tutorial_dag' retrieved from /home/airflow/.local/lib/python3.12/site-packages/airflow/example_dags/tutorial_dag.py
[2025-02-19T13:17:42.207+0000] {logging_mixin.py:190} INFO - [2025-02-19T13:17:42.207+0000] {override.py:1912} INFO - Created Permission View: can read on DAG:tutorial_dag
[2025-02-19T13:17:42.217+0000] {logging_mixin.py:190} INFO - [2025-02-19T13:17:42.217+0000] {override.py:1912} INFO - Created Permission View: can edit on DAG:tutorial_dag
[2025-02-19T13:17:42.224+0000] {logging_mixin.py:190} INFO - [2025-02-19T13:17:42.223+0000] {override.py:1912} INFO - Created Permission View: can delete on DAG:tutorial_dag
[2025-02-19T13:17:42.232+0000] {logging_mixin.py:190} INFO - [2025-02-19T13:17:42.232+0000] {override.py:1912} INFO - Created Permission View: can read on DAG Run:tutorial_dag
[2025-02-19T13:17:42.238+0000] {logging_mixin.py:190} INFO - [2025-02-19T13:17:42.238+0000] {override.py:1912} INFO - Created Permission View: can create on DAG Run:tutorial_dag
[2025-02-19T13:17:42.245+0000] {logging_mixin.py:190} INFO - [2025-02-19T13:17:42.244+0000] {override.py:1912} INFO - Created Permission View: menu access on DAG Run:tutorial_dag
[2025-02-19T13:17:42.251+0000] {logging_mixin.py:190} INFO - [2025-02-19T13:17:42.251+0000] {override.py:1912} INFO - Created Permission View: can delete on DAG Run:tutorial_dag
[2025-02-19T13:17:42.251+0000] {logging_mixin.py:190} INFO - [2025-02-19T13:17:42.251+0000] {dag.py:3239} INFO - Sync 1 DAGs
[2025-02-19T13:17:42.260+0000] {logging_mixin.py:190} INFO - [2025-02-19T13:17:42.260+0000] {dag.py:3262} INFO - Creating ORM DAG for tutorial_dag
[2025-02-19T13:17:42.261+0000] {logging_mixin.py:190} INFO - [2025-02-19T13:17:42.261+0000] {dag.py:4180} INFO - Setting next_dagrun for tutorial_dag to None, run_after=None
[2025-02-19T13:17:42.273+0000] {processor.py:208} INFO - Processing /home/airflow/.local/lib/python3.12/site-packages/airflow/example_dags/tutorial_dag.py took 0.160 seconds
[2025-02-19T13:18:12.726+0000] {processor.py:186} INFO - Started process (PID=174) to work on /home/airflow/.local/lib/python3.12/site-packages/airflow/example_dags/tutorial_dag.py
[2025-02-19T13:18:12.727+0000] {processor.py:914} INFO - Processing file /home/airflow/.local/lib/python3.12/site-packages/airflow/example_dags/tutorial_dag.py for tasks to queue
[2025-02-19T13:18:12.729+0000] {logging_mixin.py:190} INFO - [2025-02-19T13:18:12.728+0000] {dagbag.py:588} INFO - Filling up the DagBag from /home/airflow/.local/lib/python3.12/site-packages/airflow/example_dags/tutorial_dag.py
[2025-02-19T13:18:12.735+0000] {processor.py:925} INFO - DAG(s) 'tutorial_dag' retrieved from /home/airflow/.local/lib/python3.12/site-packages/airflow/example_dags/tutorial_dag.py
[2025-02-19T13:18:12.750+0000] {logging_mixin.py:190} INFO - [2025-02-19T13:18:12.750+0000] {dag.py:3239} INFO - Sync 1 DAGs
[2025-02-19T13:18:12.762+0000] {logging_mixin.py:190} INFO - [2025-02-19T13:18:12.762+0000] {dag.py:4180} INFO - Setting next_dagrun for tutorial_dag to None, run_after=None
[2025-02-19T13:18:12.778+0000] {processor.py:208} INFO - Processing /home/airflow/.local/lib/python3.12/site-packages/airflow/example_dags/tutorial_dag.py took 0.057 seconds
