[2025-02-19T13:17:38.465+0000] {processor.py:186} INFO - Started process (PID=84) to work on /home/airflow/.local/lib/python3.12/site-packages/airflow/example_dags/tutorial.py
[2025-02-19T13:17:38.466+0000] {processor.py:914} INFO - Processing file /home/airflow/.local/lib/python3.12/site-packages/airflow/example_dags/tutorial.py for tasks to queue
[2025-02-19T13:17:38.468+0000] {logging_mixin.py:190} INFO - [2025-02-19T13:17:38.467+0000] {dagbag.py:588} INFO - Filling up the DagBag from /home/airflow/.local/lib/python3.12/site-packages/airflow/example_dags/tutorial.py
[2025-02-19T13:17:38.478+0000] {processor.py:925} INFO - DAG(s) 'tutorial' retrieved from /home/airflow/.local/lib/python3.12/site-packages/airflow/example_dags/tutorial.py
[2025-02-19T13:17:38.570+0000] {logging_mixin.py:190} INFO - [2025-02-19T13:17:38.569+0000] {override.py:1912} INFO - Created Permission View: can read on DAG:tutorial
[2025-02-19T13:17:38.578+0000] {logging_mixin.py:190} INFO - [2025-02-19T13:17:38.578+0000] {override.py:1912} INFO - Created Permission View: can edit on DAG:tutorial
[2025-02-19T13:17:38.585+0000] {logging_mixin.py:190} INFO - [2025-02-19T13:17:38.585+0000] {override.py:1912} INFO - Created Permission View: can delete on DAG:tutorial
[2025-02-19T13:17:38.595+0000] {logging_mixin.py:190} INFO - [2025-02-19T13:17:38.594+0000] {override.py:1912} INFO - Created Permission View: can read on DAG Run:tutorial
[2025-02-19T13:17:38.602+0000] {logging_mixin.py:190} INFO - [2025-02-19T13:17:38.602+0000] {override.py:1912} INFO - Created Permission View: can create on DAG Run:tutorial
[2025-02-19T13:17:38.608+0000] {logging_mixin.py:190} INFO - [2025-02-19T13:17:38.608+0000] {override.py:1912} INFO - Created Permission View: menu access on DAG Run:tutorial
[2025-02-19T13:17:38.615+0000] {logging_mixin.py:190} INFO - [2025-02-19T13:17:38.614+0000] {override.py:1912} INFO - Created Permission View: can delete on DAG Run:tutorial
[2025-02-19T13:17:38.615+0000] {logging_mixin.py:190} INFO - [2025-02-19T13:17:38.615+0000] {dag.py:3239} INFO - Sync 1 DAGs
[2025-02-19T13:17:38.626+0000] {logging_mixin.py:190} INFO - [2025-02-19T13:17:38.626+0000] {dag.py:3262} INFO - Creating ORM DAG for tutorial
[2025-02-19T13:17:38.634+0000] {logging_mixin.py:190} INFO - [2025-02-19T13:17:38.634+0000] {dag.py:4180} INFO - Setting next_dagrun for tutorial to 2025-02-18 00:00:00+00:00, run_after=2025-02-19 00:00:00+00:00
[2025-02-19T13:17:38.648+0000] {processor.py:208} INFO - Processing /home/airflow/.local/lib/python3.12/site-packages/airflow/example_dags/tutorial.py took 0.188 seconds
[2025-02-19T13:18:09.576+0000] {processor.py:186} INFO - Started process (PID=147) to work on /home/airflow/.local/lib/python3.12/site-packages/airflow/example_dags/tutorial.py
[2025-02-19T13:18:09.576+0000] {processor.py:914} INFO - Processing file /home/airflow/.local/lib/python3.12/site-packages/airflow/example_dags/tutorial.py for tasks to queue
[2025-02-19T13:18:09.578+0000] {logging_mixin.py:190} INFO - [2025-02-19T13:18:09.578+0000] {dagbag.py:588} INFO - Filling up the DagBag from /home/airflow/.local/lib/python3.12/site-packages/airflow/example_dags/tutorial.py
[2025-02-19T13:18:09.583+0000] {processor.py:925} INFO - DAG(s) 'tutorial' retrieved from /home/airflow/.local/lib/python3.12/site-packages/airflow/example_dags/tutorial.py
[2025-02-19T13:18:09.598+0000] {logging_mixin.py:190} INFO - [2025-02-19T13:18:09.598+0000] {dag.py:3239} INFO - Sync 1 DAGs
[2025-02-19T13:18:09.615+0000] {logging_mixin.py:190} INFO - [2025-02-19T13:18:09.615+0000] {dag.py:4180} INFO - Setting next_dagrun for tutorial to 2025-02-18 00:00:00+00:00, run_after=2025-02-19 00:00:00+00:00
[2025-02-19T13:18:09.630+0000] {processor.py:208} INFO - Processing /home/airflow/.local/lib/python3.12/site-packages/airflow/example_dags/tutorial.py took 0.058 seconds
