[2025-02-19T13:17:37.191+0000] {processor.py:186} INFO - Started process (PID=71) to work on /home/airflow/.local/lib/python3.12/site-packages/airflow/example_dags/tutorial_taskflow_api.py
[2025-02-19T13:17:37.192+0000] {processor.py:914} INFO - Processing file /home/airflow/.local/lib/python3.12/site-packages/airflow/example_dags/tutorial_taskflow_api.py for tasks to queue
[2025-02-19T13:17:37.194+0000] {logging_mixin.py:190} INFO - [2025-02-19T13:17:37.193+0000] {dagbag.py:588} INFO - Filling up the DagBag from /home/airflow/.local/lib/python3.12/site-packages/airflow/example_dags/tutorial_taskflow_api.py
[2025-02-19T13:17:37.201+0000] {processor.py:925} INFO - DAG(s) 'tutorial_taskflow_api' retrieved from /home/airflow/.local/lib/python3.12/site-packages/airflow/example_dags/tutorial_taskflow_api.py
[2025-02-19T13:17:37.289+0000] {logging_mixin.py:190} INFO - [2025-02-19T13:17:37.288+0000] {override.py:1912} INFO - Created Permission View: can read on DAG:tutorial_taskflow_api
[2025-02-19T13:17:37.298+0000] {logging_mixin.py:190} INFO - [2025-02-19T13:17:37.297+0000] {override.py:1912} INFO - Created Permission View: can edit on DAG:tutorial_taskflow_api
[2025-02-19T13:17:37.303+0000] {logging_mixin.py:190} INFO - [2025-02-19T13:17:37.303+0000] {override.py:1912} INFO - Created Permission View: can delete on DAG:tutorial_taskflow_api
[2025-02-19T13:17:37.312+0000] {logging_mixin.py:190} INFO - [2025-02-19T13:17:37.312+0000] {override.py:1912} INFO - Created Permission View: can read on DAG Run:tutorial_taskflow_api
[2025-02-19T13:17:37.318+0000] {logging_mixin.py:190} INFO - [2025-02-19T13:17:37.318+0000] {override.py:1912} INFO - Created Permission View: can create on DAG Run:tutorial_taskflow_api
[2025-02-19T13:17:37.326+0000] {logging_mixin.py:190} INFO - [2025-02-19T13:17:37.326+0000] {override.py:1912} INFO - Created Permission View: menu access on DAG Run:tutorial_taskflow_api
[2025-02-19T13:17:37.332+0000] {logging_mixin.py:190} INFO - [2025-02-19T13:17:37.332+0000] {override.py:1912} INFO - Created Permission View: can delete on DAG Run:tutorial_taskflow_api
[2025-02-19T13:17:37.333+0000] {logging_mixin.py:190} INFO - [2025-02-19T13:17:37.332+0000] {dag.py:3239} INFO - Sync 1 DAGs
[2025-02-19T13:17:37.343+0000] {logging_mixin.py:190} INFO - [2025-02-19T13:17:37.343+0000] {dag.py:3262} INFO - Creating ORM DAG for tutorial_taskflow_api
[2025-02-19T13:17:37.343+0000] {logging_mixin.py:190} INFO - [2025-02-19T13:17:37.343+0000] {dag.py:4180} INFO - Setting next_dagrun for tutorial_taskflow_api to None, run_after=None
[2025-02-19T13:17:37.357+0000] {processor.py:208} INFO - Processing /home/airflow/.local/lib/python3.12/site-packages/airflow/example_dags/tutorial_taskflow_api.py took 0.171 seconds
[2025-02-19T13:18:08.338+0000] {processor.py:186} INFO - Started process (PID=140) to work on /home/airflow/.local/lib/python3.12/site-packages/airflow/example_dags/tutorial_taskflow_api.py
[2025-02-19T13:18:08.339+0000] {processor.py:914} INFO - Processing file /home/airflow/.local/lib/python3.12/site-packages/airflow/example_dags/tutorial_taskflow_api.py for tasks to queue
[2025-02-19T13:18:08.340+0000] {logging_mixin.py:190} INFO - [2025-02-19T13:18:08.340+0000] {dagbag.py:588} INFO - Filling up the DagBag from /home/airflow/.local/lib/python3.12/site-packages/airflow/example_dags/tutorial_taskflow_api.py
[2025-02-19T13:18:08.347+0000] {processor.py:925} INFO - DAG(s) 'tutorial_taskflow_api' retrieved from /home/airflow/.local/lib/python3.12/site-packages/airflow/example_dags/tutorial_taskflow_api.py
[2025-02-19T13:18:08.361+0000] {logging_mixin.py:190} INFO - [2025-02-19T13:18:08.361+0000] {dag.py:3239} INFO - Sync 1 DAGs
[2025-02-19T13:18:08.372+0000] {logging_mixin.py:190} INFO - [2025-02-19T13:18:08.372+0000] {dag.py:4180} INFO - Setting next_dagrun for tutorial_taskflow_api to None, run_after=None
[2025-02-19T13:18:08.387+0000] {processor.py:208} INFO - Processing /home/airflow/.local/lib/python3.12/site-packages/airflow/example_dags/tutorial_taskflow_api.py took 0.054 seconds
