[2025-02-19T16:23:56.844+0000] {local_task_job_runner.py:123} INFO - ::group::Pre task execution logs
[2025-02-19T16:23:56.860+0000] {taskinstance.py:2614} INFO - Dependencies all met for dep_context=non-requeueable deps ti=<TaskInstance: covid_dag.transform_file manual__2025-02-19T16:23:50.497057+00:00 [queued]>
[2025-02-19T16:23:56.866+0000] {taskinstance.py:2614} INFO - Dependencies all met for dep_context=requeueable deps ti=<TaskInstance: covid_dag.transform_file manual__2025-02-19T16:23:50.497057+00:00 [queued]>
[2025-02-19T16:23:56.866+0000] {taskinstance.py:2867} INFO - Starting attempt 1 of 1
[2025-02-19T16:23:56.877+0000] {taskinstance.py:2890} INFO - Executing <Task(PythonOperator): transform_file> on 2025-02-19 16:23:50.497057+00:00
[2025-02-19T16:23:56.884+0000] {warnings.py:112} WARNING - /home/***/.local/lib/python3.12/site-packages/***/task/task_runner/standard_task_runner.py:70: DeprecationWarning: This process (pid=1261) is multi-threaded, use of fork() may lead to deadlocks in the child.
  pid = os.fork()

[2025-02-19T16:23:56.885+0000] {standard_task_runner.py:72} INFO - Started process 1263 to run task
[2025-02-19T16:23:56.886+0000] {standard_task_runner.py:104} INFO - Running: ['***', 'tasks', 'run', 'covid_dag', 'transform_file', 'manual__2025-02-19T16:23:50.497057+00:00', '--job-id', '30', '--raw', '--subdir', 'DAGS_FOLDER/covid_dag.py', '--cfg-path', '/tmp/tmpbel4bc77']
[2025-02-19T16:23:56.887+0000] {standard_task_runner.py:105} INFO - Job 30: Subtask transform_file
[2025-02-19T16:23:56.922+0000] {task_command.py:467} INFO - Running <TaskInstance: covid_dag.transform_file manual__2025-02-19T16:23:50.497057+00:00 [running]> on host 539a2c5d6322
[2025-02-19T16:23:56.983+0000] {taskinstance.py:3134} INFO - Exporting env vars: AIRFLOW_CTX_DAG_OWNER='***' AIRFLOW_CTX_DAG_ID='covid_dag' AIRFLOW_CTX_TASK_ID='transform_file' AIRFLOW_CTX_EXECUTION_DATE='2025-02-19T16:23:50.497057+00:00' AIRFLOW_CTX_TRY_NUMBER='1' AIRFLOW_CTX_DAG_RUN_ID='manual__2025-02-19T16:23:50.497057+00:00'
[2025-02-19T16:23:56.984+0000] {taskinstance.py:732} INFO - ::endgroup::
[2025-02-19T16:23:59.125+0000] {covid_dag.py:22} INFO - Data saved in hospitalisation.csv 🥳
[2025-02-19T16:24:00.367+0000] {python.py:240} INFO - Done. Returned value was: None
[2025-02-19T16:24:00.376+0000] {taskinstance.py:341} INFO - ::group::Post task execution logs
[2025-02-19T16:24:00.377+0000] {taskinstance.py:353} INFO - Marking task as SUCCESS. dag_id=covid_dag, task_id=transform_file, run_id=manual__2025-02-19T16:23:50.497057+00:00, execution_date=20250219T162350, start_date=20250219T162356, end_date=20250219T162400
[2025-02-19T16:24:00.429+0000] {local_task_job_runner.py:266} INFO - Task exited with return code 0
[2025-02-19T16:24:00.442+0000] {taskinstance.py:3901} INFO - 0 downstream tasks scheduled from follow-on schedule check
[2025-02-19T16:24:00.445+0000] {local_task_job_runner.py:245} INFO - ::endgroup::
